{"/home/ahmedmuhi/projects/whisper-transcribe/js/api-client.js": {"path":"/home/ahmedmuhi/projects/whisper-transcribe/js/api-client.js","all":false,"statementMap":{"0":{"start":{"line":1,"column":0},"end":{"line":1,"column":3}},"1":{"start":{"line":2,"column":0},"end":{"line":2,"column":74}},"2":{"start":{"line":3,"column":0},"end":{"line":3,"column":90}},"3":{"start":{"line":4,"column":0},"end":{"line":4,"column":3}},"4":{"start":{"line":5,"column":0},"end":{"line":5,"column":25}},"5":{"start":{"line":6,"column":0},"end":{"line":6,"column":21}},"6":{"start":{"line":7,"column":0},"end":{"line":7,"column":22}},"7":{"start":{"line":8,"column":0},"end":{"line":8,"column":15}},"8":{"start":{"line":9,"column":0},"end":{"line":9,"column":3}},"10":{"start":{"line":11,"column":0},"end":{"line":11,"column":92}},"11":{"start":{"line":12,"column":0},"end":{"line":12,"column":56}},"12":{"start":{"line":13,"column":0},"end":{"line":13,"column":39}},"13":{"start":{"line":14,"column":0},"end":{"line":14,"column":52}},"15":{"start":{"line":16,"column":0},"end":{"line":16,"column":3}},"16":{"start":{"line":17,"column":0},"end":{"line":17,"column":67}},"17":{"start":{"line":18,"column":0},"end":{"line":18,"column":91}},"18":{"start":{"line":19,"column":0},"end":{"line":19,"column":3}},"19":{"start":{"line":20,"column":0},"end":{"line":20,"column":24}},"20":{"start":{"line":21,"column":0},"end":{"line":21,"column":38}},"21":{"start":{"line":22,"column":0},"end":{"line":22,"column":40}},"22":{"start":{"line":23,"column":0},"end":{"line":23,"column":38}},"23":{"start":{"line":24,"column":0},"end":{"line":24,"column":3}},"24":{"start":{"line":25,"column":0},"end":{"line":25,"column":11}},"25":{"start":{"line":26,"column":0},"end":{"line":26,"column":50}},"26":{"start":{"line":27,"column":0},"end":{"line":27,"column":3}},"27":{"start":{"line":28,"column":0},"end":{"line":28,"column":8}},"28":{"start":{"line":29,"column":0},"end":{"line":29,"column":71}},"29":{"start":{"line":30,"column":0},"end":{"line":30,"column":53}},"30":{"start":{"line":31,"column":0},"end":{"line":31,"column":8}},"31":{"start":{"line":32,"column":0},"end":{"line":32,"column":58}},"32":{"start":{"line":33,"column":0},"end":{"line":33,"column":20}},"33":{"start":{"line":34,"column":0},"end":{"line":34,"column":58}},"34":{"start":{"line":35,"column":0},"end":{"line":35,"column":4}},"35":{"start":{"line":36,"column":0},"end":{"line":36,"column":3}},"36":{"start":{"line":37,"column":0},"end":{"line":37,"column":29}},"37":{"start":{"line":38,"column":0},"end":{"line":38,"column":7}},"38":{"start":{"line":39,"column":0},"end":{"line":39,"column":45}},"39":{"start":{"line":40,"column":0},"end":{"line":40,"column":7}},"40":{"start":{"line":41,"column":0},"end":{"line":41,"column":83}},"41":{"start":{"line":42,"column":0},"end":{"line":42,"column":7}},"42":{"start":{"line":43,"column":0},"end":{"line":43,"column":27}},"43":{"start":{"line":44,"column":0},"end":{"line":44,"column":33}},"44":{"start":{"line":45,"column":0},"end":{"line":45,"column":5}},"45":{"start":{"line":46,"column":0},"end":{"line":46,"column":4}},"46":{"start":{"line":47,"column":0},"end":{"line":47,"column":7}},"47":{"start":{"line":48,"column":0},"end":{"line":48,"column":76}},"48":{"start":{"line":49,"column":0},"end":{"line":49,"column":88}},"49":{"start":{"line":50,"column":0},"end":{"line":50,"column":7}},"50":{"start":{"line":51,"column":0},"end":{"line":51,"column":13}},"51":{"start":{"line":52,"column":0},"end":{"line":52,"column":25}},"52":{"start":{"line":53,"column":0},"end":{"line":53,"column":83}},"53":{"start":{"line":54,"column":0},"end":{"line":54,"column":85}},"54":{"start":{"line":55,"column":0},"end":{"line":55,"column":75}},"55":{"start":{"line":56,"column":0},"end":{"line":56,"column":61}},"56":{"start":{"line":57,"column":0},"end":{"line":57,"column":63}},"57":{"start":{"line":58,"column":0},"end":{"line":58,"column":68}},"58":{"start":{"line":59,"column":0},"end":{"line":59,"column":67}},"59":{"start":{"line":60,"column":0},"end":{"line":60,"column":69}},"60":{"start":{"line":61,"column":0},"end":{"line":61,"column":42}},"61":{"start":{"line":62,"column":0},"end":{"line":62,"column":44}},"62":{"start":{"line":63,"column":0},"end":{"line":63,"column":42}},"63":{"start":{"line":64,"column":0},"end":{"line":64,"column":7}},"64":{"start":{"line":65,"column":0},"end":{"line":65,"column":15}},"65":{"start":{"line":66,"column":0},"end":{"line":66,"column":29}},"66":{"start":{"line":67,"column":0},"end":{"line":67,"column":60}},"67":{"start":{"line":68,"column":0},"end":{"line":68,"column":57}},"68":{"start":{"line":69,"column":0},"end":{"line":69,"column":7}},"69":{"start":{"line":70,"column":0},"end":{"line":70,"column":15}},"70":{"start":{"line":71,"column":0},"end":{"line":71,"column":32}},"71":{"start":{"line":72,"column":0},"end":{"line":72,"column":73}},"72":{"start":{"line":73,"column":0},"end":{"line":73,"column":32}},"73":{"start":{"line":74,"column":0},"end":{"line":74,"column":10}},"74":{"start":{"line":75,"column":0},"end":{"line":75,"column":7}},"75":{"start":{"line":76,"column":0},"end":{"line":76,"column":45}},"76":{"start":{"line":77,"column":0},"end":{"line":77,"column":54}},"77":{"start":{"line":78,"column":0},"end":{"line":78,"column":8}},"78":{"start":{"line":79,"column":0},"end":{"line":79,"column":44}},"79":{"start":{"line":80,"column":0},"end":{"line":80,"column":63}},"80":{"start":{"line":81,"column":0},"end":{"line":81,"column":9}},"81":{"start":{"line":82,"column":0},"end":{"line":82,"column":8}},"82":{"start":{"line":83,"column":0},"end":{"line":83,"column":40}},"83":{"start":{"line":84,"column":0},"end":{"line":84,"column":70}},"84":{"start":{"line":85,"column":0},"end":{"line":85,"column":51}},"85":{"start":{"line":86,"column":0},"end":{"line":86,"column":67}},"86":{"start":{"line":87,"column":0},"end":{"line":87,"column":9}},"87":{"start":{"line":88,"column":0},"end":{"line":88,"column":8}},"88":{"start":{"line":89,"column":0},"end":{"line":89,"column":61}},"89":{"start":{"line":90,"column":0},"end":{"line":90,"column":51}},"90":{"start":{"line":91,"column":0},"end":{"line":91,"column":64}},"91":{"start":{"line":92,"column":0},"end":{"line":92,"column":57}},"92":{"start":{"line":93,"column":0},"end":{"line":93,"column":9}},"93":{"start":{"line":94,"column":0},"end":{"line":94,"column":8}},"94":{"start":{"line":95,"column":0},"end":{"line":95,"column":13}},"95":{"start":{"line":96,"column":0},"end":{"line":96,"column":63}},"96":{"start":{"line":97,"column":0},"end":{"line":97,"column":46}},"97":{"start":{"line":98,"column":0},"end":{"line":98,"column":42}},"98":{"start":{"line":99,"column":0},"end":{"line":99,"column":16}},"99":{"start":{"line":100,"column":0},"end":{"line":100,"column":29}},"100":{"start":{"line":101,"column":0},"end":{"line":101,"column":42}},"101":{"start":{"line":102,"column":0},"end":{"line":102,"column":13}},"102":{"start":{"line":103,"column":0},"end":{"line":103,"column":12}},"103":{"start":{"line":104,"column":0},"end":{"line":104,"column":57}},"104":{"start":{"line":105,"column":0},"end":{"line":105,"column":36}},"105":{"start":{"line":106,"column":0},"end":{"line":106,"column":38}},"106":{"start":{"line":107,"column":0},"end":{"line":107,"column":15}},"107":{"start":{"line":108,"column":0},"end":{"line":108,"column":12}},"108":{"start":{"line":109,"column":0},"end":{"line":109,"column":54}},"109":{"start":{"line":110,"column":0},"end":{"line":110,"column":31}},"110":{"start":{"line":111,"column":0},"end":{"line":111,"column":72}},"111":{"start":{"line":112,"column":0},"end":{"line":112,"column":30}},"112":{"start":{"line":113,"column":0},"end":{"line":113,"column":15}},"113":{"start":{"line":114,"column":0},"end":{"line":114,"column":12}},"114":{"start":{"line":115,"column":0},"end":{"line":115,"column":31}},"115":{"start":{"line":116,"column":0},"end":{"line":116,"column":56}},"116":{"start":{"line":117,"column":0},"end":{"line":117,"column":65}},"117":{"start":{"line":118,"column":0},"end":{"line":118,"column":65}},"118":{"start":{"line":119,"column":0},"end":{"line":119,"column":89}},"119":{"start":{"line":120,"column":0},"end":{"line":120,"column":46}},"120":{"start":{"line":121,"column":0},"end":{"line":121,"column":123}},"121":{"start":{"line":122,"column":0},"end":{"line":122,"column":69}},"122":{"start":{"line":123,"column":0},"end":{"line":123,"column":61}},"123":{"start":{"line":124,"column":0},"end":{"line":124,"column":44}},"124":{"start":{"line":125,"column":0},"end":{"line":125,"column":41}},"125":{"start":{"line":126,"column":0},"end":{"line":126,"column":38}},"126":{"start":{"line":127,"column":0},"end":{"line":127,"column":19}},"127":{"start":{"line":128,"column":0},"end":{"line":128,"column":28}},"128":{"start":{"line":129,"column":0},"end":{"line":129,"column":13}},"129":{"start":{"line":130,"column":0},"end":{"line":130,"column":12}},"130":{"start":{"line":131,"column":0},"end":{"line":131,"column":75}},"131":{"start":{"line":132,"column":0},"end":{"line":132,"column":65}},"132":{"start":{"line":133,"column":0},"end":{"line":133,"column":39}},"133":{"start":{"line":134,"column":0},"end":{"line":134,"column":40}},"134":{"start":{"line":135,"column":0},"end":{"line":135,"column":73}},"135":{"start":{"line":136,"column":0},"end":{"line":136,"column":12}},"136":{"start":{"line":137,"column":0},"end":{"line":137,"column":59}},"137":{"start":{"line":138,"column":0},"end":{"line":138,"column":36}},"138":{"start":{"line":139,"column":0},"end":{"line":139,"column":57}},"139":{"start":{"line":140,"column":0},"end":{"line":140,"column":15}},"140":{"start":{"line":141,"column":0},"end":{"line":141,"column":12}},"141":{"start":{"line":142,"column":0},"end":{"line":142,"column":33}},"142":{"start":{"line":143,"column":0},"end":{"line":143,"column":12}},"143":{"start":{"line":144,"column":0},"end":{"line":144,"column":25}},"144":{"start":{"line":145,"column":0},"end":{"line":145,"column":52}},"145":{"start":{"line":146,"column":0},"end":{"line":146,"column":74}},"146":{"start":{"line":147,"column":0},"end":{"line":147,"column":65}},"147":{"start":{"line":148,"column":0},"end":{"line":148,"column":57}},"148":{"start":{"line":149,"column":0},"end":{"line":149,"column":36}},"149":{"start":{"line":150,"column":0},"end":{"line":150,"column":15}},"150":{"start":{"line":151,"column":0},"end":{"line":151,"column":24}},"151":{"start":{"line":152,"column":0},"end":{"line":152,"column":9}},"152":{"start":{"line":153,"column":0},"end":{"line":153,"column":5}},"153":{"start":{"line":154,"column":0},"end":{"line":154,"column":4}},"154":{"start":{"line":155,"column":0},"end":{"line":155,"column":7}},"155":{"start":{"line":156,"column":0},"end":{"line":156,"column":76}},"156":{"start":{"line":157,"column":0},"end":{"line":157,"column":87}},"157":{"start":{"line":158,"column":0},"end":{"line":158,"column":7}},"158":{"start":{"line":159,"column":0},"end":{"line":159,"column":28}},"159":{"start":{"line":160,"column":0},"end":{"line":160,"column":63}},"160":{"start":{"line":161,"column":0},"end":{"line":161,"column":75}},"161":{"start":{"line":162,"column":0},"end":{"line":162,"column":50}},"162":{"start":{"line":163,"column":0},"end":{"line":163,"column":59}},"163":{"start":{"line":164,"column":0},"end":{"line":164,"column":7}},"164":{"start":{"line":165,"column":0},"end":{"line":165,"column":15}},"165":{"start":{"line":166,"column":0},"end":{"line":166,"column":23}},"166":{"start":{"line":167,"column":0},"end":{"line":167,"column":70}},"167":{"start":{"line":168,"column":0},"end":{"line":168,"column":7}},"168":{"start":{"line":169,"column":0},"end":{"line":169,"column":17}},"169":{"start":{"line":170,"column":0},"end":{"line":170,"column":37}},"170":{"start":{"line":171,"column":0},"end":{"line":171,"column":45}},"171":{"start":{"line":172,"column":0},"end":{"line":172,"column":57}},"172":{"start":{"line":173,"column":0},"end":{"line":173,"column":31}},"173":{"start":{"line":174,"column":0},"end":{"line":174,"column":7}},"174":{"start":{"line":175,"column":0},"end":{"line":175,"column":32}},"175":{"start":{"line":176,"column":0},"end":{"line":176,"column":24}},"176":{"start":{"line":177,"column":0},"end":{"line":177,"column":39}},"177":{"start":{"line":178,"column":0},"end":{"line":178,"column":31}},"178":{"start":{"line":179,"column":0},"end":{"line":179,"column":9}},"180":{"start":{"line":181,"column":0},"end":{"line":181,"column":40}},"181":{"start":{"line":182,"column":0},"end":{"line":182,"column":61}},"182":{"start":{"line":183,"column":0},"end":{"line":183,"column":54}},"183":{"start":{"line":184,"column":0},"end":{"line":184,"column":64}},"184":{"start":{"line":185,"column":0},"end":{"line":185,"column":31}},"185":{"start":{"line":186,"column":0},"end":{"line":186,"column":46}},"186":{"start":{"line":187,"column":0},"end":{"line":187,"column":29}},"187":{"start":{"line":188,"column":0},"end":{"line":188,"column":9}},"189":{"start":{"line":190,"column":0},"end":{"line":190,"column":55}},"190":{"start":{"line":191,"column":0},"end":{"line":191,"column":5}},"191":{"start":{"line":192,"column":0},"end":{"line":192,"column":4}},"192":{"start":{"line":193,"column":0},"end":{"line":193,"column":7}},"193":{"start":{"line":194,"column":0},"end":{"line":194,"column":89}},"194":{"start":{"line":195,"column":0},"end":{"line":195,"column":7}},"195":{"start":{"line":196,"column":0},"end":{"line":196,"column":29}},"196":{"start":{"line":197,"column":0},"end":{"line":197,"column":95}},"197":{"start":{"line":198,"column":0},"end":{"line":198,"column":64}},"198":{"start":{"line":199,"column":0},"end":{"line":199,"column":7}},"199":{"start":{"line":200,"column":0},"end":{"line":200,"column":22}},"200":{"start":{"line":201,"column":0},"end":{"line":201,"column":54}},"201":{"start":{"line":202,"column":0},"end":{"line":202,"column":8}},"202":{"start":{"line":203,"column":0},"end":{"line":203,"column":29}},"203":{"start":{"line":204,"column":0},"end":{"line":204,"column":84}},"204":{"start":{"line":205,"column":0},"end":{"line":205,"column":101}},"205":{"start":{"line":206,"column":0},"end":{"line":206,"column":24}},"206":{"start":{"line":207,"column":0},"end":{"line":207,"column":9}},"207":{"start":{"line":208,"column":0},"end":{"line":208,"column":8}},"208":{"start":{"line":209,"column":0},"end":{"line":209,"column":26}},"209":{"start":{"line":210,"column":0},"end":{"line":210,"column":80}},"210":{"start":{"line":211,"column":0},"end":{"line":211,"column":98}},"211":{"start":{"line":212,"column":0},"end":{"line":212,"column":24}},"212":{"start":{"line":213,"column":0},"end":{"line":213,"column":9}},"213":{"start":{"line":214,"column":0},"end":{"line":214,"column":8}},"214":{"start":{"line":215,"column":0},"end":{"line":215,"column":31}},"215":{"start":{"line":216,"column":0},"end":{"line":216,"column":13}},"216":{"start":{"line":217,"column":0},"end":{"line":217,"column":32}},"217":{"start":{"line":218,"column":0},"end":{"line":218,"column":17}},"218":{"start":{"line":219,"column":0},"end":{"line":219,"column":90}},"219":{"start":{"line":220,"column":0},"end":{"line":220,"column":103}},"220":{"start":{"line":221,"column":0},"end":{"line":221,"column":24}},"221":{"start":{"line":222,"column":0},"end":{"line":222,"column":9}},"222":{"start":{"line":223,"column":0},"end":{"line":223,"column":8}},"223":{"start":{"line":224,"column":0},"end":{"line":224,"column":22}},"224":{"start":{"line":225,"column":0},"end":{"line":225,"column":5}},"225":{"start":{"line":226,"column":0},"end":{"line":226,"column":1}}},"s":{"0":1,"1":1,"2":1,"3":1,"4":1,"5":1,"6":1,"7":1,"8":1,"10":1,"11":1,"12":1,"13":1,"15":1,"16":1,"17":1,"18":1,"19":1,"20":1,"21":1,"22":1,"23":1,"24":1,"25":1,"26":1,"27":1,"28":1,"29":1,"30":1,"31":1,"32":1,"33":1,"34":1,"35":1,"36":1,"37":1,"38":1,"39":1,"40":1,"41":1,"42":1,"43":36,"44":36,"45":1,"46":1,"47":1,"48":1,"49":1,"50":1,"51":1,"52":1,"53":1,"54":1,"55":1,"56":1,"57":1,"58":1,"59":1,"60":1,"61":1,"62":1,"63":1,"64":1,"65":1,"66":1,"67":1,"68":1,"69":1,"70":1,"71":1,"72":1,"73":1,"74":1,"75":1,"76":17,"77":17,"78":17,"79":2,"80":2,"81":15,"82":15,"83":15,"84":15,"85":15,"86":15,"87":15,"88":15,"89":17,"90":0,"91":0,"92":0,"93":15,"94":15,"95":15,"96":17,"97":17,"98":17,"99":17,"100":1,"101":1,"102":15,"103":15,"104":15,"105":15,"106":15,"107":15,"108":15,"109":15,"110":15,"111":15,"112":15,"113":12,"114":17,"115":7,"116":7,"117":7,"118":7,"119":7,"120":7,"121":7,"122":7,"123":7,"124":7,"125":7,"126":7,"127":7,"128":7,"129":5,"130":17,"131":17,"132":17,"133":17,"134":1,"135":1,"136":1,"137":1,"138":1,"139":1,"140":1,"141":1,"142":1,"143":17,"144":12,"145":12,"146":12,"147":12,"148":12,"149":12,"150":12,"151":12,"152":17,"153":1,"154":1,"155":1,"156":1,"157":1,"158":1,"159":1,"160":1,"161":1,"162":1,"163":1,"164":1,"165":1,"166":1,"167":1,"168":1,"169":1,"170":1,"171":1,"172":1,"173":1,"174":1,"175":4,"176":4,"177":1,"178":1,"180":3,"181":4,"182":0,"183":0,"184":4,"185":2,"186":2,"187":2,"189":1,"190":4,"191":1,"192":1,"193":1,"194":1,"195":1,"196":1,"197":1,"198":1,"199":1,"200":19,"201":19,"202":19,"203":6,"204":6,"205":6,"206":6,"207":13,"208":19,"209":3,"210":3,"211":3,"212":3,"213":10,"214":10,"215":10,"216":10,"217":17,"218":5,"219":5,"220":5,"221":5,"222":5,"223":5,"224":19,"225":1},"branchMap":{"0":{"type":"branch","line":43,"loc":{"start":{"line":43,"column":4},"end":{"line":45,"column":5}},"locations":[{"start":{"line":43,"column":4},"end":{"line":45,"column":5}}]},"1":{"type":"branch","line":76,"loc":{"start":{"line":76,"column":4},"end":{"line":153,"column":5}},"locations":[{"start":{"line":76,"column":4},"end":{"line":153,"column":5}}]},"2":{"type":"branch","line":79,"loc":{"start":{"line":79,"column":27},"end":{"line":79,"column":41}},"locations":[{"start":{"line":79,"column":27},"end":{"line":79,"column":41}}]},"3":{"type":"branch","line":79,"loc":{"start":{"line":79,"column":43},"end":{"line":81,"column":9}},"locations":[{"start":{"line":79,"column":43},"end":{"line":81,"column":9}}]},"4":{"type":"branch","line":81,"loc":{"start":{"line":81,"column":8},"end":{"line":90,"column":50}},"locations":[{"start":{"line":81,"column":8},"end":{"line":90,"column":50}}]},"5":{"type":"branch","line":90,"loc":{"start":{"line":90,"column":50},"end":{"line":93,"column":9}},"locations":[{"start":{"line":90,"column":50},"end":{"line":93,"column":9}}]},"6":{"type":"branch","line":93,"loc":{"start":{"line":93,"column":8},"end":{"line":97,"column":43}},"locations":[{"start":{"line":93,"column":8},"end":{"line":97,"column":43}}]},"7":{"type":"branch","line":97,"loc":{"start":{"line":97,"column":44},"end":{"line":98,"column":41}},"locations":[{"start":{"line":97,"column":44},"end":{"line":98,"column":41}}]},"8":{"type":"branch","line":100,"loc":{"start":{"line":100,"column":28},"end":{"line":102,"column":13}},"locations":[{"start":{"line":100,"column":28},"end":{"line":102,"column":13}}]},"9":{"type":"branch","line":102,"loc":{"start":{"line":102,"column":12},"end":{"line":113,"column":15}},"locations":[{"start":{"line":102,"column":12},"end":{"line":113,"column":15}}]},"10":{"type":"branch","line":113,"loc":{"start":{"line":113,"column":14},"end":{"line":115,"column":30}},"locations":[{"start":{"line":113,"column":14},"end":{"line":115,"column":30}}]},"11":{"type":"branch","line":115,"loc":{"start":{"line":115,"column":30},"end":{"line":129,"column":13}},"locations":[{"start":{"line":115,"column":30},"end":{"line":129,"column":13}}]},"12":{"type":"branch","line":129,"loc":{"start":{"line":129,"column":12},"end":{"line":131,"column":69}},"locations":[{"start":{"line":129,"column":12},"end":{"line":131,"column":69}}]},"13":{"type":"branch","line":131,"loc":{"start":{"line":131,"column":69},"end":{"line":131,"column":74}},"locations":[{"start":{"line":131,"column":69},"end":{"line":131,"column":74}}]},"14":{"type":"branch","line":133,"loc":{"start":{"line":133,"column":16},"end":{"line":133,"column":39}},"locations":[{"start":{"line":133,"column":16},"end":{"line":133,"column":39}}]},"15":{"type":"branch","line":133,"loc":{"start":{"line":133,"column":38},"end":{"line":134,"column":16}},"locations":[{"start":{"line":133,"column":38},"end":{"line":134,"column":16}}]},"16":{"type":"branch","line":134,"loc":{"start":{"line":134,"column":16},"end":{"line":134,"column":39}},"locations":[{"start":{"line":134,"column":16},"end":{"line":134,"column":39}}]},"17":{"type":"branch","line":134,"loc":{"start":{"line":134,"column":39},"end":{"line":144,"column":10}},"locations":[{"start":{"line":134,"column":39},"end":{"line":144,"column":10}}]},"18":{"type":"branch","line":144,"loc":{"start":{"line":144,"column":10},"end":{"line":152,"column":9}},"locations":[{"start":{"line":144,"column":10},"end":{"line":152,"column":9}}]},"19":{"type":"branch","line":175,"loc":{"start":{"line":175,"column":4},"end":{"line":191,"column":5}},"locations":[{"start":{"line":175,"column":4},"end":{"line":191,"column":5}}]},"20":{"type":"branch","line":177,"loc":{"start":{"line":177,"column":38},"end":{"line":179,"column":9}},"locations":[{"start":{"line":177,"column":38},"end":{"line":179,"column":9}}]},"21":{"type":"branch","line":179,"loc":{"start":{"line":179,"column":8},"end":{"line":182,"column":42}},"locations":[{"start":{"line":179,"column":8},"end":{"line":182,"column":42}}]},"22":{"type":"branch","line":182,"loc":{"start":{"line":182,"column":42},"end":{"line":182,"column":58}},"locations":[{"start":{"line":182,"column":42},"end":{"line":182,"column":58}}]},"23":{"type":"branch","line":182,"loc":{"start":{"line":182,"column":60},"end":{"line":185,"column":9}},"locations":[{"start":{"line":182,"column":60},"end":{"line":185,"column":9}}]},"24":{"type":"branch","line":185,"loc":{"start":{"line":185,"column":9},"end":{"line":188,"column":9}},"locations":[{"start":{"line":185,"column":9},"end":{"line":188,"column":9}}]},"25":{"type":"branch","line":185,"loc":{"start":{"line":185,"column":30},"end":{"line":188,"column":9}},"locations":[{"start":{"line":185,"column":30},"end":{"line":188,"column":9}}]},"26":{"type":"branch","line":188,"loc":{"start":{"line":188,"column":8},"end":{"line":191,"column":4}},"locations":[{"start":{"line":188,"column":8},"end":{"line":191,"column":4}}]},"27":{"type":"branch","line":200,"loc":{"start":{"line":200,"column":4},"end":{"line":225,"column":5}},"locations":[{"start":{"line":200,"column":4},"end":{"line":225,"column":5}}]},"28":{"type":"branch","line":203,"loc":{"start":{"line":203,"column":28},"end":{"line":207,"column":9}},"locations":[{"start":{"line":203,"column":28},"end":{"line":207,"column":9}}]},"29":{"type":"branch","line":207,"loc":{"start":{"line":207,"column":8},"end":{"line":209,"column":25}},"locations":[{"start":{"line":207,"column":8},"end":{"line":209,"column":25}}]},"30":{"type":"branch","line":209,"loc":{"start":{"line":209,"column":25},"end":{"line":222,"column":9}},"locations":[{"start":{"line":209,"column":25},"end":{"line":222,"column":9}}]},"31":{"type":"branch","line":209,"loc":{"start":{"line":209,"column":25},"end":{"line":213,"column":9}},"locations":[{"start":{"line":209,"column":25},"end":{"line":213,"column":9}}]},"32":{"type":"branch","line":213,"loc":{"start":{"line":213,"column":8},"end":{"line":218,"column":10}},"locations":[{"start":{"line":213,"column":8},"end":{"line":218,"column":10}}]},"33":{"type":"branch","line":218,"loc":{"start":{"line":218,"column":10},"end":{"line":222,"column":9}},"locations":[{"start":{"line":218,"column":10},"end":{"line":222,"column":9}}]},"34":{"type":"branch","line":222,"loc":{"start":{"line":222,"column":8},"end":{"line":225,"column":4}},"locations":[{"start":{"line":222,"column":8},"end":{"line":225,"column":4}}]}},"b":{"0":[36],"1":[17],"2":[16],"3":[2],"4":[15],"5":[0],"6":[15],"7":[0],"8":[1],"9":[15],"10":[12],"11":[7],"12":[5],"13":[0],"14":[4],"15":[3],"16":[1],"17":[1],"18":[12],"19":[4],"20":[1],"21":[3],"22":[0],"23":[0],"24":[3],"25":[2],"26":[1],"27":[19],"28":[6],"29":[13],"30":[17],"31":[3],"32":[10],"33":[5],"34":[5]},"fnMap":{"0":{"name":"AzureAPIClient","decl":{"start":{"line":43,"column":4},"end":{"line":45,"column":5}},"loc":{"start":{"line":43,"column":4},"end":{"line":45,"column":5}},"line":43},"1":{"name":"transcribe","decl":{"start":{"line":76,"column":4},"end":{"line":153,"column":5}},"loc":{"start":{"line":76,"column":4},"end":{"line":153,"column":5}},"line":76},"2":{"name":"parseResponse","decl":{"start":{"line":175,"column":4},"end":{"line":191,"column":5}},"loc":{"start":{"line":175,"column":4},"end":{"line":191,"column":5}},"line":175},"3":{"name":"validateConfig","decl":{"start":{"line":200,"column":4},"end":{"line":225,"column":5}},"loc":{"start":{"line":200,"column":4},"end":{"line":225,"column":5}},"line":200}},"f":{"0":36,"1":17,"2":4,"3":19}}
,"/home/ahmedmuhi/projects/whisper-transcribe/js/audio-handler.js": {"path":"/home/ahmedmuhi/projects/whisper-transcribe/js/audio-handler.js","all":false,"statementMap":{"0":{"start":{"line":1,"column":0},"end":{"line":1,"column":3}},"1":{"start":{"line":2,"column":0},"end":{"line":2,"column":82}},"2":{"start":{"line":3,"column":0},"end":{"line":3,"column":80}},"3":{"start":{"line":4,"column":0},"end":{"line":4,"column":3}},"4":{"start":{"line":5,"column":0},"end":{"line":5,"column":23}},"5":{"start":{"line":6,"column":0},"end":{"line":6,"column":21}},"6":{"start":{"line":7,"column":0},"end":{"line":7,"column":34}},"7":{"start":{"line":8,"column":0},"end":{"line":8,"column":30}},"8":{"start":{"line":9,"column":0},"end":{"line":9,"column":25}},"9":{"start":{"line":10,"column":0},"end":{"line":10,"column":22}},"10":{"start":{"line":11,"column":0},"end":{"line":11,"column":15}},"11":{"start":{"line":12,"column":0},"end":{"line":12,"column":3}},"13":{"start":{"line":14,"column":0},"end":{"line":14,"column":22}},"14":{"start":{"line":15,"column":0},"end":{"line":15,"column":80}},"15":{"start":{"line":16,"column":0},"end":{"line":16,"column":62}},"16":{"start":{"line":17,"column":0},"end":{"line":17,"column":71}},"17":{"start":{"line":18,"column":0},"end":{"line":18,"column":56}},"18":{"start":{"line":19,"column":0},"end":{"line":19,"column":39}},"19":{"start":{"line":20,"column":0},"end":{"line":20,"column":52}},"21":{"start":{"line":22,"column":0},"end":{"line":22,"column":3}},"22":{"start":{"line":23,"column":0},"end":{"line":23,"column":67}},"23":{"start":{"line":24,"column":0},"end":{"line":24,"column":100}},"24":{"start":{"line":25,"column":0},"end":{"line":25,"column":70}},"25":{"start":{"line":26,"column":0},"end":{"line":26,"column":3}},"26":{"start":{"line":27,"column":0},"end":{"line":27,"column":22}},"27":{"start":{"line":28,"column":0},"end":{"line":28,"column":38}},"28":{"start":{"line":29,"column":0},"end":{"line":29,"column":38}},"29":{"start":{"line":30,"column":0},"end":{"line":30,"column":37}},"30":{"start":{"line":31,"column":0},"end":{"line":31,"column":38}},"31":{"start":{"line":32,"column":0},"end":{"line":32,"column":40}},"32":{"start":{"line":33,"column":0},"end":{"line":33,"column":36}},"33":{"start":{"line":34,"column":0},"end":{"line":34,"column":38}},"34":{"start":{"line":35,"column":0},"end":{"line":35,"column":43}},"35":{"start":{"line":36,"column":0},"end":{"line":36,"column":3}},"36":{"start":{"line":37,"column":0},"end":{"line":37,"column":11}},"37":{"start":{"line":38,"column":0},"end":{"line":38,"column":66}},"38":{"start":{"line":39,"column":0},"end":{"line":39,"column":3}},"39":{"start":{"line":40,"column":0},"end":{"line":40,"column":21}},"40":{"start":{"line":41,"column":0},"end":{"line":41,"column":39}},"41":{"start":{"line":42,"column":0},"end":{"line":42,"column":3}},"42":{"start":{"line":43,"column":0},"end":{"line":43,"column":25}},"43":{"start":{"line":44,"column":0},"end":{"line":44,"column":38}},"44":{"start":{"line":45,"column":0},"end":{"line":45,"column":3}},"45":{"start":{"line":46,"column":0},"end":{"line":46,"column":25}},"46":{"start":{"line":47,"column":0},"end":{"line":47,"column":47}},"47":{"start":{"line":48,"column":0},"end":{"line":48,"column":36}},"48":{"start":{"line":49,"column":0},"end":{"line":49,"column":4}},"49":{"start":{"line":50,"column":0},"end":{"line":50,"column":3}},"50":{"start":{"line":51,"column":0},"end":{"line":51,"column":27}},"51":{"start":{"line":52,"column":0},"end":{"line":52,"column":7}},"52":{"start":{"line":53,"column":0},"end":{"line":53,"column":43}},"53":{"start":{"line":54,"column":0},"end":{"line":54,"column":7}},"54":{"start":{"line":55,"column":0},"end":{"line":55,"column":77}},"55":{"start":{"line":56,"column":0},"end":{"line":56,"column":70}},"56":{"start":{"line":57,"column":0},"end":{"line":57,"column":70}},"57":{"start":{"line":58,"column":0},"end":{"line":58,"column":7}},"58":{"start":{"line":59,"column":0},"end":{"line":59,"column":42}},"59":{"start":{"line":60,"column":0},"end":{"line":60,"column":35}},"60":{"start":{"line":61,"column":0},"end":{"line":61,"column":21}},"61":{"start":{"line":62,"column":0},"end":{"line":62,"column":33}},"62":{"start":{"line":63,"column":0},"end":{"line":63,"column":8}},"63":{"start":{"line":64,"column":0},"end":{"line":64,"column":26}},"64":{"start":{"line":65,"column":0},"end":{"line":65,"column":34}},"65":{"start":{"line":66,"column":0},"end":{"line":66,"column":30}},"66":{"start":{"line":67,"column":0},"end":{"line":67,"column":39}},"67":{"start":{"line":68,"column":0},"end":{"line":68,"column":34}},"68":{"start":{"line":69,"column":0},"end":{"line":69,"column":60}},"69":{"start":{"line":70,"column":0},"end":{"line":70,"column":8}},"70":{"start":{"line":71,"column":0},"end":{"line":71,"column":19}},"71":{"start":{"line":72,"column":0},"end":{"line":72,"column":37}},"72":{"start":{"line":73,"column":0},"end":{"line":73,"column":59}},"73":{"start":{"line":74,"column":0},"end":{"line":74,"column":8}},"74":{"start":{"line":75,"column":0},"end":{"line":75,"column":24}},"75":{"start":{"line":76,"column":0},"end":{"line":76,"column":60}},"76":{"start":{"line":77,"column":0},"end":{"line":77,"column":8}},"77":{"start":{"line":78,"column":0},"end":{"line":78,"column":35}},"78":{"start":{"line":79,"column":0},"end":{"line":79,"column":38}},"79":{"start":{"line":80,"column":0},"end":{"line":80,"column":5}},"80":{"start":{"line":81,"column":0},"end":{"line":81,"column":4}},"81":{"start":{"line":82,"column":0},"end":{"line":82,"column":30}},"82":{"start":{"line":83,"column":0},"end":{"line":83,"column":47}},"83":{"start":{"line":84,"column":0},"end":{"line":84,"column":58}},"84":{"start":{"line":85,"column":0},"end":{"line":85,"column":46}},"85":{"start":{"line":86,"column":0},"end":{"line":86,"column":11}},"86":{"start":{"line":87,"column":0},"end":{"line":87,"column":8}},"87":{"start":{"line":88,"column":0},"end":{"line":88,"column":73}},"88":{"start":{"line":89,"column":0},"end":{"line":89,"column":57}},"89":{"start":{"line":90,"column":0},"end":{"line":90,"column":78}},"90":{"start":{"line":91,"column":0},"end":{"line":91,"column":44}},"91":{"start":{"line":92,"column":0},"end":{"line":92,"column":16}},"92":{"start":{"line":93,"column":0},"end":{"line":93,"column":54}},"93":{"start":{"line":94,"column":0},"end":{"line":94,"column":63}},"94":{"start":{"line":95,"column":0},"end":{"line":95,"column":66}},"95":{"start":{"line":96,"column":0},"end":{"line":96,"column":34}},"96":{"start":{"line":97,"column":0},"end":{"line":97,"column":13}},"97":{"start":{"line":98,"column":0},"end":{"line":98,"column":11}},"98":{"start":{"line":99,"column":0},"end":{"line":99,"column":5}},"99":{"start":{"line":100,"column":0},"end":{"line":100,"column":4}},"100":{"start":{"line":101,"column":0},"end":{"line":101,"column":27}},"101":{"start":{"line":102,"column":0},"end":{"line":102,"column":21}},"102":{"start":{"line":103,"column":0},"end":{"line":103,"column":82}},"103":{"start":{"line":104,"column":0},"end":{"line":104,"column":8}},"104":{"start":{"line":105,"column":0},"end":{"line":105,"column":23}},"105":{"start":{"line":106,"column":0},"end":{"line":106,"column":80}},"106":{"start":{"line":107,"column":0},"end":{"line":107,"column":8}},"107":{"start":{"line":108,"column":0},"end":{"line":108,"column":24}},"108":{"start":{"line":109,"column":0},"end":{"line":109,"column":85}},"109":{"start":{"line":110,"column":0},"end":{"line":110,"column":5}},"110":{"start":{"line":111,"column":0},"end":{"line":111,"column":4}},"111":{"start":{"line":112,"column":0},"end":{"line":112,"column":7}},"112":{"start":{"line":113,"column":0},"end":{"line":113,"column":69}},"113":{"start":{"line":114,"column":0},"end":{"line":114,"column":59}},"114":{"start":{"line":115,"column":0},"end":{"line":115,"column":67}},"115":{"start":{"line":116,"column":0},"end":{"line":116,"column":7}},"116":{"start":{"line":117,"column":0},"end":{"line":117,"column":13}},"117":{"start":{"line":118,"column":0},"end":{"line":118,"column":30}},"118":{"start":{"line":119,"column":0},"end":{"line":119,"column":85}},"119":{"start":{"line":120,"column":0},"end":{"line":120,"column":73}},"120":{"start":{"line":121,"column":0},"end":{"line":121,"column":7}},"121":{"start":{"line":122,"column":0},"end":{"line":122,"column":15}},"122":{"start":{"line":123,"column":0},"end":{"line":123,"column":42}},"123":{"start":{"line":124,"column":0},"end":{"line":124,"column":56}},"124":{"start":{"line":125,"column":0},"end":{"line":125,"column":46}},"125":{"start":{"line":126,"column":0},"end":{"line":126,"column":10}},"126":{"start":{"line":127,"column":0},"end":{"line":127,"column":7}},"127":{"start":{"line":128,"column":0},"end":{"line":128,"column":29}},"128":{"start":{"line":129,"column":0},"end":{"line":129,"column":44}},"129":{"start":{"line":130,"column":0},"end":{"line":130,"column":44}},"130":{"start":{"line":131,"column":0},"end":{"line":131,"column":55}},"131":{"start":{"line":132,"column":0},"end":{"line":132,"column":43}},"132":{"start":{"line":133,"column":0},"end":{"line":133,"column":9}},"133":{"start":{"line":134,"column":0},"end":{"line":134,"column":5}},"134":{"start":{"line":135,"column":0},"end":{"line":135,"column":4}},"135":{"start":{"line":136,"column":0},"end":{"line":136,"column":7}},"136":{"start":{"line":137,"column":0},"end":{"line":137,"column":49}},"137":{"start":{"line":138,"column":0},"end":{"line":138,"column":77}},"138":{"start":{"line":139,"column":0},"end":{"line":139,"column":7}},"139":{"start":{"line":140,"column":0},"end":{"line":140,"column":13}},"140":{"start":{"line":141,"column":0},"end":{"line":141,"column":15}},"141":{"start":{"line":142,"column":0},"end":{"line":142,"column":33}},"142":{"start":{"line":143,"column":0},"end":{"line":143,"column":75}},"143":{"start":{"line":144,"column":0},"end":{"line":144,"column":77}},"144":{"start":{"line":145,"column":0},"end":{"line":145,"column":42}},"145":{"start":{"line":146,"column":0},"end":{"line":146,"column":40}},"146":{"start":{"line":147,"column":0},"end":{"line":147,"column":7}},"147":{"start":{"line":148,"column":0},"end":{"line":148,"column":32}},"148":{"start":{"line":149,"column":0},"end":{"line":149,"column":13}},"149":{"start":{"line":150,"column":0},"end":{"line":150,"column":58}},"150":{"start":{"line":151,"column":0},"end":{"line":151,"column":74}},"151":{"start":{"line":152,"column":0},"end":{"line":152,"column":76}},"152":{"start":{"line":153,"column":0},"end":{"line":153,"column":13}},"153":{"start":{"line":154,"column":0},"end":{"line":154,"column":12}},"154":{"start":{"line":155,"column":0},"end":{"line":155,"column":41}},"155":{"start":{"line":156,"column":0},"end":{"line":156,"column":80}},"156":{"start":{"line":157,"column":0},"end":{"line":157,"column":12}},"157":{"start":{"line":158,"column":0},"end":{"line":158,"column":40}},"158":{"start":{"line":159,"column":0},"end":{"line":159,"column":57}},"159":{"start":{"line":160,"column":0},"end":{"line":160,"column":76}},"160":{"start":{"line":161,"column":0},"end":{"line":161,"column":23}},"161":{"start":{"line":162,"column":0},"end":{"line":162,"column":13}},"162":{"start":{"line":163,"column":0},"end":{"line":163,"column":12}},"163":{"start":{"line":164,"column":0},"end":{"line":164,"column":53}},"164":{"start":{"line":165,"column":0},"end":{"line":165,"column":44}},"165":{"start":{"line":166,"column":0},"end":{"line":166,"column":12}},"166":{"start":{"line":167,"column":0},"end":{"line":167,"column":66}},"167":{"start":{"line":168,"column":0},"end":{"line":168,"column":82}},"168":{"start":{"line":169,"column":0},"end":{"line":169,"column":26}},"169":{"start":{"line":170,"column":0},"end":{"line":170,"column":71}},"170":{"start":{"line":171,"column":0},"end":{"line":171,"column":76}},"171":{"start":{"line":172,"column":0},"end":{"line":172,"column":23}},"172":{"start":{"line":173,"column":0},"end":{"line":173,"column":13}},"173":{"start":{"line":174,"column":0},"end":{"line":174,"column":12}},"174":{"start":{"line":175,"column":0},"end":{"line":175,"column":38}},"175":{"start":{"line":176,"column":0},"end":{"line":176,"column":77}},"176":{"start":{"line":177,"column":0},"end":{"line":177,"column":40}},"177":{"start":{"line":178,"column":0},"end":{"line":178,"column":12}},"178":{"start":{"line":179,"column":0},"end":{"line":179,"column":23}},"179":{"start":{"line":180,"column":0},"end":{"line":180,"column":42}},"180":{"start":{"line":181,"column":0},"end":{"line":181,"column":70}},"181":{"start":{"line":182,"column":0},"end":{"line":182,"column":40}},"182":{"start":{"line":183,"column":0},"end":{"line":183,"column":84}},"183":{"start":{"line":184,"column":0},"end":{"line":184,"column":98}},"184":{"start":{"line":185,"column":0},"end":{"line":185,"column":60}},"185":{"start":{"line":186,"column":0},"end":{"line":186,"column":121}},"186":{"start":{"line":187,"column":0},"end":{"line":187,"column":50}},"187":{"start":{"line":188,"column":0},"end":{"line":188,"column":61}},"188":{"start":{"line":189,"column":0},"end":{"line":189,"column":13}},"189":{"start":{"line":190,"column":0},"end":{"line":190,"column":41}},"190":{"start":{"line":191,"column":0},"end":{"line":191,"column":30}},"191":{"start":{"line":192,"column":0},"end":{"line":192,"column":70}},"192":{"start":{"line":193,"column":0},"end":{"line":193,"column":21}},"193":{"start":{"line":194,"column":0},"end":{"line":194,"column":9}},"194":{"start":{"line":195,"column":0},"end":{"line":195,"column":5}},"195":{"start":{"line":196,"column":0},"end":{"line":196,"column":4}},"196":{"start":{"line":197,"column":0},"end":{"line":197,"column":7}},"197":{"start":{"line":198,"column":0},"end":{"line":198,"column":89}},"198":{"start":{"line":199,"column":0},"end":{"line":199,"column":7}},"199":{"start":{"line":200,"column":0},"end":{"line":200,"column":13}},"200":{"start":{"line":201,"column":0},"end":{"line":201,"column":32}},"201":{"start":{"line":202,"column":0},"end":{"line":202,"column":106}},"202":{"start":{"line":203,"column":0},"end":{"line":203,"column":7}},"203":{"start":{"line":204,"column":0},"end":{"line":204,"column":31}},"204":{"start":{"line":205,"column":0},"end":{"line":205,"column":54}},"205":{"start":{"line":206,"column":0},"end":{"line":206,"column":72}},"206":{"start":{"line":207,"column":0},"end":{"line":207,"column":8}},"207":{"start":{"line":208,"column":0},"end":{"line":208,"column":47}},"208":{"start":{"line":209,"column":0},"end":{"line":209,"column":38}},"209":{"start":{"line":210,"column":0},"end":{"line":210,"column":48}},"210":{"start":{"line":211,"column":0},"end":{"line":211,"column":45}},"211":{"start":{"line":212,"column":0},"end":{"line":212,"column":8}},"212":{"start":{"line":213,"column":0},"end":{"line":213,"column":13}},"213":{"start":{"line":214,"column":0},"end":{"line":214,"column":48}},"214":{"start":{"line":215,"column":0},"end":{"line":215,"column":42}},"215":{"start":{"line":216,"column":0},"end":{"line":216,"column":20}},"216":{"start":{"line":217,"column":0},"end":{"line":217,"column":40}},"217":{"start":{"line":218,"column":0},"end":{"line":218,"column":13}},"218":{"start":{"line":219,"column":0},"end":{"line":219,"column":23}},"219":{"start":{"line":220,"column":0},"end":{"line":220,"column":78}},"220":{"start":{"line":221,"column":0},"end":{"line":221,"column":9}},"221":{"start":{"line":222,"column":0},"end":{"line":222,"column":5}},"222":{"start":{"line":223,"column":0},"end":{"line":223,"column":4}},"223":{"start":{"line":224,"column":0},"end":{"line":224,"column":7}},"224":{"start":{"line":225,"column":0},"end":{"line":225,"column":91}},"225":{"start":{"line":226,"column":0},"end":{"line":226,"column":7}},"226":{"start":{"line":227,"column":0},"end":{"line":227,"column":29}},"227":{"start":{"line":228,"column":0},"end":{"line":228,"column":71}},"228":{"start":{"line":229,"column":0},"end":{"line":229,"column":22}},"229":{"start":{"line":230,"column":0},"end":{"line":230,"column":7}},"230":{"start":{"line":231,"column":0},"end":{"line":231,"column":28}},"231":{"start":{"line":232,"column":0},"end":{"line":232,"column":30}},"232":{"start":{"line":233,"column":0},"end":{"line":233,"column":55}},"234":{"start":{"line":235,"column":0},"end":{"line":235,"column":44}},"235":{"start":{"line":236,"column":0},"end":{"line":236,"column":75}},"236":{"start":{"line":237,"column":0},"end":{"line":237,"column":55}},"237":{"start":{"line":238,"column":0},"end":{"line":238,"column":19}},"238":{"start":{"line":239,"column":0},"end":{"line":239,"column":63}},"239":{"start":{"line":240,"column":0},"end":{"line":240,"column":23}},"240":{"start":{"line":241,"column":0},"end":{"line":241,"column":11}},"242":{"start":{"line":243,"column":0},"end":{"line":243,"column":71}},"243":{"start":{"line":244,"column":0},"end":{"line":244,"column":46}},"244":{"start":{"line":245,"column":0},"end":{"line":245,"column":11}},"246":{"start":{"line":247,"column":0},"end":{"line":247,"column":65}},"247":{"start":{"line":248,"column":0},"end":{"line":248,"column":47}},"248":{"start":{"line":249,"column":0},"end":{"line":249,"column":57}},"250":{"start":{"line":251,"column":0},"end":{"line":251,"column":79}},"251":{"start":{"line":252,"column":0},"end":{"line":252,"column":58}},"252":{"start":{"line":253,"column":0},"end":{"line":253,"column":76}},"253":{"start":{"line":254,"column":0},"end":{"line":254,"column":31}},"254":{"start":{"line":255,"column":0},"end":{"line":255,"column":23}},"255":{"start":{"line":256,"column":0},"end":{"line":256,"column":13}},"257":{"start":{"line":258,"column":0},"end":{"line":258,"column":39}},"258":{"start":{"line":259,"column":0},"end":{"line":259,"column":78}},"259":{"start":{"line":260,"column":0},"end":{"line":260,"column":51}},"261":{"start":{"line":262,"column":0},"end":{"line":262,"column":77}},"262":{"start":{"line":263,"column":0},"end":{"line":263,"column":27}},"263":{"start":{"line":264,"column":0},"end":{"line":264,"column":11}},"265":{"start":{"line":266,"column":0},"end":{"line":266,"column":38}},"266":{"start":{"line":267,"column":0},"end":{"line":267,"column":45}},"267":{"start":{"line":268,"column":0},"end":{"line":268,"column":22}},"268":{"start":{"line":269,"column":0},"end":{"line":269,"column":26}},"269":{"start":{"line":270,"column":0},"end":{"line":270,"column":5}},"271":{"start":{"line":272,"column":0},"end":{"line":272,"column":7}},"272":{"start":{"line":273,"column":0},"end":{"line":273,"column":76}},"273":{"start":{"line":274,"column":0},"end":{"line":274,"column":7}},"274":{"start":{"line":275,"column":0},"end":{"line":275,"column":31}},"275":{"start":{"line":276,"column":0},"end":{"line":276,"column":22}},"276":{"start":{"line":277,"column":0},"end":{"line":277,"column":7}},"277":{"start":{"line":278,"column":0},"end":{"line":278,"column":24}},"278":{"start":{"line":279,"column":0},"end":{"line":279,"column":76}},"279":{"start":{"line":280,"column":0},"end":{"line":280,"column":17}},"280":{"start":{"line":281,"column":0},"end":{"line":281,"column":42}},"281":{"start":{"line":282,"column":0},"end":{"line":282,"column":27}},"282":{"start":{"line":283,"column":0},"end":{"line":283,"column":82}},"283":{"start":{"line":284,"column":0},"end":{"line":284,"column":13}},"284":{"start":{"line":285,"column":0},"end":{"line":285,"column":9}},"285":{"start":{"line":286,"column":0},"end":{"line":286,"column":5}},"287":{"start":{"line":288,"column":0},"end":{"line":288,"column":7}},"288":{"start":{"line":289,"column":0},"end":{"line":289,"column":86}},"289":{"start":{"line":290,"column":0},"end":{"line":290,"column":7}},"290":{"start":{"line":291,"column":0},"end":{"line":291,"column":28}},"291":{"start":{"line":292,"column":0},"end":{"line":292,"column":22}},"292":{"start":{"line":293,"column":0},"end":{"line":293,"column":7}},"293":{"start":{"line":294,"column":0},"end":{"line":294,"column":21}},"294":{"start":{"line":295,"column":0},"end":{"line":295,"column":48}},"295":{"start":{"line":296,"column":0},"end":{"line":296,"column":36}},"296":{"start":{"line":297,"column":0},"end":{"line":297,"column":9}},"297":{"start":{"line":298,"column":0},"end":{"line":298,"column":5}},"299":{"start":{"line":300,"column":0},"end":{"line":300,"column":7}},"300":{"start":{"line":301,"column":0},"end":{"line":301,"column":83}},"301":{"start":{"line":302,"column":0},"end":{"line":302,"column":7}},"302":{"start":{"line":303,"column":0},"end":{"line":303,"column":13}},"303":{"start":{"line":304,"column":0},"end":{"line":304,"column":27}},"304":{"start":{"line":305,"column":0},"end":{"line":305,"column":89}},"305":{"start":{"line":306,"column":0},"end":{"line":306,"column":96}},"306":{"start":{"line":307,"column":0},"end":{"line":307,"column":7}},"307":{"start":{"line":308,"column":0},"end":{"line":308,"column":71}},"308":{"start":{"line":309,"column":0},"end":{"line":309,"column":55}},"309":{"start":{"line":310,"column":0},"end":{"line":310,"column":83}},"311":{"start":{"line":312,"column":0},"end":{"line":312,"column":52}},"312":{"start":{"line":313,"column":0},"end":{"line":313,"column":13}},"313":{"start":{"line":314,"column":0},"end":{"line":314,"column":45}},"314":{"start":{"line":315,"column":0},"end":{"line":315,"column":23}},"315":{"start":{"line":316,"column":0},"end":{"line":316,"column":78}},"316":{"start":{"line":317,"column":0},"end":{"line":317,"column":19}},"317":{"start":{"line":318,"column":0},"end":{"line":318,"column":9}},"319":{"start":{"line":320,"column":0},"end":{"line":320,"column":57}},"320":{"start":{"line":321,"column":0},"end":{"line":321,"column":26}},"321":{"start":{"line":322,"column":0},"end":{"line":322,"column":36}},"322":{"start":{"line":323,"column":0},"end":{"line":323,"column":20}},"323":{"start":{"line":324,"column":0},"end":{"line":324,"column":5}},"324":{"start":{"line":325,"column":0},"end":{"line":325,"column":4}},"325":{"start":{"line":326,"column":0},"end":{"line":326,"column":7}},"326":{"start":{"line":327,"column":0},"end":{"line":327,"column":84}},"327":{"start":{"line":328,"column":0},"end":{"line":328,"column":7}},"328":{"start":{"line":329,"column":0},"end":{"line":329,"column":13}},"329":{"start":{"line":330,"column":0},"end":{"line":330,"column":26}},"330":{"start":{"line":331,"column":0},"end":{"line":331,"column":81}},"331":{"start":{"line":332,"column":0},"end":{"line":332,"column":7}},"332":{"start":{"line":333,"column":0},"end":{"line":333,"column":25}},"333":{"start":{"line":334,"column":0},"end":{"line":334,"column":43}},"334":{"start":{"line":335,"column":0},"end":{"line":335,"column":39}},"335":{"start":{"line":336,"column":0},"end":{"line":336,"column":46}},"336":{"start":{"line":337,"column":0},"end":{"line":337,"column":38}},"337":{"start":{"line":338,"column":0},"end":{"line":338,"column":74}},"338":{"start":{"line":339,"column":0},"end":{"line":339,"column":51}},"339":{"start":{"line":340,"column":0},"end":{"line":340,"column":69}},"340":{"start":{"line":341,"column":0},"end":{"line":341,"column":59}},"341":{"start":{"line":342,"column":0},"end":{"line":342,"column":62}},"342":{"start":{"line":343,"column":0},"end":{"line":343,"column":40}},"343":{"start":{"line":344,"column":0},"end":{"line":344,"column":30}},"344":{"start":{"line":345,"column":0},"end":{"line":345,"column":56}},"345":{"start":{"line":346,"column":0},"end":{"line":346,"column":77}},"346":{"start":{"line":347,"column":0},"end":{"line":347,"column":9}},"347":{"start":{"line":348,"column":0},"end":{"line":348,"column":5}},"348":{"start":{"line":349,"column":0},"end":{"line":349,"column":4}},"349":{"start":{"line":350,"column":0},"end":{"line":350,"column":7}},"350":{"start":{"line":351,"column":0},"end":{"line":351,"column":69}},"351":{"start":{"line":352,"column":0},"end":{"line":352,"column":7}},"352":{"start":{"line":353,"column":0},"end":{"line":353,"column":30}},"353":{"start":{"line":354,"column":0},"end":{"line":354,"column":22}},"354":{"start":{"line":355,"column":0},"end":{"line":355,"column":7}},"355":{"start":{"line":356,"column":0},"end":{"line":356,"column":29}},"356":{"start":{"line":357,"column":0},"end":{"line":357,"column":44}},"357":{"start":{"line":358,"column":0},"end":{"line":358,"column":78}},"358":{"start":{"line":359,"column":0},"end":{"line":359,"column":33}},"359":{"start":{"line":360,"column":0},"end":{"line":360,"column":9}},"360":{"start":{"line":361,"column":0},"end":{"line":361,"column":5}},"361":{"start":{"line":362,"column":0},"end":{"line":362,"column":4}},"362":{"start":{"line":363,"column":0},"end":{"line":363,"column":7}},"363":{"start":{"line":364,"column":0},"end":{"line":364,"column":81}},"364":{"start":{"line":365,"column":0},"end":{"line":365,"column":7}},"365":{"start":{"line":366,"column":0},"end":{"line":366,"column":35}},"366":{"start":{"line":367,"column":0},"end":{"line":367,"column":75}},"367":{"start":{"line":368,"column":0},"end":{"line":368,"column":7}},"368":{"start":{"line":369,"column":0},"end":{"line":369,"column":28}},"369":{"start":{"line":370,"column":0},"end":{"line":370,"column":58}},"370":{"start":{"line":371,"column":0},"end":{"line":371,"column":105}},"371":{"start":{"line":372,"column":0},"end":{"line":372,"column":5}},"373":{"start":{"line":374,"column":0},"end":{"line":374,"column":7}},"374":{"start":{"line":375,"column":0},"end":{"line":375,"column":72}},"375":{"start":{"line":376,"column":0},"end":{"line":376,"column":7}},"376":{"start":{"line":377,"column":0},"end":{"line":377,"column":25}},"377":{"start":{"line":378,"column":0},"end":{"line":378,"column":22}},"378":{"start":{"line":379,"column":0},"end":{"line":379,"column":7}},"379":{"start":{"line":380,"column":0},"end":{"line":380,"column":18}},"380":{"start":{"line":381,"column":0},"end":{"line":381,"column":48}},"381":{"start":{"line":382,"column":0},"end":{"line":382,"column":65}},"382":{"start":{"line":383,"column":0},"end":{"line":383,"column":78}},"383":{"start":{"line":384,"column":0},"end":{"line":384,"column":56}},"384":{"start":{"line":385,"column":0},"end":{"line":385,"column":117}},"385":{"start":{"line":386,"column":0},"end":{"line":386,"column":55}},"386":{"start":{"line":387,"column":0},"end":{"line":387,"column":49}},"387":{"start":{"line":388,"column":0},"end":{"line":388,"column":15}},"388":{"start":{"line":389,"column":0},"end":{"line":389,"column":37}},"389":{"start":{"line":390,"column":0},"end":{"line":390,"column":5}},"390":{"start":{"line":391,"column":0},"end":{"line":391,"column":4}},"391":{"start":{"line":392,"column":0},"end":{"line":392,"column":7}},"392":{"start":{"line":393,"column":0},"end":{"line":393,"column":85}},"393":{"start":{"line":394,"column":0},"end":{"line":394,"column":7}},"394":{"start":{"line":395,"column":0},"end":{"line":395,"column":13}},"395":{"start":{"line":396,"column":0},"end":{"line":396,"column":34}},"396":{"start":{"line":397,"column":0},"end":{"line":397,"column":68}},"397":{"start":{"line":398,"column":0},"end":{"line":398,"column":88}},"398":{"start":{"line":399,"column":0},"end":{"line":399,"column":7}},"399":{"start":{"line":400,"column":0},"end":{"line":400,"column":39}},"400":{"start":{"line":401,"column":0},"end":{"line":401,"column":77}},"401":{"start":{"line":402,"column":0},"end":{"line":402,"column":8}},"402":{"start":{"line":403,"column":0},"end":{"line":403,"column":45}},"403":{"start":{"line":404,"column":0},"end":{"line":404,"column":58}},"404":{"start":{"line":405,"column":0},"end":{"line":405,"column":8}},"405":{"start":{"line":406,"column":0},"end":{"line":406,"column":41}},"406":{"start":{"line":407,"column":0},"end":{"line":407,"column":36}},"407":{"start":{"line":408,"column":0},"end":{"line":408,"column":8}},"408":{"start":{"line":409,"column":0},"end":{"line":409,"column":31}},"409":{"start":{"line":410,"column":0},"end":{"line":410,"column":68}},"410":{"start":{"line":411,"column":0},"end":{"line":411,"column":5}},"411":{"start":{"line":412,"column":0},"end":{"line":412,"column":4}},"412":{"start":{"line":413,"column":0},"end":{"line":413,"column":37}},"413":{"start":{"line":414,"column":0},"end":{"line":414,"column":13}},"414":{"start":{"line":415,"column":0},"end":{"line":415,"column":101}},"415":{"start":{"line":416,"column":0},"end":{"line":416,"column":60}},"416":{"start":{"line":417,"column":0},"end":{"line":417,"column":43}},"417":{"start":{"line":418,"column":0},"end":{"line":418,"column":32}},"418":{"start":{"line":419,"column":0},"end":{"line":419,"column":19}},"419":{"start":{"line":420,"column":0},"end":{"line":420,"column":15}},"420":{"start":{"line":421,"column":0},"end":{"line":421,"column":12}},"421":{"start":{"line":422,"column":0},"end":{"line":422,"column":62}},"422":{"start":{"line":423,"column":0},"end":{"line":423,"column":39}},"423":{"start":{"line":424,"column":0},"end":{"line":424,"column":15}},"424":{"start":{"line":425,"column":0},"end":{"line":425,"column":12}},"425":{"start":{"line":426,"column":0},"end":{"line":426,"column":56}},"426":{"start":{"line":427,"column":0},"end":{"line":427,"column":57}},"427":{"start":{"line":428,"column":0},"end":{"line":428,"column":32}},"428":{"start":{"line":429,"column":0},"end":{"line":429,"column":31}},"429":{"start":{"line":430,"column":0},"end":{"line":430,"column":15}},"430":{"start":{"line":431,"column":0},"end":{"line":431,"column":12}},"431":{"start":{"line":432,"column":0},"end":{"line":432,"column":58}},"432":{"start":{"line":433,"column":0},"end":{"line":433,"column":12}},"433":{"start":{"line":434,"column":0},"end":{"line":434,"column":21}},"434":{"start":{"line":435,"column":0},"end":{"line":435,"column":61}},"435":{"start":{"line":436,"column":0},"end":{"line":436,"column":61}},"436":{"start":{"line":437,"column":0},"end":{"line":437,"column":12}},"437":{"start":{"line":438,"column":0},"end":{"line":438,"column":57}},"438":{"start":{"line":439,"column":0},"end":{"line":439,"column":36}},"439":{"start":{"line":440,"column":0},"end":{"line":440,"column":15}},"440":{"start":{"line":441,"column":0},"end":{"line":441,"column":12}},"441":{"start":{"line":442,"column":0},"end":{"line":442,"column":56}},"442":{"start":{"line":443,"column":0},"end":{"line":443,"column":68}},"443":{"start":{"line":444,"column":0},"end":{"line":444,"column":30}},"444":{"start":{"line":445,"column":0},"end":{"line":445,"column":31}},"445":{"start":{"line":446,"column":0},"end":{"line":446,"column":15}},"446":{"start":{"line":447,"column":0},"end":{"line":447,"column":55}},"447":{"start":{"line":448,"column":0},"end":{"line":448,"column":27}},"448":{"start":{"line":449,"column":0},"end":{"line":449,"column":19}},"449":{"start":{"line":450,"column":0},"end":{"line":450,"column":54}},"450":{"start":{"line":451,"column":0},"end":{"line":451,"column":9}},"451":{"start":{"line":452,"column":0},"end":{"line":452,"column":5}},"452":{"start":{"line":453,"column":0},"end":{"line":453,"column":4}},"453":{"start":{"line":454,"column":0},"end":{"line":454,"column":7}},"454":{"start":{"line":455,"column":0},"end":{"line":455,"column":82}},"455":{"start":{"line":456,"column":0},"end":{"line":456,"column":7}},"456":{"start":{"line":457,"column":0},"end":{"line":457,"column":22}},"457":{"start":{"line":458,"column":0},"end":{"line":458,"column":22}},"458":{"start":{"line":459,"column":0},"end":{"line":459,"column":7}},"459":{"start":{"line":460,"column":0},"end":{"line":460,"column":15}},"460":{"start":{"line":461,"column":0},"end":{"line":461,"column":70}},"462":{"start":{"line":463,"column":0},"end":{"line":463,"column":22}},"463":{"start":{"line":464,"column":0},"end":{"line":464,"column":42}},"464":{"start":{"line":465,"column":0},"end":{"line":465,"column":34}},"465":{"start":{"line":466,"column":0},"end":{"line":466,"column":64}},"467":{"start":{"line":468,"column":0},"end":{"line":468,"column":30}},"468":{"start":{"line":469,"column":0},"end":{"line":469,"column":49}},"469":{"start":{"line":470,"column":0},"end":{"line":470,"column":88}},"470":{"start":{"line":471,"column":0},"end":{"line":471,"column":81}},"472":{"start":{"line":473,"column":0},"end":{"line":473,"column":63}},"474":{"start":{"line":475,"column":0},"end":{"line":475,"column":32}},"475":{"start":{"line":476,"column":0},"end":{"line":476,"column":36}},"476":{"start":{"line":477,"column":0},"end":{"line":477,"column":39}},"477":{"start":{"line":478,"column":0},"end":{"line":478,"column":34}},"478":{"start":{"line":479,"column":0},"end":{"line":479,"column":5}},"479":{"start":{"line":480,"column":0},"end":{"line":480,"column":4}},"480":{"start":{"line":481,"column":0},"end":{"line":481,"column":88}},"481":{"start":{"line":482,"column":0},"end":{"line":482,"column":1}}},"s":{"0":1,"1":1,"2":1,"3":1,"4":1,"5":1,"6":1,"7":1,"8":1,"9":1,"10":1,"11":1,"13":1,"14":1,"15":1,"16":1,"17":1,"18":1,"19":1,"21":1,"22":1,"23":1,"24":1,"25":1,"26":1,"27":1,"28":1,"29":1,"30":1,"31":1,"32":1,"33":1,"34":1,"35":1,"36":1,"37":1,"38":1,"39":1,"40":1,"41":1,"42":1,"43":1,"44":1,"45":1,"46":1,"47":1,"48":1,"49":1,"50":1,"51":1,"52":1,"53":1,"54":1,"55":1,"56":1,"57":1,"58":1,"59":29,"60":29,"61":29,"62":29,"63":29,"64":29,"65":29,"66":29,"67":29,"68":29,"69":29,"70":29,"71":29,"72":29,"73":29,"74":29,"75":29,"76":29,"77":29,"78":29,"79":29,"80":1,"81":1,"82":29,"83":29,"84":3,"85":29,"86":29,"87":29,"88":29,"89":3,"90":3,"91":3,"92":3,"93":3,"94":3,"95":3,"96":3,"97":29,"98":29,"99":1,"100":1,"101":29,"102":29,"103":29,"104":29,"105":29,"106":29,"107":29,"108":29,"109":29,"110":1,"111":1,"112":1,"113":1,"114":1,"115":1,"116":1,"117":1,"118":1,"119":1,"120":1,"121":1,"122":1,"123":1,"124":1,"125":1,"126":1,"127":1,"128":0,"129":0,"130":0,"131":0,"132":0,"133":0,"134":1,"135":1,"136":1,"137":1,"138":1,"139":1,"140":1,"141":1,"142":1,"143":1,"144":1,"145":1,"146":1,"147":1,"148":28,"149":28,"150":28,"151":1,"152":1,"153":28,"154":28,"155":28,"156":28,"157":28,"158":28,"159":1,"160":1,"161":1,"162":27,"163":27,"164":27,"165":27,"166":27,"167":27,"168":28,"169":1,"170":1,"171":1,"172":1,"173":22,"174":22,"175":22,"176":22,"177":22,"178":28,"179":5,"180":5,"181":5,"182":5,"183":5,"184":5,"185":5,"186":3,"187":3,"188":3,"189":5,"190":5,"191":3,"192":5,"193":5,"194":28,"195":1,"196":1,"197":1,"198":1,"199":1,"200":1,"201":1,"202":1,"203":1,"204":15,"205":15,"206":15,"207":15,"208":15,"209":15,"210":15,"211":15,"212":15,"213":15,"214":1,"215":15,"216":14,"217":14,"218":15,"219":0,"220":0,"221":15,"222":1,"223":1,"224":1,"225":1,"226":1,"227":1,"228":1,"229":1,"230":1,"231":22,"232":22,"234":22,"235":22,"236":22,"237":22,"238":22,"239":22,"240":22,"242":22,"243":13,"244":22,"246":22,"247":14,"248":14,"250":14,"251":1,"252":1,"253":1,"254":1,"255":1,"257":13,"258":13,"259":13,"261":13,"262":13,"263":22,"265":22,"266":22,"267":22,"268":22,"269":22,"271":1,"272":1,"273":1,"274":1,"275":1,"276":1,"277":1,"278":21,"279":16,"280":16,"281":16,"282":1,"283":1,"284":16,"285":21,"287":1,"288":1,"289":1,"290":1,"291":1,"292":1,"293":1,"294":2,"295":2,"296":2,"297":2,"299":1,"300":1,"301":1,"302":1,"303":1,"304":1,"305":1,"306":1,"307":1,"308":1,"309":1,"311":1,"312":1,"313":1,"314":1,"315":0,"316":0,"317":0,"319":1,"320":1,"321":1,"322":1,"323":1,"324":1,"325":1,"326":1,"327":1,"328":1,"329":1,"330":1,"331":1,"332":1,"333":6,"334":3,"335":3,"336":3,"337":3,"338":3,"339":3,"340":3,"341":3,"342":3,"343":3,"344":3,"345":3,"346":3,"347":6,"348":1,"349":1,"350":1,"351":1,"352":1,"353":1,"354":1,"355":1,"356":1,"357":1,"358":1,"359":1,"360":1,"361":1,"362":1,"363":1,"364":1,"365":1,"366":1,"367":1,"368":1,"369":9,"370":9,"371":9,"373":1,"374":1,"375":1,"376":1,"377":1,"378":1,"379":1,"380":27,"381":8,"382":8,"383":8,"384":8,"385":8,"386":8,"387":8,"388":27,"389":27,"390":1,"391":1,"392":1,"393":1,"394":1,"395":1,"396":1,"397":1,"398":1,"399":1,"400":13,"401":13,"402":13,"403":13,"404":13,"405":13,"406":13,"407":13,"408":13,"409":13,"410":13,"411":1,"412":1,"413":13,"414":13,"415":0,"416":0,"417":0,"418":0,"419":13,"420":9,"421":9,"422":9,"423":9,"424":9,"425":9,"426":9,"427":9,"428":9,"429":9,"430":9,"431":9,"432":9,"433":13,"434":4,"435":4,"436":4,"437":4,"438":4,"439":4,"440":4,"441":4,"442":4,"443":4,"444":4,"445":4,"446":4,"447":4,"448":13,"449":13,"450":13,"451":13,"452":1,"453":1,"454":1,"455":1,"456":1,"457":1,"458":1,"459":1,"460":18,"462":18,"463":18,"464":18,"465":18,"467":18,"468":18,"469":18,"470":18,"472":18,"474":18,"475":18,"476":18,"477":18,"478":18,"479":1,"480":1,"481":1},"branchMap":{"0":{"type":"branch","line":59,"loc":{"start":{"line":59,"column":4},"end":{"line":80,"column":5}},"locations":[{"start":{"line":59,"column":4},"end":{"line":80,"column":5}}]},"1":{"type":"branch","line":82,"loc":{"start":{"line":82,"column":4},"end":{"line":99,"column":5}},"locations":[{"start":{"line":82,"column":4},"end":{"line":99,"column":5}}]},"2":{"type":"branch","line":84,"loc":{"start":{"line":84,"column":51},"end":{"line":86,"column":9}},"locations":[{"start":{"line":84,"column":51},"end":{"line":86,"column":9}}]},"3":{"type":"branch","line":89,"loc":{"start":{"line":89,"column":50},"end":{"line":98,"column":9}},"locations":[{"start":{"line":89,"column":50},"end":{"line":98,"column":9}}]},"4":{"type":"branch","line":101,"loc":{"start":{"line":101,"column":4},"end":{"line":110,"column":5}},"locations":[{"start":{"line":101,"column":4},"end":{"line":110,"column":5}}]},"5":{"type":"branch","line":148,"loc":{"start":{"line":148,"column":4},"end":{"line":195,"column":5}},"locations":[{"start":{"line":148,"column":4},"end":{"line":195,"column":5}}]},"6":{"type":"branch","line":151,"loc":{"start":{"line":151,"column":73},"end":{"line":153,"column":13}},"locations":[{"start":{"line":151,"column":73},"end":{"line":153,"column":13}}]},"7":{"type":"branch","line":159,"loc":{"start":{"line":159,"column":56},"end":{"line":162,"column":13}},"locations":[{"start":{"line":159,"column":56},"end":{"line":162,"column":13}}]},"8":{"type":"branch","line":162,"loc":{"start":{"line":162,"column":12},"end":{"line":168,"column":82}},"locations":[{"start":{"line":162,"column":12},"end":{"line":168,"column":82}}]},"9":{"type":"branch","line":168,"loc":{"start":{"line":168,"column":81},"end":{"line":169,"column":25}},"locations":[{"start":{"line":168,"column":81},"end":{"line":169,"column":25}}]},"10":{"type":"branch","line":169,"loc":{"start":{"line":169,"column":25},"end":{"line":173,"column":13}},"locations":[{"start":{"line":169,"column":25},"end":{"line":173,"column":13}}]},"11":{"type":"branch","line":173,"loc":{"start":{"line":173,"column":12},"end":{"line":179,"column":10}},"locations":[{"start":{"line":173,"column":12},"end":{"line":179,"column":10}}]},"12":{"type":"branch","line":179,"loc":{"start":{"line":179,"column":10},"end":{"line":194,"column":9}},"locations":[{"start":{"line":179,"column":10},"end":{"line":194,"column":9}}]},"13":{"type":"branch","line":183,"loc":{"start":{"line":183,"column":46},"end":{"line":183,"column":64}},"locations":[{"start":{"line":183,"column":46},"end":{"line":183,"column":64}}]},"14":{"type":"branch","line":183,"loc":{"start":{"line":183,"column":65},"end":{"line":183,"column":83}},"locations":[{"start":{"line":183,"column":65},"end":{"line":183,"column":83}}]},"15":{"type":"branch","line":186,"loc":{"start":{"line":186,"column":51},"end":{"line":186,"column":86}},"locations":[{"start":{"line":186,"column":51},"end":{"line":186,"column":86}}]},"16":{"type":"branch","line":186,"loc":{"start":{"line":186,"column":87},"end":{"line":186,"column":118}},"locations":[{"start":{"line":186,"column":87},"end":{"line":186,"column":118}}]},"17":{"type":"branch","line":186,"loc":{"start":{"line":186,"column":120},"end":{"line":189,"column":13}},"locations":[{"start":{"line":186,"column":120},"end":{"line":189,"column":13}}]},"18":{"type":"branch","line":191,"loc":{"start":{"line":191,"column":23},"end":{"line":193,"column":13}},"locations":[{"start":{"line":191,"column":23},"end":{"line":193,"column":13}}]},"19":{"type":"branch","line":204,"loc":{"start":{"line":204,"column":4},"end":{"line":222,"column":5}},"locations":[{"start":{"line":204,"column":4},"end":{"line":222,"column":5}}]},"20":{"type":"branch","line":214,"loc":{"start":{"line":214,"column":47},"end":{"line":216,"column":13}},"locations":[{"start":{"line":214,"column":47},"end":{"line":216,"column":13}}]},"21":{"type":"branch","line":216,"loc":{"start":{"line":216,"column":13},"end":{"line":218,"column":13}},"locations":[{"start":{"line":216,"column":13},"end":{"line":218,"column":13}}]},"22":{"type":"branch","line":219,"loc":{"start":{"line":219,"column":10},"end":{"line":221,"column":9}},"locations":[{"start":{"line":219,"column":10},"end":{"line":221,"column":9}}]},"23":{"type":"branch","line":231,"loc":{"start":{"line":231,"column":4},"end":{"line":270,"column":5}},"locations":[{"start":{"line":231,"column":4},"end":{"line":270,"column":5}}]},"24":{"type":"branch","line":243,"loc":{"start":{"line":243,"column":61},"end":{"line":245,"column":9}},"locations":[{"start":{"line":243,"column":61},"end":{"line":245,"column":9}}]},"25":{"type":"branch","line":247,"loc":{"start":{"line":247,"column":52},"end":{"line":264,"column":9}},"locations":[{"start":{"line":247,"column":52},"end":{"line":264,"column":9}}]},"26":{"type":"branch","line":251,"loc":{"start":{"line":251,"column":78},"end":{"line":256,"column":13}},"locations":[{"start":{"line":251,"column":78},"end":{"line":256,"column":13}}]},"27":{"type":"branch","line":256,"loc":{"start":{"line":256,"column":12},"end":{"line":264,"column":8}},"locations":[{"start":{"line":256,"column":12},"end":{"line":264,"column":8}}]},"28":{"type":"branch","line":252,"loc":{"start":{"line":252,"column":43},"end":{"line":252,"column":56}},"locations":[{"start":{"line":252,"column":43},"end":{"line":252,"column":56}}]},"29":{"type":"branch","line":278,"loc":{"start":{"line":278,"column":4},"end":{"line":286,"column":5}},"locations":[{"start":{"line":278,"column":4},"end":{"line":286,"column":5}}]},"30":{"type":"branch","line":279,"loc":{"start":{"line":279,"column":31},"end":{"line":279,"column":73}},"locations":[{"start":{"line":279,"column":31},"end":{"line":279,"column":73}}]},"31":{"type":"branch","line":279,"loc":{"start":{"line":279,"column":75},"end":{"line":285,"column":9}},"locations":[{"start":{"line":279,"column":75},"end":{"line":285,"column":9}}]},"32":{"type":"branch","line":282,"loc":{"start":{"line":282,"column":14},"end":{"line":284,"column":13}},"locations":[{"start":{"line":282,"column":14},"end":{"line":284,"column":13}}]},"33":{"type":"branch","line":294,"loc":{"start":{"line":294,"column":4},"end":{"line":298,"column":5}},"locations":[{"start":{"line":294,"column":4},"end":{"line":298,"column":5}}]},"34":{"type":"branch","line":308,"loc":{"start":{"line":308,"column":4},"end":{"line":324,"column":5}},"locations":[{"start":{"line":308,"column":4},"end":{"line":324,"column":5}}]},"35":{"type":"branch","line":309,"loc":{"start":{"line":309,"column":48},"end":{"line":309,"column":55}},"locations":[{"start":{"line":309,"column":48},"end":{"line":309,"column":55}}]},"36":{"type":"branch","line":310,"loc":{"start":{"line":310,"column":76},"end":{"line":310,"column":83}},"locations":[{"start":{"line":310,"column":76},"end":{"line":310,"column":83}}]},"37":{"type":"branch","line":315,"loc":{"start":{"line":315,"column":10},"end":{"line":318,"column":9}},"locations":[{"start":{"line":315,"column":10},"end":{"line":318,"column":9}}]},"38":{"type":"branch","line":321,"loc":{"start":{"line":321,"column":19},"end":{"line":323,"column":9}},"locations":[{"start":{"line":321,"column":19},"end":{"line":323,"column":9}}]},"39":{"type":"branch","line":333,"loc":{"start":{"line":333,"column":4},"end":{"line":348,"column":5}},"locations":[{"start":{"line":333,"column":4},"end":{"line":348,"column":5}}]},"40":{"type":"branch","line":334,"loc":{"start":{"line":334,"column":42},"end":{"line":347,"column":9}},"locations":[{"start":{"line":334,"column":42},"end":{"line":347,"column":9}}]},"41":{"type":"branch","line":356,"loc":{"start":{"line":356,"column":4},"end":{"line":361,"column":5}},"locations":[{"start":{"line":356,"column":4},"end":{"line":361,"column":5}}]},"42":{"type":"branch","line":369,"loc":{"start":{"line":369,"column":4},"end":{"line":372,"column":5}},"locations":[{"start":{"line":369,"column":4},"end":{"line":372,"column":5}}]},"43":{"type":"branch","line":380,"loc":{"start":{"line":380,"column":4},"end":{"line":390,"column":5}},"locations":[{"start":{"line":380,"column":4},"end":{"line":390,"column":5}}]},"44":{"type":"branch","line":381,"loc":{"start":{"line":381,"column":41},"end":{"line":389,"column":9}},"locations":[{"start":{"line":381,"column":41},"end":{"line":389,"column":9}}]},"45":{"type":"branch","line":400,"loc":{"start":{"line":400,"column":4},"end":{"line":411,"column":5}},"locations":[{"start":{"line":400,"column":4},"end":{"line":411,"column":5}}]},"46":{"type":"branch","line":404,"loc":{"start":{"line":404,"column":35},"end":{"line":404,"column":56}},"locations":[{"start":{"line":404,"column":35},"end":{"line":404,"column":56}}]},"47":{"type":"branch","line":413,"loc":{"start":{"line":413,"column":4},"end":{"line":452,"column":5}},"locations":[{"start":{"line":413,"column":4},"end":{"line":452,"column":5}}]},"48":{"type":"branch","line":420,"loc":{"start":{"line":420,"column":14},"end":{"line":434,"column":6}},"locations":[{"start":{"line":420,"column":14},"end":{"line":434,"column":6}}]},"49":{"type":"branch","line":434,"loc":{"start":{"line":434,"column":6},"end":{"line":449,"column":9}},"locations":[{"start":{"line":434,"column":6},"end":{"line":449,"column":9}}]},"50":{"type":"branch","line":460,"loc":{"start":{"line":460,"column":4},"end":{"line":479,"column":5}},"locations":[{"start":{"line":460,"column":4},"end":{"line":479,"column":5}}]}},"b":{"0":[29],"1":[29],"2":[3],"3":[3],"4":[29],"5":[28],"6":[1],"7":[1],"8":[27],"9":[23],"10":[1],"11":[22],"12":[5],"13":[0],"14":[0],"15":[4],"16":[2],"17":[3],"18":[3],"19":[15],"20":[1],"21":[14],"22":[0],"23":[22],"24":[13],"25":[14],"26":[1],"27":[13],"28":[1],"29":[21],"30":[20],"31":[16],"32":[1],"33":[2],"34":[1],"35":[0],"36":[0],"37":[0],"38":[1],"39":[6],"40":[3],"41":[1],"42":[9],"43":[27],"44":[8],"45":[13],"46":[13],"47":[13],"48":[9],"49":[4],"50":[18]},"fnMap":{"0":{"name":"AudioHandler","decl":{"start":{"line":59,"column":4},"end":{"line":80,"column":5}},"loc":{"start":{"line":59,"column":4},"end":{"line":80,"column":5}},"line":59},"1":{"name":"setupEventBusListeners","decl":{"start":{"line":82,"column":4},"end":{"line":99,"column":5}},"loc":{"start":{"line":82,"column":4},"end":{"line":99,"column":5}},"line":82},"2":{"name":"setupEventListeners","decl":{"start":{"line":101,"column":4},"end":{"line":110,"column":5}},"loc":{"start":{"line":101,"column":4},"end":{"line":110,"column":5}},"line":101},"3":{"name":"toggleRecording","decl":{"start":{"line":128,"column":4},"end":{"line":134,"column":5}},"loc":{"start":{"line":128,"column":4},"end":{"line":134,"column":5}},"line":128},"4":{"name":"startRecordingFlow","decl":{"start":{"line":148,"column":4},"end":{"line":195,"column":5}},"loc":{"start":{"line":148,"column":4},"end":{"line":195,"column":5}},"line":148},"5":{"name":"stopRecordingFlow","decl":{"start":{"line":204,"column":4},"end":{"line":222,"column":5}},"loc":{"start":{"line":204,"column":4},"end":{"line":222,"column":5}},"line":204},"6":{"name":"startRecording","decl":{"start":{"line":231,"column":4},"end":{"line":270,"column":5}},"loc":{"start":{"line":231,"column":4},"end":{"line":270,"column":5}},"line":231},"7":{"name":"safeStopRecorder","decl":{"start":{"line":278,"column":4},"end":{"line":286,"column":5}},"loc":{"start":{"line":278,"column":4},"end":{"line":286,"column":5}},"line":278},"8":{"name":"stopRecording","decl":{"start":{"line":294,"column":4},"end":{"line":298,"column":5}},"loc":{"start":{"line":294,"column":4},"end":{"line":298,"column":5}},"line":294},"9":{"name":"gracefulStop","decl":{"start":{"line":308,"column":4},"end":{"line":324,"column":5}},"loc":{"start":{"line":308,"column":4},"end":{"line":324,"column":5}},"line":308},"10":{"name":"togglePause","decl":{"start":{"line":333,"column":4},"end":{"line":348,"column":5}},"loc":{"start":{"line":333,"column":4},"end":{"line":348,"column":5}},"line":333},"11":{"name":"cancelRecording","decl":{"start":{"line":356,"column":4},"end":{"line":361,"column":5}},"loc":{"start":{"line":356,"column":4},"end":{"line":361,"column":5}},"line":356},"12":{"name":"getTimerMilliseconds","decl":{"start":{"line":369,"column":4},"end":{"line":372,"column":5}},"loc":{"start":{"line":369,"column":4},"end":{"line":372,"column":5}},"line":369},"13":{"name":"startTimer","decl":{"start":{"line":380,"column":4},"end":{"line":390,"column":5}},"loc":{"start":{"line":380,"column":4},"end":{"line":390,"column":5}},"line":380},"14":{"name":"processAndSendAudio","decl":{"start":{"line":400,"column":4},"end":{"line":411,"column":5}},"loc":{"start":{"line":400,"column":4},"end":{"line":411,"column":5}},"line":400},"15":{"name":"sendToAzureAPI","decl":{"start":{"line":413,"column":4},"end":{"line":452,"column":5}},"loc":{"start":{"line":413,"column":4},"end":{"line":452,"column":5}},"line":413},"16":{"name":"cleanup","decl":{"start":{"line":460,"column":4},"end":{"line":479,"column":5}},"loc":{"start":{"line":460,"column":4},"end":{"line":479,"column":5}},"line":460}},"f":{"0":29,"1":29,"2":29,"3":0,"4":28,"5":15,"6":22,"7":21,"8":2,"9":1,"10":6,"11":1,"12":9,"13":27,"14":13,"15":13,"16":18}}
,"/home/ahmedmuhi/projects/whisper-transcribe/js/constants.js": {"path":"/home/ahmedmuhi/projects/whisper-transcribe/js/constants.js","all":false,"statementMap":{"0":{"start":{"line":1,"column":0},"end":{"line":1,"column":3}},"1":{"start":{"line":2,"column":0},"end":{"line":2,"column":70}},"2":{"start":{"line":3,"column":0},"end":{"line":3,"column":91}},"3":{"start":{"line":4,"column":0},"end":{"line":4,"column":3}},"4":{"start":{"line":5,"column":0},"end":{"line":5,"column":20}},"5":{"start":{"line":6,"column":0},"end":{"line":6,"column":15}},"6":{"start":{"line":7,"column":0},"end":{"line":7,"column":3}},"8":{"start":{"line":9,"column":0},"end":{"line":9,"column":3}},"9":{"start":{"line":10,"column":0},"end":{"line":10,"column":56}},"10":{"start":{"line":11,"column":0},"end":{"line":11,"column":3}},"11":{"start":{"line":12,"column":0},"end":{"line":12,"column":28}},"12":{"start":{"line":13,"column":0},"end":{"line":13,"column":66}},"13":{"start":{"line":14,"column":0},"end":{"line":14,"column":72}},"14":{"start":{"line":15,"column":0},"end":{"line":15,"column":69}},"15":{"start":{"line":16,"column":0},"end":{"line":16,"column":71}},"16":{"start":{"line":17,"column":0},"end":{"line":17,"column":71}},"17":{"start":{"line":18,"column":0},"end":{"line":18,"column":73}},"18":{"start":{"line":19,"column":0},"end":{"line":19,"column":3}},"19":{"start":{"line":20,"column":0},"end":{"line":20,"column":23}},"20":{"start":{"line":21,"column":0},"end":{"line":21,"column":26}},"21":{"start":{"line":22,"column":0},"end":{"line":22,"column":26}},"22":{"start":{"line":23,"column":0},"end":{"line":23,"column":26}},"23":{"start":{"line":24,"column":0},"end":{"line":24,"column":26}},"24":{"start":{"line":25,"column":0},"end":{"line":25,"column":28}},"25":{"start":{"line":26,"column":0},"end":{"line":26,"column":28}},"26":{"start":{"line":27,"column":0},"end":{"line":27,"column":28}},"27":{"start":{"line":28,"column":0},"end":{"line":28,"column":2}},"29":{"start":{"line":30,"column":0},"end":{"line":30,"column":3}},"30":{"start":{"line":31,"column":0},"end":{"line":31,"column":58}},"31":{"start":{"line":32,"column":0},"end":{"line":32,"column":3}},"32":{"start":{"line":33,"column":0},"end":{"line":33,"column":34}},"33":{"start":{"line":34,"column":0},"end":{"line":34,"column":74}},"34":{"start":{"line":35,"column":0},"end":{"line":35,"column":68}},"35":{"start":{"line":36,"column":0},"end":{"line":36,"column":78}},"36":{"start":{"line":37,"column":0},"end":{"line":37,"column":65}},"37":{"start":{"line":38,"column":0},"end":{"line":38,"column":75}},"38":{"start":{"line":39,"column":0},"end":{"line":39,"column":78}},"39":{"start":{"line":40,"column":0},"end":{"line":40,"column":3}},"40":{"start":{"line":41,"column":0},"end":{"line":41,"column":29}},"41":{"start":{"line":42,"column":0},"end":{"line":42,"column":42}},"42":{"start":{"line":43,"column":0},"end":{"line":43,"column":34}},"43":{"start":{"line":44,"column":0},"end":{"line":44,"column":38}},"44":{"start":{"line":45,"column":0},"end":{"line":45,"column":32}},"45":{"start":{"line":46,"column":0},"end":{"line":46,"column":36}},"46":{"start":{"line":47,"column":0},"end":{"line":47,"column":31}},"47":{"start":{"line":48,"column":0},"end":{"line":48,"column":2}},"49":{"start":{"line":50,"column":0},"end":{"line":50,"column":3}},"50":{"start":{"line":51,"column":0},"end":{"line":51,"column":58}},"51":{"start":{"line":52,"column":0},"end":{"line":52,"column":3}},"52":{"start":{"line":53,"column":0},"end":{"line":53,"column":32}},"53":{"start":{"line":54,"column":0},"end":{"line":54,"column":71}},"54":{"start":{"line":55,"column":0},"end":{"line":55,"column":74}},"55":{"start":{"line":56,"column":0},"end":{"line":56,"column":78}},"56":{"start":{"line":57,"column":0},"end":{"line":57,"column":81}},"57":{"start":{"line":58,"column":0},"end":{"line":58,"column":82}},"58":{"start":{"line":59,"column":0},"end":{"line":59,"column":3}},"59":{"start":{"line":60,"column":0},"end":{"line":60,"column":27}},"60":{"start":{"line":61,"column":0},"end":{"line":61,"column":26}},"61":{"start":{"line":62,"column":0},"end":{"line":62,"column":30}},"62":{"start":{"line":63,"column":0},"end":{"line":63,"column":37}},"63":{"start":{"line":64,"column":0},"end":{"line":64,"column":33}},"64":{"start":{"line":65,"column":0},"end":{"line":65,"column":28}},"65":{"start":{"line":66,"column":0},"end":{"line":66,"column":2}},"67":{"start":{"line":68,"column":0},"end":{"line":68,"column":3}},"68":{"start":{"line":69,"column":0},"end":{"line":69,"column":79}},"69":{"start":{"line":70,"column":0},"end":{"line":70,"column":52}},"70":{"start":{"line":71,"column":0},"end":{"line":71,"column":3}},"71":{"start":{"line":72,"column":0},"end":{"line":72,"column":24}},"72":{"start":{"line":73,"column":0},"end":{"line":73,"column":12}},"73":{"start":{"line":74,"column":0},"end":{"line":74,"column":67}},"74":{"start":{"line":75,"column":0},"end":{"line":75,"column":59}},"75":{"start":{"line":76,"column":0},"end":{"line":76,"column":61}},"76":{"start":{"line":77,"column":0},"end":{"line":77,"column":66}},"77":{"start":{"line":78,"column":0},"end":{"line":78,"column":71}},"78":{"start":{"line":79,"column":0},"end":{"line":79,"column":58}},"79":{"start":{"line":80,"column":0},"end":{"line":80,"column":66}},"80":{"start":{"line":81,"column":0},"end":{"line":81,"column":61}},"81":{"start":{"line":82,"column":0},"end":{"line":82,"column":66}},"82":{"start":{"line":83,"column":0},"end":{"line":83,"column":61}},"83":{"start":{"line":84,"column":0},"end":{"line":84,"column":67}},"84":{"start":{"line":85,"column":0},"end":{"line":85,"column":69}},"85":{"start":{"line":86,"column":0},"end":{"line":86,"column":67}},"86":{"start":{"line":87,"column":0},"e
[...]
:232,"column":26}}]},"14":{"type":"branch","line":233,"loc":{"start":{"line":233,"column":16},"end":{"line":235,"column":26}},"locations":[{"start":{"line":233,"column":16},"end":{"line":235,"column":26}}]},"15":{"type":"branch","line":236,"loc":{"start":{"line":236,"column":16},"end":{"line":240,"column":26}},"locations":[{"start":{"line":236,"column":16},"end":{"line":240,"column":26}}]},"16":{"type":"branch","line":245,"loc":{"start":{"line":245,"column":55},"end":{"line":248,"column":9}},"locations":[{"start":{"line":245,"column":55},"end":{"line":248,"column":9}}]},"17":{"type":"branch","line":251,"loc":{"start":{"line":251,"column":50},"end":{"line":253,"column":9}},"locations":[{"start":{"line":251,"column":50},"end":{"line":253,"column":9}}]},"18":{"type":"branch","line":285,"loc":{"start":{"line":285,"column":52},"end":{"line":304,"column":9}},"locations":[{"start":{"line":285,"column":52},"end":{"line":304,"column":9}}]},"19":{"type":"branch","line":287,"loc":{"start":{"line":287,"column":46},"end":{"line":290,"column":13}},"locations":[{"start":{"line":287,"column":46},"end":{"line":290,"column":13}}]},"20":{"type":"branch","line":296,"loc":{"start":{"line":296,"column":47},"end":{"line":299,"column":17}},"locations":[{"start":{"line":296,"column":47},"end":{"line":299,"column":17}}]},"21":{"type":"branch","line":300,"loc":{"start":{"line":300,"column":14},"end":{"line":303,"column":13}},"locations":[{"start":{"line":300,"column":14},"end":{"line":303,"column":13}}]},"22":{"type":"branch","line":306,"loc":{"start":{"line":306,"column":51},"end":{"line":312,"column":9}},"locations":[{"start":{"line":306,"column":51},"end":{"line":312,"column":9}}]},"23":{"type":"branch","line":307,"loc":{"start":{"line":307,"column":46},"end":{"line":310,"column":13}},"locations":[{"start":{"line":307,"column":46},"end":{"line":310,"column":13}}]},"24":{"type":"branch","line":310,"loc":{"start":{"line":310,"column":12},"end":{"line":312,"column":8}},"locations":[{"start":{"line":310,"column":12},"end":{"line":312,"column":8}}]},"25":{"type":"branch","line":315,"loc":{"start":{"line":315,"column":48},"end":{"line":317,"column":9}},"locations":[{"start":{"line":315,"column":48},"end":{"line":317,"column":9}}]},"26":{"type":"branch","line":319,"loc":{"start":{"line":319,"column":47},"end":{"line":321,"column":9}},"locations":[{"start":{"line":319,"column":47},"end":{"line":321,"column":9}}]},"27":{"type":"branch","line":323,"loc":{"start":{"line":323,"column":53},"end":{"line":325,"column":9}},"locations":[{"start":{"line":323,"column":53},"end":{"line":325,"column":9}}]},"28":{"type":"branch","line":327,"loc":{"start":{"line":327,"column":54},"end":{"line":329,"column":9}},"locations":[{"start":{"line":327,"column":54},"end":{"line":329,"column":9}}]},"29":{"type":"branch","line":331,"loc":{"start":{"line":331,"column":62},"end":{"line":333,"column":9}},"locations":[{"start":{"line":331,"column":62},"end":{"line":333,"column":9}}]},"30":{"type":"branch","line":335,"loc":{"start":{"line":335,"column":58},"end":{"line":337,"column":9}},"locations":[{"start":{"line":335,"column":58},"end":{"line":337,"column":9}}]},"31":{"type":"branch","line":339,"loc":{"start":{"line":339,"column":50},"end":{"line":341,"column":9}},"locations":[{"start":{"line":339,"column":50},"end":{"line":341,"column":9}}]},"32":{"type":"branch","line":343,"loc":{"start":{"line":343,"column":48},"end":{"line":345,"column":9}},"locations":[{"start":{"line":343,"column":48},"end":{"line":345,"column":9}}]},"33":{"type":"branch","line":347,"loc":{"start":{"line":347,"column":48},"end":{"line":349,"column":9}},"locations":[{"start":{"line":347,"column":48},"end":{"line":349,"column":9}}]},"34":{"type":"branch","line":454,"loc":{"start":{"line":454,"column":4},"end":{"line":462,"column":5}},"locations":[{"start":{"line":454,"column":4},"end":{"line":462,"column":5}}]},"35":{"type":"branch","line":455,"loc":{"start":{"line":455,"column":47},"end":{"line":458,"column":9}},"locations":[{"start":{"line":455,"column":47},"end":{"line":458,"column":9}}]},"36":{"type":"branch","line":496,"loc":{"start":{"line":496,"column":4},"end":{"line":509,"column":5}},"locations":[{"start":{"line":496,"column":4},"end":{"line":509,"column":5}}]},"37":{"type":"branch","line":497,"loc":{"start":{"line":497,"column":42},"end":{"line":499,"column":9}},"locations":[{"start":{"line":497,"column":42},"end":{"line":499,"column":9}}]},"38":{"type":"branch","line":500,"loc":{"start":{"line":500,"column":48},"end":{"line":500,"column":78}},"locations":[{"start":{"line":500,"column":48},"end":{"line":500,"column":78}}]},"39":{"type":"branch","line":511,"loc":{"start":{"line":511,"column":4},"end":{"line":513,"column":5}},"locations":[{"start":{"line":511,"column":4},"end":{"line":513,"column":5}}]},"40":{"type":"branch","line":523,"loc":{"start":{"line":523,"column":4},"end":{"line":525,"column":5}},"locations":[{"start":{"line":523,"column":4},"end":{"line":525,"column":5}}]},"41":{"type":"branch","line":535,"loc":{"start":{"line":535,"column":4},"end":{"line":537,"column":5}},"locations":[{"start":{"line":535,"column":4},"end":{"line":537,"column":5}}]},"42":{"type":"branch","line":546,"loc":{"start":{"line":546,"column":4},"end":{"line":553,"column":5}},"locations":[{"start":{"line":546,"column":4},"end":{"line":553,"column":5}}]},"43":{"type":"branch","line":547,"loc":{"start":{"line":547,"column":25},"end":{"line":550,"column":9}},"locations":[{"start":{"line":547,"column":25},"end":{"line":550,"column":9}}]},"44":{"type":"branch","line":550,"loc":{"start":{"line":550,"column":9},"end":{"line":552,"column":9}},"locations":[{"start":{"line":550,"column":9},"end":{"line":552,"column":9}}]},"45":{"type":"branch","line":562,"loc":{"start":{"line":562,"column":4},"end":{"line":573,"column":5}},"locations":[{"start":{"line":562,"column":4},"end":{"line":573,"column":5}}]},"46":{"type":"branch","line":563,"loc":{"start":{"line":563,"column":22},"end":{"line":568,"column":9}},"locations":[{"start":{"line":563,"column":22},"end":{"line":568,"column":9}}]},"47":{"type":"branch","line":568,"loc":{"start":{"line":568,"column":9},"end":{"line":572,"column":9}},"locations":[{"start":{"line":568,"column":9},"end":{"line":572,"column":9}}]},"48":{"type":"branch","line":575,"loc":{"start":{"line":575,"column":4},"end":{"line":579,"column":5}},"locations":[{"start":{"line":575,"column":4},"end":{"line":579,"column":5}}]},"49":{"type":"branch","line":590,"loc":{"start":{"line":590,"column":4},"end":{"line":594,"column":5}},"locations":[{"start":{"line":590,"column":4},"end":{"line":594,"column":5}}]},"50":{"type":"branch","line":605,"loc":{"start":{"line":605,"column":4},"end":{"line":609,"column":5}},"locations":[{"start":{"line":605,"column":4},"end":{"line":609,"column":5}}]},"51":{"type":"branch","line":619,"loc":{"start":{"line":619,"column":4},"end":{"line":626,"column":5}},"locations":[{"start":{"line":619,"column":4},"end":{"line":626,"column":5}}]},"52":{"type":"branch","line":623,"loc":{"start":{"line":623,"column":46},"end":{"line":623,"column":69}},"locations":[{"start":{"line":623,"column":46},"end":{"line":623,"column":69}}]}},"b":{"0":[52],"1":[52],"2":[4],"3":[2],"4":[0],"5":[0],"6":[0],"7":[10],"8":[3],"9":[0],"10":[2],"11":[1],"12":[0],"13":[2],"14":[0],"15":[2],"16":[2],"17":[2],"18":[15],"19":[0],"20":[13],"21":[5],"22":[17],"23":[10],"24":[16],"25":[3],"26":[3],"27":[3],"28":[3],"29":[5],"30":[5],"31":[3],"32":[3],"33":[3],"34":[10],"35":[1],"36":[2],"37":[0],"38":[0],"39":[14],"40":[5],"41":[12],"42":[15],"43":[4],"44":[11],"45":[16],"46":[3],"47":[13],"48":[8],"49":[10],"50":[5],"51":[5],"52":[0]},"fnMap":{"0":{"name":"UI","decl":{"start":{"line":45,"column":4},"end":{"line":69,"column":5}},"loc":{"start":{"line":45,"column":4},"end":{"line":69,"column":5}},"line":45},"1":{"name":"init","decl":{"start":{"line":79,"column":4},"end":{"line":95,"column":5}},"loc":{"start":{"line":79,"column":4},"end":{"line":95,"column":5}},"line":79},"2":{"name":"setupEventListeners","decl":{"start":{"line":103,"column":4},"end":{"line":173,"column":5}},"loc":{"start":{"line":103,"column":4},"end":{"line":173,"column":5}},"line":103},"3":{"name":"setupEventBusListeners","decl":{"start":{"line":182,"column":4},"end":{"line":350,"column":5}},"loc":{"start":{"line":182,"column":4},"end":{"line":350,"column":5}},"line":182},"4":{"name":"loadTheme","decl":{"start":{"line":352,"column":4},"end":{"line":367,"column":5}},"loc":{"start":{"line":352,"column":4},"end":{"line":367,"column":5}},"line":352},"5":{"name":"applyTheme","decl":{"start":{"line":369,"column":4},"end":{"line":399,"column":5}},"loc":{"start":{"line":369,"column":4},"end":{"line":399,"column":5}},"line":369},"6":{"name":"checkBrowserSupport","decl":{"start":{"line":401,"column":4},"end":{"line":408,"column":5}},"loc":{"start":{"line":401,"column":4},"end":{"line":408,"column":5}},"line":401},"7":{"name":"checkRecordingPrerequisites","decl":{"start":{"line":411,"column":4},"end":{"line":433,"column":5}},"loc":{"start":{"line":411,"column":4},"end":{"line":433,"column":5}},"line":411},"8":{"name":"enableMicrophoneAfterFix","decl":{"start":{"line":436,"column":4},"end":{"line":441,"column":5}},"loc":{"start":{"line":436,"column":4},"end":{"line":441,"column":5}},"line":436},"9":{"name":"setStatus","decl":{"start":{"line":454,"column":4},"end":{"line":462,"column":5}},"loc":{"start":{"line":454,"column":4},"end":{"line":462,"column":5}},"line":454},"10":{"name":"setStatusHTML","decl":{"start":{"line":474,"column":4},"end":{"line":476,"column":5}},"loc":{"start":{"line":474,"column":4},"end":{"line":476,"column":5}},"line":474},"11":{"name":"showError","decl":{"start":{"line":485,"column":4},"end":{"line":487,"column":5}},"loc":{"start":{"line":485,"column":4},"end":{"line":487,"column":5}},"line":485},"12":{"name":"displayTranscription","decl":{"start":{"line":496,"column":4},"end":{"line":509,"column":5}},"loc":{"start":{"line":496,"column":4},"end":{"line":509,"column":5}},"line":496},"13":{"name":"updateTimer","decl":{"start":{"line":511,"column":4},"end":{"line":513,"column":5}},"loc":{"start":{"line":511,"column":4},"end":{"line":513,"column":5}},"line":511},"14":{"name":"showSpinner","decl":{"start":{"line":523,"column":4},"end":{"line":525,"column":5}},"loc":{"start":{"line":523,"column":4},"end":{"line":525,"column":5}},"line":523},"15":{"name":"hideSpinner","decl":{"start":{"line":535,"column":4},"end":{"line":537,"column":5}},"loc":{"start":{"line":535,"column":4},"end":{"line":537,"column":5}},"line":535},"16":{"name":"setRecordingState","decl":{"start":{"line":546,"column":4},"end":{"line":553,"column":5}},"loc":{"start":{"line":546,"column":4},"end":{"line":553,"column":5}},"line":546},"17":{"name":"setPauseState","decl":{"start":{"line":562,"column":4},"end":{"line":573,"column":5}},"loc":{"start":{"line":562,"column":4},"end":{"line":573,"column":5}},"line":562},"18":{"name":"resetControlsAfterRecording","decl":{"start":{"line":575,"column":4},"end":{"line":579,"column":5}},"loc":{"start":{"line":575,"column":4},"end":{"line":579,"column":5}},"line":575},"19":{"name":"enableMicButton","decl":{"start":{"line":590,"column":4},"end":{"line":594,"column":5}},"loc":{"start":{"line":590,"column":4},"end":{"line":594,"column":5}},"line":590},"20":{"name":"disableMicButton","decl":{"start":{"line":605,"column":4},"end":{"line":609,"column":5}},"loc":{"start":{"line":605,"column":4},"end":{"line":609,"column":5}},"line":605},"21":{"name":"openSettingsModal","decl":{"start":{"line":612,"column":4},"end":{"line":616,"column":5}},"loc":{"start":{"line":612,"column":4},"end":{"line":616,"column":5}},"line":612},"22":{"name":"clearVisualization","decl":{"start":{"line":619,"column":4},"end":{"line":626,"column":5}},"loc":{"start":{"line":619,"column":4},"end":{"line":626,"column":5}},"line":619},"23":{"name":"stopVisualization","decl":{"start":{"line":629,"column":4},"end":{"line":635,"column":5}},"loc":{"start":{"line":629,"column":4},"end":{"line":635,"column":5}},"line":629}},"f":{"0":52,"1":0,"2":0,"3":52,"4":0,"5":0,"6":0,"7":0,"8":0,"9":10,"10":0,"11":0,"12":2,"13":14,"14":5,"15":12,"16":15,"17":16,"18":8,"19":10,"20":5,"21":0,"22":5,"23":0}}
,"/home/ahmedmuhi/projects/whisper-transcribe/js/visualization.js": {"path":"/home/ahmedmuhi/projects/whisper-transcribe/js/visualization.js","all":false,"statementMap":{"0":{"start":{"line":1,"column":0},"end":{"line":1,"column":22}},"1":{"start":{"line":2,"column":0},"end":{"line":2,"column":42}},"3":{"start":{"line":4,"column":0},"end":{"line":4,"column":3}},"4":{"start":{"line":5,"column":0},"end":{"line":5,"column":77}},"5":{"start":{"line":6,"column":0},"end":{"line":6,"column":9}},"6":{"start":{"line":7,"column":0},"end":{"line":7,"column":81}},"7":{"start":{"line":8,"column":0},"end":{"line":8,"column":24}},"8":{"start":{"line":9,"column":0},"end":{"line":9,"column":23}},"9":{"start":{"line":10,"column":0},"end":{"line":10,"column":3}},"10":{"start":{"line":11,"column":0},"end":{"line":11,"column":3}},"11":{"start":{"line":12,"column":0},"end":{"line":12,"column":81}},"12":{"start":{"line":13,"column":0},"end":{"line":13,"column":34}},"13":{"start":{"line":14,"column":0},"end":{"line":14,"column":3}},"14":{"start":{"line":15,"column":0},"end":{"line":15,"column":38}},"15":{"start":{"line":16,"column":0},"end":{"line":16,"column":46}},"16":{"start":{"line":17,"column":0},"end":{"line":17,"column":29}},"17":{"start":{"line":18,"column":0},"end":{"line":18,"column":29}},"18":{"start":{"line":19,"column":0},"end":{"line":19,"column":39}},"19":{"start":{"line":20,"column":0},"end":{"line":20,"column":49}},"20":{"start":{"line":21,"column":0},"end":{"line":21,"column":85}},"21":{"start":{"line":22,"column":0},"end":{"line":22,"column":59}},"22":{"start":{"line":23,"column":0},"end":{"line":23,"column":72}},"23":{"start":{"line":24,"column":0},"end":{"line":24,"column":36}},"24":{"start":{"line":25,"column":0},"end":{"line":25,"column":60}},"25":{"start":{"line":26,"column":0},"end":{"line":26,"column":59}},"26":{"start":{"line":27,"column":0},"end":{"line":27,"column":32}},"27":{"start":{"line":28,"column":0},"end":{"line":28,"column":62}},"28":{"start":{"line":29,"column":0},"end":{"line":29,"column":43}},"29":{"start":{"line":30,"column":0},"end":{"line":30,"column":32}},"30":{"start":{"line":31,"column":0},"end":{"line":31,"column":62}},"31":{"start":{"line":32,"column":0},"end":{"line":32,"column":5}},"33":{"start":{"line":34,"column":0},"end":{"line":34,"column":7}},"34":{"start":{"line":35,"column":0},"end":{"line":35,"column":63}},"35":{"start":{"line":36,"column":0},"end":{"line":36,"column":31}},"36":{"start":{"line":37,"column":0},"end":{"line":37,"column":22}},"37":{"start":{"line":38,"column":0},"end":{"line":38,"column":7}},"38":{"start":{"line":39,"column":0},"end":{"line":39,"column":24}},"39":{"start":{"line":40,"column":0},"end":{"line":40,"column":66}},"40":{"start":{"line":41,"column":0},"end":{"line":41,"column":68}},"41":{"start":{"line":42,"column":0},"end":{"line":42,"column":5}},"43":{"start":{"line":44,"column":0},"end":{"line":44,"column":7}},"44":{"start":{"line":45,"column":0},"end":{"line":45,"column":48}},"45":{"start":{"line":46,"column":0},"end":{"line":46,"column":20}},"46":{"start":{"line":47,"column":0},"end":{"line":47,"column":22}},"47":{"start":{"line":48,"column":0},"end":{"line":48,"column":7}},"48":{"start":{"line":49,"column":0},"end":{"line":49,"column":13}},"49":{"start":{"line":50,"column":0},"end":{"line":50,"column":28}},"50":{"start":{"line":51,"column":0},"end":{"line":51,"column":59}},"51":{"start":{"line":52,"column":0},"end":{"line":52,"column":63}},"52":{"start":{"line":53,"column":0},"end":{"line":53,"column":105}},"53":{"start":{"line":54,"column":0},"end":{"line":54,"column":81}},"54":{"start":{"line":55,"column":0},"end":{"line":55,"column":75}},"55":{"start":{"line":56,"column":0},"end":{"line":56,"column":22}},"56":{"start":{"line":57,"column":0},"end":{"line":57,"column":57}},"57":{"start":{"line":58,"column":0},"end":{"line":58,"column":87}},"58":{"start":{"line":59,"column":0},"end":{"line":59,"column":58}},"59":{"start":{"line":60,"column":0},"end":{"line":60,"column":67}},"60":{"start":{"line":61,"column":0},"end":{"line":61,"column":96}},"61":{"start":{"line":62,"column":0},"end":{"line":62,"column":34}},"62":{"start":{"line":63,"column":0},"end":{"line":63,"column":13}},"63":{"start":{"line":64,"column":0},"end":{"line":64,"column":10}},"64":{"start":{"line":65,"column":0},"end":{"line":65,"column":15}},"65":{"start":{"line":66,"column":0},"end":{"line":66,"column":5}},"67":{"start":{"line":68,"column":0},"end":{"line":68,"column":7}},"68":{"start":{"line":69,"column":0},"end":{"line":69,"column":78}},"69":{"start":{"line":70,"column":0},"end":{"line":70,"column":19}},"70":{"start":{"line":71,"column":0},"end":{"line":71,"column":22}},"71":{"start":{"line":72,"column":0},"end":{"line":72,"column":7}},"72":{"start":{"line":73,"column":0},"end":{"line":73,"column":12}},"73":{"start":{"line":74,"column":0},"end":{"line":74,"column":31}},"74":{"start":{"line":75,"column":0},"end":{"line":75,"column":51}},"75":{"start":{"line":76,"column":0},"end":{"line":76,"column":9}},"76":{"start":{"line":77,"column":0},"end":{"line":77,"column":65}},"77":{"start":{"line":78,"column":0},"end":{"line":78,"column":26}},"78":{"start":{"line":79,"column":0},"end":{"line":79,"column":82}},"79":{"start":{"line":80,"column":0},"end":{"line":80,"column":9}},"80":{"start":{"line":81,"column":0},"end":{"line":81,"column":72}},"81":{"start":{"line":82,"column":0},"end":{"line":82,"column":77}},"82":{"start":{"line":83,"column":0},"end":{"line":83,"column":9}},"83":{"start":{"line":84,"column":0},"end":{"line":84,"column":27}},"84":{"start":{"line":85,"column":0},"end":{"line":85,"column":87}},"85":{"start":{"line":86,"column":0},"end":{"line":86,"column":77}},"86":{"start":{"line":87,"column":0},"end":{"line":87,"column":5}},"87":{"start":{"line":88,"column":0},"end":{"line":88,"column":1}}},"s":{"0":1,"1":1,"3":1,"4":1,"5":1,"6":1,"7":1,"8":1,"9":1,"10":1,"11":1,"12":1,"13":1,"14":1,"15":1,"16":5,"17":5,"18":5,"19":5,"20":5,"21":5,"22":5,"23":5,"24":5,"25":5,"26":5,"27":5,"28":5,"29":5,"30":5,"31":5,"33":1,"34":1,"35":1,"36":1,"37":1,"38":1,"39":5,"40":5,"41":5,"43":1,"44":1,"45":1,"46":1,"47":1,"48":1,"49":0,"50":0,"51":0,"52":0,"53":0,"54":0,"55":0,"56":0,"57":0,"58":0,"59":0,"60":0,"61":0,"62":0,"63":0,"64":0,"65":0,"67":1,"68":1,"69":1,"70":1,"71":1,"72":1,"73":0,"74":0,"75":0,"76":0,"77":0,"78":0,"79":0,"80":0,"81":0,"82":0,"83":0,"84":0,"85":0,"86":0,"87":1},"branchMap":{"0":{"type":"branch","line":16,"loc":{"start":{"line":16,"column":4},"end":{"line":32,"column":5}},"locations":[{"start":{"line":16,"column":4},"end":{"line":32,"column":5}}]},"1":{"type":"branch","line":21,"loc":{"start":{"line":21,"column":53},"end":{"line":21,"column":81}},"locations":[{"start":{"line":21,"column":53},"end":{"line":21,"column":81}}]},"2":{"type":"branch","line":39,"loc":{"start":{"line":39,"column":4},"end":{"line":42,"column":5}},"locations":[{"start":{"line":39,"column":4},"end":{"line":42,"column":5}}]}},"b":{"0":[5],"1":[0],"2":[5]},"fnMap":{"0":{"name":"VisualizationController","decl":{"start":{"line":16,"column":4},"end":{"line":32,"column":5}},"loc":{"start":{"line":16,"column":4},"end":{"line":32,"column":5}},"line":16},"1":{"name":"updateCanvasSize","decl":{"start":{"line":39,"column":4},"end":{"line":42,"column":5}},"loc":{"start":{"line":39,"column":4},"end":{"line":42,"column":5}},"line":39},"2":{"name":"start","decl":{"start":{"line":49,"column":4},"end":{"line":66,"column":5}},"loc":{"start":{"line":49,"column":4},"end":{"line":66,"column":5}},"line":49},"3":{"name":"stop","decl":{"start":{"line":73,"column":4},"end":{"line":87,"column":5}},"loc":{"start":{"line":73,"column":4},"end":{"line":87,"column":5}},"line":73}},"f":{"0":5,"1":5,"2":0,"3":0}}
}
