TN:
SF:js/api-client.js
FN:43,AzureAPIClient
FN:76,transcribe
FN:175,parseResponse
FN:200,validateConfig
FNF:4
FNH:4
FNDA:36,AzureAPIClient
FNDA:17,transcribe
FNDA:4,parseResponse
FNDA:19,validateConfig
DA:1,1
DA:2,1
DA:3,1
DA:4,1
DA:5,1
DA:6,1
DA:7,1
DA:8,1
DA:9,1
DA:11,1
DA:12,1
DA:13,1
DA:14,1
DA:16,1
DA:17,1
DA:18,1
DA:19,1
DA:20,1
DA:21,1
DA:22,1
DA:23,1
DA:24,1
DA:25,1
DA:26,1
DA:27,1
DA:28,1
DA:29,1
DA:30,1
DA:31,1
DA:32,1
DA:33,1
DA:34,1
DA:35,1
DA:36,1
DA:37,1
DA:38,1
DA:39,1
DA:40,1
DA:41,1
DA:42,1
DA:43,1
DA:44,36
DA:45,36
DA:46,1
DA:47,1
DA:48,1
DA:49,1
DA:50,1
DA:51,1
DA:52,1
DA:53,1
DA:54,1
DA:55,1
DA:56,1
DA:57,1
DA:58,1
DA:59,1
DA:60,1
DA:61,1
DA:62,1
DA:63,1
DA:64,1
DA:65,1
DA:66,1
DA:67,1
DA:68,1
DA:69,1
DA:70,1
DA:71,1
DA:72,1
DA:73,1
DA:74,1
DA:75,1
DA:76,1
DA:77,17
DA:78,17
DA:79,17
DA:80,2
DA:81,2
DA:82,15
DA:83,15
DA:84,15
DA:85,15
DA:86,15
DA:87,15
DA:88,15
DA:89,15
DA:90,17
DA:91,0
DA:92,0
DA:93,0
DA:94,15
DA:95,15
DA:96,15
DA:97,17
DA:98,17
DA:99,17
DA:100,17
DA:101,1
DA:102,1
DA:103,15
DA:104,15
DA:105,15
DA:106,15
DA:107,15
DA:108,15
DA:109,15
DA:110,15
DA:111,15
DA:112,15
DA:113,15
DA:114,12
DA:115,17
DA:116,7
DA:117,7
DA:118,7
DA:119,7
DA:120,7
DA:121,7
DA:122,7
DA:123,7
DA:124,7
DA:125,7
DA:126,7
DA:127,7
DA:128,7
DA:129,7
DA:130,5
DA:131,17
DA:132,17
DA:133,17
DA:134,17
DA:135,1
DA:136,1
DA:137,1
DA:138,1
DA:139,1
DA:140,1
DA:141,1
DA:142,1
DA:143,1
DA:144,17
DA:145,12
DA:146,12
DA:147,12
DA:148,12
DA:149,12
DA:150,12
DA:151,12
DA:152,12
DA:153,17
DA:154,1
DA:155,1
DA:156,1
DA:157,1
DA:158,1
DA:159,1
DA:160,1
DA:161,1
DA:162,1
DA:163,1
DA:164,1
DA:165,1
DA:166,1
DA:167,1
DA:168,1
DA:169,1
DA:170,1
DA:171,1
DA:172,1
DA:173,1
DA:174,1
DA:175,1
DA:176,4
DA:177,4
DA:178,1
DA:179,1
DA:181,3
DA:182,4
DA:183,0
DA:184,0
DA:185,4
DA:186,2
DA:187,2
DA:188,2
DA:190,1
DA:191,4
DA:192,1
DA:193,1
DA:194,1
DA:195,1
DA:196,1
DA:197,1
DA:198,1
DA:199,1
DA:200,1
DA:201,19
DA:202,19
DA:203,19
DA:204,6
DA:205,6
DA:206,6
DA:207,6
DA:208,13
DA:209,19
DA:210,3
DA:211,3
DA:212,3
DA:213,3
DA:214,10
DA:215,10
DA:216,10
DA:217,10
DA:218,17
DA:219,5
DA:220,5
DA:221,5
DA:222,5
DA:223,5
DA:224,5
DA:225,19
DA:226,1
LF:222
LH:217
BRDA:43,0,0,36
BRDA:76,1,0,17
BRDA:79,2,0,16
BRDA:79,3,0,2
BRDA:81,4,0,15
BRDA:90,5,0,0
BRDA:93,6,0,15
BRDA:97,7,0,0
BRDA:100,8,0,1
BRDA:102,9,0,15
BRDA:113,10,0,12
BRDA:115,11,0,7
BRDA:129,12,0,5
BRDA:131,13,0,0
BRDA:133,14,0,4
BRDA:133,15,0,3
BRDA:134,16,0,1
BRDA:134,17,0,1
BRDA:144,18,0,12
BRDA:175,19,0,4
BRDA:177,20,0,1
BRDA:179,21,0,3
BRDA:182,22,0,0
BRDA:182,23,0,0
BRDA:185,24,0,3
BRDA:185,25,0,2
BRDA:188,26,0,1
BRDA:200,27,0,19
BRDA:203,28,0,6
BRDA:207,29,0,13
BRDA:209,30,0,17
BRDA:209,31,0,3
BRDA:213,32,0,10
BRDA:218,33,0,5
BRDA:222,34,0,5
BRF:35
BRH:30
end_of_record
TN:
SF:js/audio-handler.js
FN:59,AudioHandler
FN:82,setupEventBusListeners
FN:101,setupEventListeners
FN:128,toggleRecording
FN:148,startRecordingFlow
FN:204,stopRecordingFlow
FN:231,startRecording
FN:278,safeStopRecorder
FN:294,stopRecording
FN:308,gracefulStop
FN:333,togglePause
FN:356,cancelRecording
FN:369,getTimerMilliseconds
FN:380,startTimer
FN:400,processAndSendAudio
FN:413,sendToAzureAPI
FN:460,cleanup
FNF:17
FNH:16
FNDA:29,AudioHandler
FNDA:29,setupEventBusListeners
FNDA:29,setupEventListeners
FNDA:0,toggleRecording
FNDA:28,startRecordingFlow
FNDA:15,stopRecordingFlow
FNDA:22,startRecording
FNDA:21,safeStopRecorder
FNDA:2,stopRecording
FNDA:1,gracefulStop
FNDA:6,togglePause
FNDA:1,cancelRecording
FNDA:9,getTimerMilliseconds
FNDA:27,startTimer
FNDA:13,processAndSendAudio
FNDA:13,sendToAzureAPI
FNDA:18,cleanup
DA:1,1
DA:2,1
DA:3,1
DA:4,1
DA:5,1
DA:6,1
DA:7,1
DA:8,1
DA:9,1
DA:10,1
DA:11,1
DA:12,1
DA:14,1
DA:15,1
DA:16,1
DA:17,1
DA:18,1
DA:19,1
DA:20,1
DA:22,1
DA:23,1
DA:24,1
DA:25,1
DA:26,1
DA:27,1
DA:28,1
DA:29,1
DA:30,1
DA:31,1
DA:32,1
DA:33,1
DA:34,1
DA:35,1
DA:36,1
DA:37,1
DA:38,1
DA:39,1
DA:40,1
DA:41,1
DA:42,1
DA:43,1
DA:44,1
DA:45,1
DA:46,1
DA:47,1
DA:48,1
DA:49,1
DA:50,1
DA:51,1
DA:52,1
DA:53,1
DA:54,1
DA:55,1
DA:56,1
DA:57,1
DA:58,1
DA:59,1
DA:60,29
DA:61,29
DA:62,29
DA:63,29
DA:64,29
DA:65,29
DA:66,29
DA:67,29
DA:68,29
DA:69,29
DA:70,29
DA:71,29
DA:72,29
DA:73,29
DA:74,29
DA:75,29
DA:76,29
DA:77,29
DA:78,29
DA:79,29
DA:80,29
DA:81,1
DA:82,1
DA:83,29
DA:84,29
DA:85,3
DA:86,29
DA:87,29
DA:88,29
DA:89,29
DA:90,3
DA:91,3
DA:92,3
DA:93,3
DA:94,3
DA:95,3
DA:96,3
DA:97,3
DA:98,29
DA:99,29
DA:100,1
DA:101,1
DA:102,29
DA:103,29
DA:104,29
DA:105,29
DA:106,29
DA:107,29
DA:108,29
DA:109,29
DA:110,29
DA:111,1
DA:112,1
DA:113,1
DA:114,1
DA:115,1
DA:116,1
DA:117,1
DA:118,1
DA:119,1
DA:120,1
DA:121,1
DA:122,1
DA:123,1
DA:124,1
DA:125,1
DA:126,1
DA:127,1
DA:128,1
DA:129,0
DA:130,0
DA:131,0
DA:132,0
DA:133,0
DA:134,0
DA:135,1
DA:136,1
DA:137,1
DA:138,1
DA:139,1
DA:140,1
DA:141,1
DA:142,1
DA:143,1
DA:144,1
DA:145,1
DA:146,1
DA:147,1
DA:148,1
DA:149,28
DA:150,28
DA:151,28
DA:152,1
DA:153,1
DA:154,28
DA:155,28
DA:156,28
DA:157,28
DA:158,28
DA:159,28
DA:160,1
DA:161,1
DA:162,1
DA:163,27
DA:164,27
DA:165,27
DA:166,27
DA:167,27
DA:168,27
DA:169,28
DA:170,1
DA:171,1
DA:172,1
DA:173,1
DA:174,22
DA:175,22
DA:176,22
DA:177,22
DA:178,22
DA:179,28
DA:180,5
DA:181,5
DA:182,5
DA:183,5
DA:184,5
DA:185,5
DA:186,5
DA:187,3
DA:188,3
DA:189,3
DA:190,5
DA:191,5
DA:192,3
DA:193,5
DA:194,5
DA:195,28
DA:196,1
DA:197,1
DA:198,1
DA:199,1
DA:200,1
DA:201,1
DA:202,1
DA:203,1
DA:204,1
DA:205,15
DA:206,15
DA:207,15
DA:208,15
DA:209,15
DA:210,15
DA:211,15
DA:212,15
DA:213,15
DA:214,15
DA:215,1
DA:216,15
DA:217,14
DA:218,14
DA:219,15
DA:220,0
DA:221,0
DA:222,15
DA:223,1
DA:224,1
DA:225,1
DA:226,1
DA:227,1
DA:228,1
DA:229,1
DA:230,1
DA:231,1
DA:232,22
DA:233,22
DA:235,22
DA:236,22
DA:237,22
DA:238,22
DA:239,22
DA:240,22
DA:241,22
DA:243,22
DA:244,13
DA:245,22
DA:247,22
DA:248,14
DA:249,14
DA:251,14
DA:252,1
DA:253,1
DA:254,1
DA:255,1
DA:256,1
DA:258,13
DA:259,13
DA:260,13
DA:262,13
DA:263,13
DA:264,22
DA:266,22
DA:267,22
DA:268,22
DA:269,22
DA:270,22
DA:272,1
DA:273,1
DA:274,1
DA:275,1
DA:276,1
DA:277,1
DA:278,1
DA:279,21
DA:280,16
DA:281,16
DA:282,16
DA:283,1
DA:284,1
DA:285,16
DA:286,21
DA:288,1
DA:289,1
DA:290,1
DA:291,1
DA:292,1
DA:293,1
DA:294,1
DA:295,2
DA:296,2
DA:297,2
DA:298,2
DA:300,1
DA:301,1
DA:302,1
DA:303,1
DA:304,1
DA:305,1
DA:306,1
DA:307,1
DA:308,1
DA:309,1
DA:310,1
DA:312,1
DA:313,1
DA:314,1
DA:315,1
DA:316,0
DA:317,0
DA:318,0
DA:320,1
DA:321,1
DA:322,1
DA:323,1
DA:324,1
DA:325,1
DA:326,1
DA:327,1
DA:328,1
DA:329,1
DA:330,1
DA:331,1
DA:332,1
DA:333,1
DA:334,6
DA:335,3
DA:336,3
DA:337,3
DA:338,3
DA:339,3
DA:340,3
DA:341,3
DA:342,3
DA:343,3
DA:344,3
DA:345,3
DA:346,3
DA:347,3
DA:348,6
DA:349,1
DA:350,1
DA:351,1
DA:352,1
DA:353,1
DA:354,1
DA:355,1
DA:356,1
DA:357,1
DA:358,1
DA:359,1
DA:360,1
DA:361,1
DA:362,1
DA:363,1
DA:364,1
DA:365,1
DA:366,1
DA:367,1
DA:368,1
DA:369,1
DA:370,9
DA:371,9
DA:372,9
DA:374,1
DA:375,1
DA:376,1
DA:377,1
DA:378,1
DA:379,1
DA:380,1
DA:381,27
DA:382,8
DA:383,8
DA:384,8
DA:385,8
DA:386,8
DA:387,8
DA:388,8
DA:389,27
DA:390,27
DA:391,1
DA:392,1
DA:393,1
DA:394,1
DA:395,1
DA:396,1
DA:397,1
DA:398,1
DA:399,1
DA:400,1
DA:401,13
DA:402,13
DA:403,13
DA:404,13
DA:405,13
DA:406,13
DA:407,13
DA:408,13
DA:409,13
DA:410,13
DA:411,13
DA:412,1
DA:413,1
DA:414,13
DA:415,13
DA:416,0
DA:417,0
DA:418,0
DA:419,0
DA:420,13
DA:421,9
DA:422,9
DA:423,9
DA:424,9
DA:425,9
DA:426,9
DA:427,9
DA:428,9
DA:429,9
DA:430,9
DA:431,9
DA:432,9
DA:433,9
DA:434,13
DA:435,4
DA:436,4
DA:437,4
DA:438,4
DA:439,4
DA:440,4
DA:441,4
DA:442,4
DA:443,4
DA:444,4
DA:445,4
DA:446,4
DA:447,4
DA:448,4
DA:449,13
DA:450,13
DA:451,13
DA:452,13
DA:453,1
DA:454,1
DA:455,1
DA:456,1
DA:457,1
DA:458,1
DA:459,1
DA:460,1
DA:461,18
DA:463,18
DA:464,18
DA:465,18
DA:466,18
DA:468,18
DA:469,18
DA:470,18
DA:471,18
DA:473,18
DA:475,18
DA:476,18
DA:477,18
DA:478,18
DA:479,18
DA:480,1
DA:481,1
DA:482,1
LF:463
LH:448
BRDA:59,0,0,29
BRDA:82,1,0,29
BRDA:84,2,0,3
BRDA:89,3,0,3
BRDA:101,4,0,29
BRDA:148,5,0,28
BRDA:151,6,0,1
BRDA:159,7,0,1
BRDA:162,8,0,27
BRDA:168,9,0,23
BRDA:169,10,0,1
BRDA:173,11,0,22
BRDA:179,12,0,5
BRDA:183,13,0,0
BRDA:183,14,0,0
BRDA:186,15,0,4
BRDA:186,16,0,2
BRDA:186,17,0,3
BRDA:191,18,0,3
BRDA:204,19,0,15
BRDA:214,20,0,1
BRDA:216,21,0,14
BRDA:219,22,0,0
BRDA:231,23,0,22
BRDA:243,24,0,13
BRDA:247,25,0,14
BRDA:251,26,0,1
BRDA:256,27,0,13
BRDA:252,28,0,1
BRDA:278,29,0,21
BRDA:279,30,0,20
BRDA:279,31,0,16
BRDA:282,32,0,1
BRDA:294,33,0,2
BRDA:308,34,0,1
BRDA:309,35,0,0
BRDA:310,36,0,0
BRDA:315,37,0,0
BRDA:321,38,0,1
BRDA:333,39,0,6
BRDA:334,40,0,3
BRDA:356,41,0,1
BRDA:369,42,0,9
BRDA:380,43,0,27
BRDA:381,44,0,8
BRDA:400,45,0,13
BRDA:404,46,0,13
BRDA:413,47,0,13
BRDA:420,48,0,9
BRDA:434,49,0,4
BRDA:460,50,0,18
BRF:51
BRH:45
end_of_record
TN:
SF:js/constants.js
FNF:0
FNH:0
DA:1,1
DA:2,1
DA:3,1
DA:4,1
DA:5,1
DA:6,1
DA:7,1
DA:9,1
DA:10,1
DA:11,1
DA:12,1
DA:13,1
DA:14,1
DA:15,1
DA:16,1
DA:17,1
DA:18,1
DA:19,1
DA:20,1
DA:21,1
DA:22,1
DA:23,1
DA:24,1
DA:25,1
DA:26,1
DA:27,1
DA:28,1
DA:30,1
DA:31,1
DA:32,1
DA:33,1
DA:34,1
DA:35,1
DA:36,1
DA:37,1
DA:38,1
DA:39,1
DA:40,1
DA:41,1
DA:42,1
DA:43,1
DA:44,1
DA:45,1
DA:46,1
DA:47,1
DA:48,1
DA:50,1
DA:51,1
DA:52,1
DA:53,1
DA:54,1
DA:55,1
DA:56,1
DA:57,1
DA:58,1
DA:59,1
DA:60,1
DA:61,1
DA:62,1
DA:63,1
DA:64,1
DA:65,1
DA:66,1
DA:68,1
DA:69,1
DA:70,1
DA:71,1
DA:72,1
DA:73,1
DA:74,1
DA:75,1
DA:76,1
DA:77,1
DA:78,1
DA:79,1
DA:80,1
DA:81,1
DA:82,1
DA:83,1
DA:84,1
DA:85,1
DA:86,1
DA:87,1
DA:88,1
DA:89,1
DA:90,1
DA:91,1
DA:92,1
DA:93,1
DA:94,1
DA:95,1
DA:96,1
DA:98,1
DA:99,1
DA:100,1
DA:101,1
DA:103,1
DA:104,1
DA:105,1
DA:106,1
DA:107,1
DA:108,1
DA:110,1
DA:111,1
DA:112,1
DA:113,1
DA:114,1
DA:115,1
DA:116,1
DA:118,1
DA:119,1
DA:120,1
DA:122,1
DA:123,1
DA:124,1
DA:125,1
DA:126,1
DA:127,1
DA:129,1
DA:130,1
DA:131,1
DA:133,1
DA:134,1
DA:135,1
DA:136,1
DA:137,1
DA:138,1
DA:139,1
DA:141,1
DA:142,1
DA:143,1
DA:144,1
DA:145,1
DA:146,1
DA:147,1
DA:149,1
DA:150,1
DA:151,1
DA:152,1
DA:153,1
DA:154,1
DA:155,1
DA:156,1
DA:158,1
DA:159,1
DA:160,1
DA:161,1
DA:162,1
DA:163,1
DA:164,1
DA:165,1
DA:166,1
DA:167,1
DA:168,1
DA:169,1
DA:170,1
DA:171,1
DA:172,1
DA:173,1
DA:174,1
DA:175,1
DA:176,1
DA:177,1
DA:178,1
DA:179,1
DA:180,1
DA:181,1
DA:182,1
DA:183,1
DA:184,1
DA:185,1
DA:186,1
DA:187,1
DA:188,1
DA:189,1
DA:190,1
DA:191,1
DA:192,1
DA:193,1
DA:194,1
DA:195,1
DA:196,1
DA:197,1
DA:198,1
DA:199,1
DA:200,1
DA:201,1
DA:202,1
DA:203,1
DA:204,1
DA:205,1
DA:206,1
DA:207,1
DA:208,1
DA:209,1
DA:210,1
DA:211,1
DA:212,1
DA:213,1
DA:214,1
DA:215,1
DA:216,1
DA:217,1
DA:218,1
DA:219,1
DA:220,1
DA:221,1
DA:222,1
DA:223,1
DA:224,1
DA:225,1
DA:226,1
DA:228,1
DA:229,1
DA:230,1
DA:231,1
DA:232,1
DA:233,1
DA:234,1
DA:235,1
DA:236,1
DA:237,1
DA:238,1
DA:239,1
DA:240,1
DA:241,1
DA:242,1
DA:243,1
DA:244,1
DA:245,1
DA:246,1
DA:247,1
DA:248,1
DA:249,1
DA:250,1
DA:251,1
DA:252,1
DA:253,1
DA:254,1
DA:255,1
DA:256,1
DA:257,1
DA:258,1
DA:260,1
DA:261,1
DA:262,1
DA:263,1
DA:264,1
DA:265,1
DA:266,1
DA:267,1
DA:268,1
DA:269,1
DA:270,1
DA:271,1
DA:272,1
DA:273,1
DA:274,1
DA:275,1
DA:276,1
DA:277,1
DA:278,1
DA:279,1
DA:280,1
DA:281,1
DA:282,1
DA:283,1
DA:284,1
DA:285,1
DA:286,1
DA:287,1
DA:288,1
DA:289,1
DA:290,1
DA:292,1
DA:293,1
DA:294,1
DA:295,1
DA:296,1
DA:297,1
DA:298,1
DA:299,1
DA:300,1
DA:301,1
DA:302,1
DA:303,1
DA:304,1
DA:305,1
DA:306,1
DA:307,1
DA:308,1
DA:309,1
LF:292
LH:292
BRF:0
BRH:0
end_of_record
TN:
SF:js/error-handler.js
FN:15,handleError
FNF:1
FNH:1
FNDA:33,handleError
DA:1,1
DA:2,1
DA:3,1
DA:4,1
DA:6,1
DA:7,1
DA:8,1
DA:9,1
DA:10,1
DA:11,1
DA:12,1
DA:13,1
DA:14,1
DA:15,1
DA:16,33
DA:17,33
DA:18,33
DA:19,33
DA:20,33
DA:21,1
DA:23,1
LF:21
LH:21
BRDA:15,0,0,33
BRDA:16,1,0,0
BRDA:17,2,0,0
BRF:3
BRH:1
end_of_record
TN:
SF:js/event-bus.js
FN:34,EventBus
FN:47,on
FN:74,once
FN:83,off
FN:104,emit
FN:145,clear
FN:157,getEvents
FN:165,getHistory
FN:173,setDebugMode
FNF:9
FNH:4
FNDA:19,EventBus
FNDA:1150,on
FNDA:0,once
FNDA:0,off
FNDA:1047,emit
FNDA:80,clear
FNDA:0,getEvents
FNDA:0,getHistory
FNDA:0,setDebugMode
DA:1,1
DA:2,1
DA:3,1
DA:4,1
DA:5,1
DA:6,1
DA:7,1
DA:9,1
DA:11,1
DA:12,1
DA:13,1
DA:14,1
DA:15,1
DA:16,1
DA:17,1
DA:18,1
DA:19,1
DA:20,1
DA:21,1
DA:22,1
DA:23,1
DA:24,1
DA:25,1
DA:26,1
DA:27,1
DA:28,1
DA:29,1
DA:30,1
DA:31,1
DA:32,1
DA:33,1
DA:34,1
DA:35,19
DA:36,19
DA:37,19
DA:38,19
DA:39,1
DA:40,1
DA:41,1
DA:42,1
DA:43,1
DA:44,1
DA:45,1
DA:46,1
DA:47,1
DA:48,1150
DA:49,1129
DA:50,1129
DA:51,1150
DA:52,1150
DA:53,1150
DA:54,1150
DA:55,1150
DA:56,1150
DA:57,1150
DA:58,1150
DA:59,1150
DA:60,1150
DA:61,1150
DA:62,1150
DA:63,1150
DA:64,1150
DA:65,1150
DA:66,1150
DA:67,1
DA:68,1
DA:69,1
DA:70,1
DA:71,1
DA:72,1
DA:73,1
DA:74,1
DA:75,0
DA:76,0
DA:77,1
DA:78,1
DA:79,1
DA:80,1
DA:81,1
DA:82,1
DA:83,1
DA:84,0
DA:85,0
DA:86,0
DA:87,0
DA:88,0
DA:89,0
DA:90,0
DA:91,0
DA:92,0
DA:93,0
DA:94,0
DA:95,0
DA:96,0
DA:97,0
DA:98,1
DA:99,1
DA:100,1
DA:101,1
DA:102,1
DA:103,1
DA:104,1
DA:105,1047
DA:106,0
DA:107,0
DA:108,0
DA:109,1047
DA:110,1047
DA:111,1047
DA:112,1047
DA:113,1047
DA:114,1047
DA:115,1047
DA:116,1047
DA:117,1047
DA:118,1047
DA:119,635
DA:120,635
DA:121,1047
DA:122,1047
DA:123,77
DA:124,77
DA:125,77
DA:126,77
DA:127,87
DA:128,87
DA:129,87
DA:130,87
DA:131,87
DA:132,0
DA:133,0
DA:134,87
DA:135,1
DA:136,1
DA:137,1
DA:138,77
DA:139,1047
DA:140,1
DA:141,1
DA:142,1
DA:143,1
DA:144,1
DA:145,1
DA:146,80
DA:147,0
DA:148,80
DA:149,80
DA:150,80
DA:151,80
DA:152,1
DA:153,1
DA:154,1
DA:155,1
DA:156,1
DA:157,1
DA:158,0
DA:159,0
DA:160,1
DA:161,1
DA:162,1
DA:163,1
DA:164,1
DA:165,1
DA:166,0
DA:167,0
DA:168,1
DA:169,1
DA:170,1
DA:171,1
DA:172,1
DA:173,1
DA:174,0
DA:175,0
DA:176,1
DA:178,1
DA:179,1
DA:180,1
DA:181,1
DA:182,1
DA:183,1
DA:184,1
DA:185,1
DA:186,1
DA:187,1
DA:188,1
DA:189,1
DA:190,1
DA:192,1
DA:193,1
DA:194,1
DA:195,1
DA:196,1
DA:197,1
DA:198,1
DA:199,1
DA:200,1
DA:201,1
DA:202,1
DA:203,1
DA:204,1
DA:205,1
DA:206,1
DA:207,1
DA:208,1
DA:209,1
DA:210,1
DA:211,1
DA:212,1
DA:213,1
DA:214,1
DA:215,1
DA:216,1
DA:217,1
DA:218,1
DA:219,1
DA:220,1
DA:221,1
DA:222,1
DA:223,1
DA:224,1
DA:225,1
DA:226,1
DA:227,1
DA:228,1
DA:229,1
DA:230,1
DA:231,1
DA:232,1
DA:233,1
DA:234,1
DA:235,1
DA:236,1
DA:237,1
DA:238,1
DA:239,1
DA:240,1
DA:241,1
DA:242,1
DA:243,1
DA:244,1
DA:245,1
DA:246,1
DA:247,1
DA:248,1
DA:249,1
DA:250,1
DA:251,1
DA:252,1
DA:253,1
DA:254,1
DA:255,1
DA:256,1
DA:257,1
DA:258,1
DA:259,1
DA:260,1
DA:261,1
DA:262,1
DA:263,1
DA:264,1
DA:265,1
DA:266,1
DA:267,1
DA:268,1
DA:269,1
DA:270,1
DA:271,1
DA:272,1
DA:273,1
DA:274,1
DA:275,1
DA:276,1
DA:277,1
DA:278,1
DA:279,1
DA:280,1
DA:282,1
DA:283,1
DA:284,1
DA:285,1
DA:286,1
DA:287,1
DA:288,1
DA:289,1
DA:290,1
DA:291,1
DA:292,1
DA:293,1
DA:294,1
DA:295,1
DA:296,1
DA:297,1
DA:298,1
LF:293
LH:265
BRDA:34,0,0,19
BRDA:47,1,0,1150
BRDA:48,2,0,1129
BRDA:62,3,0,21
BRDA:104,4,0,1047
BRDA:105,5,0,0
BRDA:118,6,0,635
BRDA:122,7,0,970
BRDA:122,8,0,77
BRDA:126,9,0,87
BRDA:131,10,0,0
BRDA:134,11,0,1
BRDA:145,12,0,80
BRDA:146,13,0,0
BRF:14
BRH:11
end_of_record
TN:
SF:js/logger.js
FN:45,detectEnvironment
FN:102,Logger
FN:128,child
FN:142,setLevel
FN:150,getLevel
FN:159,isLevelEnabled
FN:171,_formatMessage
FN:188,debug
FN:201,info
FN:214,warn
FN:228,error
FN:242,logData
FNF:12
FNH:2
FNDA:19,detectEnvironment
FNDA:19,Logger
FNDA:0,child
FNDA:0,setLevel
FNDA:0,getLevel
FNDA:0,isLevelEnabled
FNDA:0,_formatMessage
FNDA:0,debug
FNDA:0,info
FNDA:0,warn
FNDA:0,error
FNDA:0,logData
DA:16,1
DA:18,1
DA:20,1
DA:22,1
DA:24,1
DA:26,1
DA:27,1
DA:34,1
DA:35,1
DA:36,1
DA:37,1
DA:38,1
DA:39,1
DA:45,19
DA:47,19
DA:48,19
DA:49,19
DA:52,19
DA:53,0
DA:54,0
DA:55,0
DA:56,0
DA:57,0
DA:60,19
DA:61,0
DA:62,0
DA:63,0
DA:64,0
DA:65,0
DA:68,0
DA:69,0
DA:94,1
DA:102,1
DA:103,19
DA:104,19
DA:107,19
DA:108,0
DA:109,19
DA:110,19
DA:111,19
DA:114,19
DA:115,19
DA:116,19
DA:117,19
DA:118,19
DA:128,1
DA:129,0
DA:130,0
DA:131,0
DA:132,0
DA:133,0
DA:134,0
DA:142,1
DA:143,0
DA:144,0
DA:150,1
DA:151,0
DA:152,0
DA:159,1
DA:160,0
DA:161,0
DA:171,1
DA:172,0
DA:173,0
DA:174,0
DA:176,0
DA:178,0
DA:179,0
DA:188,1
DA:189,0
DA:190,0
DA:191,0
DA:192,0
DA:201,1
DA:202,0
DA:203,0
DA:204,0
DA:205,0
DA:214,1
DA:215,0
DA:216,0
DA:217,0
DA:218,0
DA:228,1
DA:229,0
DA:230,0
DA:231,0
DA:232,0
DA:242,1
DA:243,0
DA:244,0
DA:245,0
DA:246,0
DA:247,0
DA:248,0
DA:249,1
DA:252,1
LF:97
LH:44
BRDA:45,0,0,19
BRDA:49,1,0,0
BRDA:52,2,0,0
BRDA:60,3,0,0
BRDA:60,4,0,0
BRDA:102,5,0,19
BRDA:107,6,0,0
BRDA:110,7,0,0
BRF:8
BRH:2
end_of_record
TN:
SF:js/permission-manager.js
FN:12,PermissionManager
FN:27,checkBrowserSupport
FN:43,getPermissionStatus
FN:77,requestMicrophoneAccess
FN:135,handlePermissionError
FN:199,handlePermissionChange
FN:236,stopMicrophoneStream
FN:249,hasActiveStream
FN:259,retryPermissionRequest
FNF:9
FNH:9
FNDA:49,PermissionManager
FNDA:31,checkBrowserSupport
FNDA:33,getPermissionStatus
FNDA:29,requestMicrophoneAccess
FNDA:5,handlePermissionError
FNDA:2,handlePermissionChange
FNDA:1,stopMicrophoneStream
FNDA:3,hasActiveStream
FNDA:3,retryPermissionRequest
DA:1,1
DA:2,1
DA:3,1
DA:4,1
DA:6,1
DA:7,1
DA:8,1
DA:9,1
DA:10,1
DA:11,1
DA:12,1
DA:13,49
DA:14,49
DA:15,49
DA:16,49
DA:17,1
DA:18,1
DA:19,1
DA:20,1
DA:21,1
DA:22,1
DA:23,1
DA:24,1
DA:25,1
DA:26,1
DA:27,1
DA:28,31
DA:29,31
DA:30,31
DA:31,31
DA:32,1
DA:33,1
DA:34,1
DA:35,1
DA:36,1
DA:37,1
DA:38,1
DA:39,1
DA:40,1
DA:41,1
DA:42,1
DA:43,1
DA:44,33
DA:45,33
DA:46,33
DA:47,24
DA:48,24
DA:49,24
DA:50,24
DA:51,24
DA:52,2
DA:53,2
DA:54,24
DA:55,24
DA:56,24
DA:57,24
DA:58,33
DA:59,15
DA:60,15
DA:61,15
DA:62,24
DA:63,24
DA:64,24
DA:65,33
DA:66,1
DA:67,1
DA:68,1
DA:69,1
DA:70,1
DA:71,1
DA:72,1
DA:73,1
DA:74,1
DA:75,1
DA:76,1
DA:77,1
DA:78,29
DA:79,29
DA:80,29
DA:81,0
DA:82,0
DA:83,0
DA:84,0
DA:85,0
DA:86,0
DA:87,0
DA:88,0
DA:89,0
DA:90,29
DA:91,29
DA:92,29
DA:93,29
DA:94,29
DA:95,29
DA:96,29
DA:97,29
DA:98,29
DA:99,29
DA:100,29
DA:101,29
DA:102,29
DA:103,29
DA:104,24
DA:105,24
DA:106,24
DA:107,24
DA:108,24
DA:109,24
DA:110,24
DA:111,24
DA:112,24
DA:113,24
DA:114,24
DA:115,24
DA:116,24
DA:117,29
DA:118,5
DA:119,5
DA:120,5
DA:121,5
DA:122,29
DA:123,1
DA:124,1
DA:125,1
DA:126,1
DA:127,1
DA:128,1
DA:129,1
DA:130,1
DA:131,1
DA:132,1
DA:133,1
DA:134,1
DA:135,1
DA:136,5
DA:137,5
DA:138,5
DA:139,5
DA:140,5
DA:141,5
DA:142,5
DA:143,5
DA:144,5
DA:145,3
DA:146,3
DA:147,2
DA:148,3
DA:149,0
DA:150,0
DA:151,2
DA:152,2
DA:153,5
DA:154,5
DA:155,5
DA:156,1
DA:157,1
DA:158,5
DA:159,5
DA:160,5
DA:161,1
DA:162,1
DA:163,5
DA:164,5
DA:165,5
DA:166,0
DA:167,0
DA:168,5
DA:169,5
DA:170,0
DA:171,0
DA:172,5
DA:173,5
DA:174,0
DA:175,5
DA:176,4
DA:177,4
DA:178,4
DA:179,4
DA:180,4
DA:181,4
DA:182,4
DA:183,4
DA:184,4
DA:185,4
DA:186,4
DA:187,4
DA:188,5
DA:189,1
DA:190,1
DA:191,1
DA:192,1
DA:193,1
DA:194,1
DA:195,1
DA:196,1
DA:197,1
DA:198,1
DA:199,1
DA:200,2
DA:201,2
DA:202,2
DA:203,2
DA:204,2
DA:205,2
DA:206,2
DA:207,1
DA:208,1
DA:209,2
DA:210,2
DA:211,1
DA:212,1
DA:213,1
DA:214,1
DA:215,1
DA:216,1
DA:217,2
DA:218,2
DA:219,0
DA:220,0
DA:221,0
DA:222,0
DA:223,0
DA:224,0
DA:225,2
DA:226,2
DA:227,1
DA:228,1
DA:229,1
DA:230,1
DA:231,1
DA:232,1
DA:233,1
DA:234,1
DA:235,1
DA:236,1
DA:237,1
DA:238,1
DA:239,1
DA:240,1
DA:241,1
DA:242,1
DA:243,1
DA:244,1
DA:245,1
DA:246,1
DA:247,1
DA:248,1
DA:249,1
DA:250,3
DA:251,3
DA:252,3
DA:253,3
DA:254,1
DA:255,1
DA:256,1
DA:257,1
DA:258,1
DA:259,1
DA:260,3
DA:261,3
DA:262,3
DA:263,2
DA:264,2
DA:265,2
DA:266,2
DA:267,2
DA:268,1
DA:269,1
DA:270,1
DA:271,1
DA:272,0
DA:273,0
DA:274,0
DA:275,0
DA:276,2
DA:277,2
DA:278,2
DA:279,2
DA:280,2
DA:281,2
DA:282,2
DA:283,2
DA:284,1
DA:285,1
DA:286,1
DA:287,3
DA:288,1
LF:287
LH:261
BRDA:12,0,0,49
BRDA:27,1,0,31
BRDA:28,2,0,30
BRDA:29,3,0,30
BRDA:43,4,0,33
BRDA:46,5,0,24
BRDA:58,6,0,24
BRDA:58,7,0,15
BRDA:51,8,0,2
BRDA:77,9,0,29
BRDA:80,10,0,0
BRDA:103,11,0,24
BRDA:117,12,0,5
BRDA:135,13,0,5
BRDA:143,14,0,3
BRDA:144,15,0,3
BRDA:146,16,0,2
BRDA:148,17,0,0
BRDA:150,18,0,2
BRDA:154,19,0,1
BRDA:155,20,0,1
BRDA:159,21,0,1
BRDA:160,22,0,1
BRDA:164,23,0,0
BRDA:165,24,0,0
BRDA:169,25,0,0
BRDA:173,26,0,0
BRDA:175,27,0,4
BRDA:199,28,0,2
BRDA:206,29,0,1
BRDA:210,30,0,1
BRDA:218,31,0,0
BRDA:236,32,0,1
BRDA:238,33,0,1
BRDA:249,34,0,3
BRDA:250,35,0,2
BRDA:251,36,0,1
BRDA:252,37,0,1
BRDA:259,38,0,3
BRDA:262,39,0,2
BRDA:267,40,0,1
BRDA:267,41,0,1
BRDA:271,42,0,0
BRDA:283,43,0,1
BRF:44
BRH:36
end_of_record
TN:
SF:js/recording-state-machine.js
FN:43,RecordingStateMachine
FN:67,getState
FN:78,canTransitionTo
FN:93,transitionTo
FN:134,handleIdleState
FN:154,handleInitializingState
FN:172,handleRecordingState
FN:192,handlePausedState
FN:212,handleStoppingState
FN:238,handleProcessingState
FN:259,handleCancellingState
FN:281,handleErrorState
FN:300,isIdle
FN:310,isRecording
FN:320,isPaused
FN:330,isProcessing
FN:340,canRecord
FN:350,canPause
FN:360,canResume
FN:371,canInvokeStop
FN:386,canCancel
FNF:21
FNH:16
FNDA:31,RecordingStateMachine
FNDA:74,getState
FNDA:115,canTransitionTo
FNDA:115,transitionTo
FNDA:21,handleIdleState
FNDA:29,handleInitializingState
FNDA:25,handleRecordingState
FNDA:3,handlePausedState
FNDA:15,handleStoppingState
FNDA:13,handleProcessingState
FNDA:1,handleCancellingState
FNDA:5,handleErrorState
FNDA:0,isIdle
FNDA:0,isRecording
FNDA:0,isPaused
FNDA:0,isProcessing
FNDA:0,canRecord
FNDA:6,canPause
FNDA:3,canResume
FNDA:11,canInvokeStop
FNDA:1,canCancel
DA:1,1
DA:2,1
DA:3,1
DA:4,1
DA:5,1
DA:6,1
DA:7,1
DA:8,1
DA:9,1
DA:11,1
DA:12,1
DA:13,1
DA:14,1
DA:16,1
DA:17,1
DA:18,1
DA:19,1
DA:20,1
DA:21,1
DA:22,1
DA:23,1
DA:24,1
DA:25,1
DA:26,1
DA:27,1
DA:28,1
DA:29,1
DA:30,1
DA:31,1
DA:32,1
DA:33,1
DA:34,1
DA:35,1
DA:36,1
DA:37,1
DA:38,1
DA:39,1
DA:40,1
DA:41,1
DA:42,1
DA:43,1
DA:44,31
DA:45,31
DA:46,31
DA:47,31
DA:48,31
DA:49,31
DA:50,31
DA:51,31
DA:52,31
DA:53,31
DA:54,31
DA:55,31
DA:56,31
DA:57,31
DA:58,31
DA:59,31
DA:60,1
DA:61,1
DA:62,1
DA:63,1
DA:64,1
DA:65,1
DA:66,1
DA:67,1
DA:68,74
DA:69,74
DA:70,1
DA:71,1
DA:72,1
DA:73,1
DA:74,1
DA:75,1
DA:76,1
DA:77,1
DA:78,1
DA:79,115
DA:80,115
DA:81,115
DA:82,1
DA:83,1
DA:84,1
DA:85,1
DA:86,1
DA:87,1
DA:88,1
DA:89,1
DA:90,1
DA:91,1
DA:92,1
DA:93,1
DA:94,115
DA:95,3
DA:96,3
DA:97,3
DA:98,3
DA:99,112
DA:100,112
DA:101,112
DA:102,112
DA:103,112
DA:104,112
DA:105,112
DA:106,112
DA:107,112
DA:108,112
DA:109,112
DA:110,112
DA:111,112
DA:112,112
DA:113,112
DA:114,112
DA:115,112
DA:116,112
DA:117,112
DA:118,112
DA:119,112
DA:120,112
DA:121,115
DA:122,1
DA:123,1
DA:124,1
DA:125,1
DA:126,1
DA:127,1
DA:128,1
DA:129,1
DA:130,1
DA:131,1
DA:132,1
DA:133,1
DA:134,1
DA:135,21
DA:136,21
DA:137,21
DA:138,21
DA:139,21
DA:140,21
DA:141,21
DA:142,21
DA:143,21
DA:144,1
DA:145,1
DA:146,1
DA:147,1
DA:148,1
DA:149,1
DA:150,1
DA:151,1
DA:152,1
DA:153,1
DA:154,1
DA:155,29
DA:156,29
DA:157,29
DA:158,29
DA:159,29
DA:160,29
DA:161,1
DA:162,1
DA:163,1
DA:164,1
DA:165,1
DA:166,1
DA:167,1
DA:168,1
DA:169,1
DA:170,1
DA:171,1
DA:172,1
DA:173,25
DA:174,25
DA:175,25
DA:176,25
DA:177,25
DA:178,25
DA:179,25
DA:180,25
DA:181,1
DA:182,1
DA:183,1
DA:184,1
DA:185,1
DA:186,1
DA:187,1
DA:188,1
DA:189,1
DA:190,1
DA:191,1
DA:192,1
DA:193,3
DA:194,3
DA:195,3
DA:196,3
DA:197,3
DA:198,3
DA:199,3
DA:200,1
DA:201,1
DA:202,1
DA:203,1
DA:204,1
DA:205,1
DA:206,1
DA:207,1
DA:208,1
DA:209,1
DA:210,1
DA:211,1
DA:212,1
DA:213,15
DA:214,15
DA:215,15
DA:216,15
DA:217,15
DA:218,15
DA:219,15
DA:221,15
DA:222,15
DA:224,15
DA:225,15
DA:226,15
DA:227,1
DA:228,1
DA:229,1
DA:230,1
DA:231,1
DA:232,1
DA:233,1
DA:234,1
DA:235,1
DA:236,1
DA:237,1
DA:238,1
DA:239,13
DA:240,13
DA:241,13
DA:242,13
DA:243,13
DA:244,13
DA:245,13
DA:246,13
DA:247,13
DA:248,1
DA:249,1
DA:250,1
DA:251,1
DA:252,1
DA:253,1
DA:254,1
DA:255,1
DA:256,1
DA:257,1
DA:258,1
DA:259,1
DA:260,1
DA:261,1
DA:262,1
DA:263,1
DA:264,1
DA:265,1
DA:266,1
DA:267,1
DA:268,1
DA:269,1
DA:270,1
DA:271,1
DA:272,1
DA:273,1
DA:274,1
DA:275,1
DA:276,1
DA:277,1
DA:278,1
DA:279,1
DA:280,1
DA:281,1
DA:282,5
DA:283,5
DA:284,5
DA:285,5
DA:286,5
DA:287,5
DA:288,5
DA:289,5
DA:290,5
DA:291,1
DA:292,1
DA:293,1
DA:294,1
DA:295,1
DA:296,1
DA:297,1
DA:298,1
DA:299,1
DA:300,1
DA:301,0
DA:302,0
DA:303,1
DA:304,1
DA:305,1
DA:306,1
DA:307,1
DA:308,1
DA:309,1
DA:310,1
DA:311,0
DA:312,0
DA:313,1
DA:314,1
DA:315,1
DA:316,1
DA:317,1
DA:318,1
DA:319,1
DA:320,1
DA:321,0
DA:322,0
DA:323,1
DA:324,1
DA:325,1
DA:326,1
DA:327,1
DA:328,1
DA:329,1
DA:330,1
DA:331,0
DA:332,0
DA:333,1
DA:334,1
DA:335,1
DA:336,1
DA:337,1
DA:338,1
DA:339,1
DA:340,1
DA:341,0
DA:342,0
DA:343,1
DA:344,1
DA:345,1
DA:346,1
DA:347,1
DA:348,1
DA:349,1
DA:350,1
DA:351,6
DA:352,6
DA:353,1
DA:354,1
DA:355,1
DA:356,1
DA:357,1
DA:358,1
DA:359,1
DA:360,1
DA:361,3
DA:362,3
DA:363,1
DA:364,1
DA:365,1
DA:366,1
DA:367,1
DA:368,1
DA:369,1
DA:370,1
DA:371,1
DA:372,11
DA:373,11
DA:374,11
DA:375,11
DA:376,11
DA:377,11
DA:378,11
DA:379,1
DA:380,1
DA:381,1
DA:382,1
DA:383,1
DA:384,1
DA:385,1
DA:386,1
DA:387,1
DA:388,1
DA:389,1
LF:385
LH:375
BRDA:43,0,0,31
BRDA:67,1,0,74
BRDA:78,2,0,115
BRDA:79,3,0,0
BRDA:93,4,0,115
BRDA:94,5,0,3
BRDA:98,6,0,112
BRDA:134,7,0,21
BRDA:154,8,0,29
BRDA:172,9,0,25
BRDA:192,10,0,3
BRDA:212,11,0,15
BRDA:238,12,0,13
BRDA:259,13,0,1
BRDA:281,14,0,5
BRDA:282,15,0,0
BRDA:350,16,0,6
BRDA:360,17,0,3
BRDA:371,18,0,11
BRDA:386,19,0,1
BRF:20
BRH:18
end_of_record
TN:
SF:js/settings.js
FN:42,Settings
FN:69,init
FN:83,loadSavedModel
FN:98,setupEventListeners
FN:144,updateSettingsVisibility
FN:161,openSettingsModal
FN:176,closeSettingsModal
FN:189,loadSettingsToForm
FN:217,sanitizeInputs
FN:255,validateConfiguration
FN:304,getValidationErrors
FN:349,saveSettings
FN:408,getCurrentModel
FN:418,getModelConfig
FN:434,checkInitialSettings
FNF:15
FNH:15
FNDA:94,Settings
FNDA:94,init
FNDA:94,loadSavedModel
FNDA:94,setupEventListeners
FNDA:154,updateSettingsVisibility
FNDA:61,openSettingsModal
FNDA:4,closeSettingsModal
FNDA:62,loadSettingsToForm
FNDA:103,sanitizeInputs
FNDA:45,validateConfiguration
FNDA:29,getValidationErrors
FNDA:6,saveSettings
FNDA:433,getCurrentModel
FNDA:96,getModelConfig
FNDA:94,checkInitialSettings
DA:1,1
DA:2,1
DA:3,1
DA:4,1
DA:5,1
DA:6,1
DA:7,1
DA:8,1
DA:9,1
DA:10,1
DA:12,1
DA:13,1
DA:14,1
DA:16,1
DA:17,1
DA:18,1
DA:19,1
DA:20,1
DA:21,1
DA:22,1
DA:23,1
DA:24,1
DA:25,1
DA:26,1
DA:27,1
DA:28,1
DA:29,1
DA:30,1
DA:31,1
DA:32,1
DA:33,1
DA:34,1
DA:35,1
DA:36,1
DA:37,1
DA:38,1
DA:39,1
DA:40,1
DA:41,1
DA:42,1
DA:43,94
DA:44,94
DA:45,94
DA:46,94
DA:47,94
DA:49,94
DA:50,94
DA:51,94
DA:52,94
DA:53,94
DA:54,94
DA:55,94
DA:56,94
DA:57,94
DA:58,94
DA:59,94
DA:60,94
DA:61,1
DA:62,1
DA:63,1
DA:64,1
DA:65,1
DA:66,1
DA:67,1
DA:68,1
DA:69,1
DA:70,94
DA:71,94
DA:72,94
DA:73,94
DA:74,94
DA:75,1
DA:76,1
DA:77,1
DA:78,1
DA:79,1
DA:80,1
DA:81,1
DA:82,1
DA:83,1
DA:84,94
DA:85,94
DA:86,94
DA:87,1
DA:88,1
DA:89,1
DA:90,1
DA:91,1
DA:92,1
DA:93,1
DA:94,1
DA:95,1
DA:96,1
DA:97,1
DA:98,1
DA:99,94
DA:100,94
DA:101,1
DA:102,1
DA:103,1
DA:104,1
DA:105,1
DA:106,1
DA:107,1
DA:108,1
DA:109,1
DA:110,1
DA:111,1
DA:112,1
DA:113,1
DA:114,94
DA:115,94
DA:116,94
DA:117,94
DA:118,0
DA:119,94
DA:120,94
DA:121,94
DA:122,94
DA:123,0
DA:124,94
DA:125,94
DA:126,94
DA:127,0
DA:128,0
DA:129,0
DA:130,94
DA:131,94
DA:132,94
DA:133,94
DA:134,0
DA:135,94
DA:136,94
DA:137,1
DA:138,1
DA:139,1
DA:140,1
DA:141,1
DA:142,1
DA:143,1
DA:144,1
DA:145,154
DA:146,154
DA:147,154
DA:148,154
DA:149,154
DA:150,154
DA:151,154
DA:152,154
DA:153,1
DA:154,1
DA:155,1
DA:156,1
DA:157,1
DA:158,1
DA:159,1
DA:160,1
DA:161,1
DA:162,61
DA:163,61
DA:164,61
DA:165,61
DA:166,61
DA:167,61
DA:168,1
DA:169,1
DA:170,1
DA:171,1
DA:172,1
DA:173,1
DA:174,1
DA:175,1
DA:176,1
DA:177,4
DA:178,4
DA:179,4
DA:180,4
DA:181,1
DA:182,1
DA:183,1
DA:184,1
DA:185,1
DA:186,1
DA:187,1
DA:188,1
DA:189,1
DA:190,62
DA:191,62
DA:192,62
DA:193,62
DA:194,62
DA:195,62
DA:196,62
DA:197,1
DA:198,1
DA:199,62
DA:200,1
DA:201,1
DA:202,62
DA:203,0
DA:204,0
DA:205,62
DA:206,0
DA:207,0
DA:208,62
DA:210,1
DA:211,1
DA:212,1
DA:213,1
DA:214,1
DA:215,1
DA:216,1
DA:217,1
DA:218,103
DA:220,103
DA:221,103
DA:222,103
DA:223,103
DA:224,103
DA:225,103
DA:226,103
DA:228,103
DA:229,93
DA:230,93
DA:231,93
DA:233,103
DA:234,94
DA:235,94
DA:236,94
DA:237,94
DA:238,94
DA:239,94
DA:240,35
DA:241,35
DA:242,94
DA:243,94
DA:244,103
DA:246,1
DA:247,1
DA:248,1
DA:249,1
DA:250,1
DA:251,1
DA:252,1
DA:253,1
DA:254,1
DA:255,1
DA:256,45
DA:258,45
DA:259,45
DA:260,45
DA:261,45
DA:262,45
DA:263,45
DA:264,45
DA:266,45
DA:268,45
DA:269,45
DA:270,8
DA:271,45
DA:272,5
DA:273,5
DA:275,42
DA:276,45
DA:277,6
DA:278,45
DA:279,36
DA:280,36
DA:281,36
DA:282,7
DA:283,7
DA:284,36
DA:285,4
DA:286,4
DA:287,36
DA:289,45
DA:290,23
DA:291,23
DA:292,23
DA:294,19
DA:295,45
DA:297,1
DA:298,1
DA:299,1
DA:300,1
DA:301,1
DA:302,1
DA:303,1
DA:304,1
DA:305,29
DA:307,29
DA:308,29
DA:309,29
DA:310,29
DA:311,29
DA:312,29
DA:313,29
DA:315,29
DA:317,29
DA:318,29
DA:319,5
DA:320,28
DA:321,8
DA:322,8
DA:324,26
DA:325,29
DA:326,9
DA:327,28
DA:328,17
DA:329,17
DA:330,17
DA:331,5
DA:332,5
DA:333,17
DA:334,2
DA:335,2
DA:336,17
DA:338,26
DA:339,29
DA:340,1
DA:341,1
DA:342,1
DA:343,1
DA:344,1
DA:345,1
DA:346,1
DA:347,1
DA:348,1
DA:349,1
DA:350,6
DA:352,6
DA:354,6
DA:355,6
DA:357,6
DA:358,6
DA:360,6
DA:361,3
DA:362,3
DA:363,3
DA:364,3
DA:365,3
DA:366,3
DA:367,3
DA:368,3
DA:369,3
DA:370,3
DA:371,3
DA:372,5
DA:373,2
DA:374,2
DA:375,5
DA:376,1
DA:377,1
DA:378,1
DA:379,3
DA:380,3
DA:381,3
DA:382,3
DA:383,3
DA:384,3
DA:385,3
DA:386,3
DA:387,3
DA:388,3
DA:389,3
DA:390,3
DA:391,3
DA:392,3
DA:393,3
DA:394,3
DA:395,3
DA:396,3
DA:397,3
DA:398,3
DA:399,3
DA:400,6
DA:401,1
DA:402,1
DA:403,1
DA:404,1
DA:405,1
DA:406,1
DA:407,1
DA:408,1
DA:409,433
DA:410,433
DA:411,1
DA:412,1
DA:413,1
DA:414,1
DA:415,1
DA:416,1
DA:417,1
DA:418,1
DA:419,96
DA:420,96
DA:421,96
DA:422,96
DA:423,96
DA:424,96
DA:425,96
DA:426,96
DA:427,96
DA:428,96
DA:429,96
DA:430,96
DA:431,96
DA:432,96
DA:433,1
DA:434,1
DA:435,94
DA:436,94
DA:437,94
DA:438,92
DA:439,59
DA:440,59
DA:441,59
DA:442,59
DA:443,59
DA:444,92
DA:445,92
DA:446,94
DA:447,1
LF:423
LH:413
BRDA:42,0,0,94
BRDA:69,1,0,94
BRDA:83,2,0,94
BRDA:84,3,0,80
BRDA:98,4,0,94
BRDA:100,5,0,1
BRDA:102,6,0,0
BRDA:144,7,0,154
BRDA:147,8,0,150
BRDA:147,9,0,4
BRDA:150,10,0,150
BRDA:150,11,0,4
BRDA:161,12,0,61
BRDA:176,13,0,4
BRDA:189,14,0,62
BRDA:196,15,0,1
BRDA:199,16,0,1
BRDA:202,17,0,0
BRDA:205,18,0,0
BRDA:217,19,0,103
BRDA:222,20,0,85
BRDA:223,21,0,18
BRDA:223,22,0,16
BRDA:223,23,0,2
BRDA:225,24,0,85
BRDA:226,25,0,18
BRDA:226,26,0,16
BRDA:226,27,0,2
BRDA:228,28,0,100
BRDA:228,29,0,93
BRDA:233,30,0,100
BRDA:233,31,0,94
BRDA:239,32,0,35
BRDA:255,33,0,45
BRDA:260,34,0,38
BRDA:261,35,0,7
BRDA:261,36,0,6
BRDA:261,37,0,1
BRDA:263,38,0,38
BRDA:264,39,0,7
BRDA:264,40,0,6
BRDA:264,41,0,1
BRDA:269,42,0,8
BRDA:271,43,0,34
BRDA:271,44,0,5
BRDA:273,45,0,42
BRDA:276,46,0,6
BRDA:278,47,0,36
BRDA:281,48,0,7
BRDA:284,49,0,4
BRDA:287,50,0,42
BRDA:289,51,0,23
BRDA:292,52,0,19
BRDA:304,53,0,29
BRDA:309,54,0,25
BRDA:310,55,0,4
BRDA:310,56,0,0
BRDA:312,57,0,25
BRDA:313,58,0,4
BRDA:313,59,0,0
BRDA:318,60,0,28
BRDA:318,61,0,5
BRDA:320,62,0,21
BRDA:320,63,0,8
BRDA:322,64,0,26
BRDA:325,65,0,28
BRDA:325,66,0,9
BRDA:327,67,0,17
BRDA:330,68,0,5
BRDA:333,69,0,2
BRDA:336,70,0,26
BRDA:349,71,0,6
BRDA:354,72,0,5
BRDA:354,73,0,1
BRDA:355,74,0,5
BRDA:355,75,0,1
BRDA:357,76,0,0
BRDA:358,77,0,0
BRDA:360,78,0,3
BRDA:364,79,0,0
BRDA:369,80,0,5
BRDA:369,81,0,3
BRDA:372,82,0,2
BRDA:375,83,0,1
BRDA:378,84,0,3
BRDA:408,85,0,433
BRDA:418,86,0,96
BRDA:420,87,0,94
BRDA:421,88,0,2
BRDA:423,89,0,94
BRDA:424,90,0,2
BRDA:434,91,0,94
BRDA:437,92,0,2
BRDA:437,93,0,92
BRDA:438,94,0,59
BRF:95
BRH:87
end_of_record
TN:
SF:js/status-helper.js
FN:12,showTemporaryStatus
FNF:1
FNH:1
FNDA:1,showTemporaryStatus
DA:1,1
DA:3,1
DA:4,1
DA:5,1
DA:6,1
DA:7,1
DA:8,1
DA:9,1
DA:10,1
DA:11,1
DA:12,1
DA:13,1
DA:14,1
DA:15,1
DA:16,1
DA:17,1
DA:18,1
DA:19,1
DA:21,1
DA:22,1
DA:23,1
DA:24,1
DA:25,1
DA:27,1
DA:29,1
DA:30,1
DA:31,0
DA:32,0
DA:33,0
DA:35,1
DA:36,1
DA:37,1
DA:38,0
DA:39,0
DA:40,0
DA:41,0
DA:42,0
DA:43,0
DA:44,1
DA:45,1
DA:46,1
LF:41
LH:32
BRDA:12,0,0,1
BRDA:30,1,0,0
BRF:2
BRH:1
end_of_record
TN:
SF:js/ui.js
FN:45,UI
FN:79,init
FN:103,setupEventListeners
FN:182,setupEventBusListeners
FN:352,loadTheme
FN:369,applyTheme
FN:401,checkBrowserSupport
FN:411,checkRecordingPrerequisites
FN:436,enableMicrophoneAfterFix
FN:454,setStatus
FN:474,setStatusHTML
FN:485,showError
FN:496,displayTranscription
FN:511,updateTimer
FN:523,showSpinner
FN:535,hideSpinner
FN:546,setRecordingState
FN:562,setPauseState
FN:575,resetControlsAfterRecording
FN:590,enableMicButton
FN:605,disableMicButton
FN:612,openSettingsModal
FN:619,clearVisualization
FN:629,stopVisualization
FNF:24
FNH:13
FNDA:52,UI
FNDA:0,init
FNDA:0,setupEventListeners
FNDA:52,setupEventBusListeners
FNDA:0,loadTheme
FNDA:0,applyTheme
FNDA:0,checkBrowserSupport
FNDA:0,checkRecordingPrerequisites
FNDA:0,enableMicrophoneAfterFix
FNDA:10,setStatus
FNDA:0,setStatusHTML
FNDA:0,showError
FNDA:2,displayTranscription
FNDA:14,updateTimer
FNDA:5,showSpinner
FNDA:12,hideSpinner
FNDA:15,setRecordingState
FNDA:16,setPauseState
FNDA:8,resetControlsAfterRecording
FNDA:10,enableMicButton
FNDA:5,disableMicButton
FNDA:0,openSettingsModal
FNDA:5,clearVisualization
FNDA:0,stopVisualization
DA:1,1
DA:2,1
DA:3,1
DA:4,1
DA:5,1
DA:6,1
DA:7,1
DA:8,1
DA:9,1
DA:10,1
DA:11,1
DA:13,1
DA:14,1
DA:15,1
DA:16,1
DA:17,1
DA:19,1
DA:20,1
DA:21,1
DA:22,1
DA:23,1
DA:24,1
DA:25,1
DA:26,1
DA:27,1
DA:28,1
DA:29,1
DA:30,1
DA:31,1
DA:32,1
DA:33,1
DA:34,1
DA:35,1
DA:36,1
DA:37,1
DA:38,1
DA:39,1
DA:40,1
DA:41,1
DA:42,1
DA:43,1
DA:44,1
DA:45,1
DA:46,52
DA:47,52
DA:48,52
DA:49,52
DA:50,52
DA:51,52
DA:52,52
DA:53,52
DA:54,52
DA:55,52
DA:56,52
DA:57,52
DA:58,52
DA:59,52
DA:60,52
DA:61,52
DA:62,52
DA:63,52
DA:64,52
DA:65,52
DA:66,52
DA:67,52
DA:68,52
DA:69,52
DA:70,1
DA:71,1
DA:72,1
DA:73,1
DA:74,1
DA:75,1
DA:76,1
DA:77,1
DA:78,1
DA:79,1
DA:80,0
DA:81,0
DA:82,0
DA:83,0
DA:84,0
DA:85,0
DA:86,0
DA:87,0
DA:88,0
DA:89,0
DA:90,0
DA:91,0
DA:92,0
DA:93,0
DA:94,0
DA:95,0
DA:96,1
DA:97,1
DA:98,1
DA:99,1
DA:100,1
DA:101,1
DA:102,1
DA:103,1
DA:104,0
DA:105,0
DA:106,0
DA:107,0
DA:108,0
DA:109,0
DA:110,0
DA:111,0
DA:112,0
DA:113,0
DA:114,0
DA:115,0
DA:116,0
DA:117,0
DA:118,0
DA:119,0
DA:120,0
DA:121,0
DA:122,0
DA:123,0
DA:124,0
DA:125,0
DA:126,0
DA:127,0
DA:128,0
DA:129,0
DA:130,0
DA:131,0
DA:132,0
DA:133,0
DA:134,0
DA:135,0
DA:136,0
DA:137,0
DA:138,0
DA:139,0
DA:140,0
DA:141,0
DA:142,0
DA:143,0
DA:144,0
DA:145,0
DA:146,0
DA:147,0
DA:148,0
DA:149,0
DA:150,0
DA:151,0
DA:152,0
DA:153,0
DA:154,0
DA:155,0
DA:156,0
DA:157,0
DA:158,0
DA:159,0
DA:160,0
DA:161,0
DA:162,0
DA:163,0
DA:164,0
DA:165,0
DA:166,0
DA:167,0
DA:168,0
DA:169,0
DA:170,0
DA:171,0
DA:172,0
DA:173,0
DA:174,1
DA:175,1
DA:176,1
DA:177,1
DA:178,1
DA:179,1
DA:180,1
DA:181,1
DA:182,1
DA:183,52
DA:184,52
DA:185,4
DA:186,2
DA:187,2
DA:188,2
DA:189,2
DA:190,2
DA:191,2
DA:192,2
DA:193,2
DA:194,2
DA:195,2
DA:196,52
DA:197,52
DA:198,52
DA:199,52
DA:200,10
DA:201,10
DA:202,10
DA:203,10
DA:204,10
DA:205,10
DA:206,10
DA:207,3
DA:208,3
DA:209,3
DA:210,3
DA:211,10
DA:212,0
DA:213,0
DA:214,10
DA:215,2
DA:216,2
DA:217,2
DA:218,2
DA:219,10
DA:220,1
DA:221,1
DA:222,10
DA:223,0
DA:224,0
DA:225,0
DA:226,0
DA:227,0
DA:228,0
DA:229,10
DA:230,2
DA:231,2
DA:232,2
DA:233,10
DA:234,0
DA:235,0
DA:236,10
DA:237,2
DA:238,2
DA:239,2
DA:240,2
DA:241,10
DA:242,52
DA:243,52
DA:244,52
DA:245,52
DA:246,2
DA:247,2
DA:248,52
DA:249,52
DA:250,52
DA:251,52
DA:252,2
DA:253,52
DA:254,52
DA:255,52
DA:256,0
DA:257,0
DA:258,52
DA:259,52
DA:260,52
DA:261,52
DA:262,0
DA:263,52
DA:264,52
DA:265,52
DA:266,0
DA:267,52
DA:268,52
DA:269,52
DA:270,52
DA:271,0
DA:272,52
DA:273,52
DA:274,52
DA:275,0
DA:276,0
DA:277,52
DA:278,52
DA:279,52
DA:280,52
DA:281,0
DA:282,52
DA:284,52
DA:285,52
DA:286,15
DA:287,15
DA:288,0
DA:289,0
DA:290,0
DA:291,15
DA:292,15
DA:293,15
DA:294,15
DA:295,15
DA:296,15
DA:297,13
DA:298,13
DA:299,13
DA:300,15
DA:301,5
DA:302,5
DA:303,5
DA:304,52
DA:306,52
DA:307,17
DA:308,10
DA:309,10
DA:310,10
DA:311,16
DA:312,52
DA:314,52
DA:315,52
DA:316,3
DA:317,52
DA:319,52
DA:320,3
DA:321,52
DA:323,52
DA:324,3
DA:325,52
DA:327,52
DA:328,3
DA:329,52
DA:331,52
DA:332,5
DA:333,52
DA:335,52
DA:336,5
DA:337,52
DA:339,52
DA:340,3
DA:341,52
DA:343,52
DA:344,3
DA:345,52
DA:347,52
DA:348,3
DA:349,52
DA:350,52
DA:351,1
DA:352,1
DA:353,0
DA:354,0
DA:355,0
DA:356,0
DA:357,0
DA:358,0
DA:359,0
DA:360,0
DA:361,0
DA:362,0
DA:363,0
DA:364,0
DA:365,0
DA:366,0
DA:367,0
DA:369,1
DA:370,0
DA:371,0
DA:372,0
DA:373,0
DA:374,0
DA:375,0
DA:376,0
DA:377,0
DA:378,0
DA:379,0
DA:380,0
DA:381,0
DA:382,0
DA:383,0
DA:384,0
DA:385,0
DA:386,0
DA:387,0
DA:388,0
DA:389,0
DA:390,0
DA:391,0
DA:392,0
DA:393,0
DA:394,0
DA:395,0
DA:396,0
DA:397,0
DA:398,0
DA:399,0
DA:400,1
DA:401,1
DA:402,0
DA:403,0
DA:404,0
DA:405,0
DA:406,0
DA:407,0
DA:408,0
DA:410,1
DA:411,1
DA:412,0
DA:413,0
DA:414,0
DA:415,0
DA:416,0
DA:417,0
DA:418,0
DA:419,0
DA:420,0
DA:421,0
DA:422,0
DA:423,0
DA:424,0
DA:425,0
DA:426,0
DA:427,0
DA:428,0
DA:429,0
DA:430,0
DA:431,0
DA:432,0
DA:433,0
DA:435,1
DA:436,1
DA:437,0
DA:438,0
DA:439,0
DA:440,0
DA:441,0
DA:442,1
DA:443,1
DA:444,1
DA:445,1
DA:446,1
DA:447,1
DA:448,1
DA:449,1
DA:450,1
DA:451,1
DA:452,1
DA:453,1
DA:454,1
DA:455,10
DA:456,1
DA:457,1
DA:458,1
DA:460,10
DA:461,10
DA:462,10
DA:463,1
DA:464,1
DA:465,1
DA:466,1
DA:467,1
DA:468,1
DA:469,1
DA:470,1
DA:471,1
DA:472,1
DA:473,1
DA:474,1
DA:475,0
DA:476,0
DA:477,1
DA:478,1
DA:479,1
DA:480,1
DA:481,1
DA:482,1
DA:483,1
DA:484,1
DA:485,1
DA:486,0
DA:487,0
DA:488,1
DA:489,1
DA:490,1
DA:491,1
DA:492,1
DA:493,1
DA:494,1
DA:495,1
DA:496,1
DA:497,2
DA:498,0
DA:499,2
DA:500,2
DA:501,2
DA:502,2
DA:503,2
DA:504,2
DA:505,2
DA:506,2
DA:507,2
DA:508,2
DA:509,2
DA:510,1
DA:511,1
DA:512,14
DA:513,14
DA:514,1
DA:515,1
DA:516,1
DA:517,1
DA:518,1
DA:519,1
DA:520,1
DA:521,1
DA:522,1
DA:523,1
DA:524,5
DA:525,5
DA:526,1
DA:527,1
DA:528,1
DA:529,1
DA:530,1
DA:531,1
DA:532,1
DA:533,1
DA:534,1
DA:535,1
DA:536,12
DA:537,12
DA:538,1
DA:539,1
DA:540,1
DA:541,1
DA:542,1
DA:543,1
DA:544,1
DA:545,1
DA:546,1
DA:547,15
DA:548,4
DA:549,4
DA:550,15
DA:551,11
DA:552,11
DA:553,15
DA:554,1
DA:555,1
DA:556,1
DA:557,1
DA:558,1
DA:559,1
DA:560,1
DA:561,1
DA:562,1
DA:563,16
DA:564,3
DA:565,3
DA:566,3
DA:567,3
DA:568,16
DA:569,13
DA:570,13
DA:571,13
DA:572,13
DA:573,16
DA:574,1
DA:575,1
DA:576,8
DA:577,8
DA:578,8
DA:579,8
DA:580,1
DA:581,1
DA:582,1
DA:583,1
DA:584,1
DA:585,1
DA:586,1
DA:587,1
DA:588,1
DA:589,1
DA:590,1
DA:591,10
DA:592,10
DA:593,10
DA:594,10
DA:595,1
DA:596,1
DA:597,1
DA:598,1
DA:599,1
DA:600,1
DA:601,1
DA:602,1
DA:603,1
DA:604,1
DA:605,1
DA:606,5
DA:607,5
DA:608,5
DA:609,5
DA:610,1
DA:611,1
DA:612,1
DA:613,0
DA:614,0
DA:615,0
DA:616,0
DA:617,1
DA:618,1
DA:619,1
DA:620,5
DA:621,5
DA:622,5
DA:623,5
DA:624,5
DA:625,5
DA:626,5
DA:628,1
DA:629,1
DA:630,0
DA:631,0
DA:632,0
DA:633,0
DA:634,0
DA:635,0
DA:636,1
LF:618
LH:417
BRDA:45,0,0,52
BRDA:182,1,0,52
BRDA:184,2,0,4
BRDA:185,3,0,2
BRDA:189,4,0,0
BRDA:190,5,0,0
BRDA:191,6,0,0
BRDA:199,7,0,10
BRDA:206,8,0,3
BRDA:211,9,0,0
BRDA:214,10,0,2
BRDA:219,11,0,1
BRDA:222,12,0,0
BRDA:229,13,0,2
BRDA:233,14,0,0
BRDA:236,15,0,2
BRDA:245,16,0,2
BRDA:251,17,0,2
BRDA:285,18,0,15
BRDA:287,19,0,0
BRDA:296,20,0,13
BRDA:300,21,0,5
BRDA:306,22,0,17
BRDA:307,23,0,10
BRDA:310,24,0,16
BRDA:315,25,0,3
BRDA:319,26,0,3
BRDA:323,27,0,3
BRDA:327,28,0,3
BRDA:331,29,0,5
BRDA:335,30,0,5
BRDA:339,31,0,3
BRDA:343,32,0,3
BRDA:347,33,0,3
BRDA:454,34,0,10
BRDA:455,35,0,1
BRDA:496,36,0,2
BRDA:497,37,0,0
BRDA:500,38,0,0
BRDA:511,39,0,14
BRDA:523,40,0,5
BRDA:535,41,0,12
BRDA:546,42,0,15
BRDA:547,43,0,4
BRDA:550,44,0,11
BRDA:562,45,0,16
BRDA:563,46,0,3
BRDA:568,47,0,13
BRDA:575,48,0,8
BRDA:590,49,0,10
BRDA:605,50,0,5
BRDA:619,51,0,5
BRDA:623,52,0,0
BRF:53
BRH:43
end_of_record
TN:
SF:js/visualization.js
FN:16,VisualizationController
FN:39,updateCanvasSize
FN:49,start
FN:73,stop
FNF:4
FNH:2
FNDA:5,VisualizationController
FNDA:5,updateCanvasSize
FNDA:0,start
FNDA:0,stop
DA:1,1
DA:2,1
DA:4,1
DA:5,1
DA:6,1
DA:7,1
DA:8,1
DA:9,1
DA:10,1
DA:11,1
DA:12,1
DA:13,1
DA:14,1
DA:15,1
DA:16,1
DA:17,5
DA:18,5
DA:19,5
DA:20,5
DA:21,5
DA:22,5
DA:23,5
DA:24,5
DA:25,5
DA:26,5
DA:27,5
DA:28,5
DA:29,5
DA:30,5
DA:31,5
DA:32,5
DA:34,1
DA:35,1
DA:36,1
DA:37,1
DA:38,1
DA:39,1
DA:40,5
DA:41,5
DA:42,5
DA:44,1
DA:45,1
DA:46,1
DA:47,1
DA:48,1
DA:49,1
DA:50,0
DA:51,0
DA:52,0
DA:53,0
DA:54,0
DA:55,0
DA:56,0
DA:57,0
DA:58,0
DA:59,0
DA:60,0
DA:61,0
DA:62,0
DA:63,0
DA:64,0
DA:65,0
DA:66,0
DA:68,1
DA:69,1
DA:70,1
DA:71,1
DA:72,1
DA:73,1
DA:74,0
DA:75,0
DA:76,0
DA:77,0
DA:78,0
DA:79,0
DA:80,0
DA:81,0
DA:82,0
DA:83,0
DA:84,0
DA:85,0
DA:86,0
DA:87,0
DA:88,1
LF:84
LH:53
BRDA:16,0,0,5
BRDA:21,1,0,0
BRDA:39,2,0,5
BRF:3
BRH:2
end_of_record
