TN:
SF:js/api-client.js
FN:42,(anonymous_0)
FN:75,(anonymous_1)
FN:174,(anonymous_2)
FN:183,(anonymous_3)
FN:213,(anonymous_4)
FNF:5
FNH:0
FNDA:0,(anonymous_0)
FNDA:0,(anonymous_1)
FNDA:0,(anonymous_2)
FNDA:0,(anonymous_3)
FNDA:0,(anonymous_4)
DA:43,0
DA:76,0
DA:78,0
DA:79,0
DA:82,0
DA:83,0
DA:84,0
DA:85,0
DA:89,0
DA:90,0
DA:91,0
DA:94,0
DA:95,0
DA:99,0
DA:100,0
DA:103,0
DA:108,0
DA:114,0
DA:115,0
DA:116,0
DA:117,0
DA:118,0
DA:120,0
DA:126,0
DA:129,0
DA:130,0
DA:133,0
DA:135,0
DA:140,0
DA:143,0
DA:144,0
DA:146,0
DA:150,0
DA:176,0
DA:177,0
DA:181,0
DA:183,0
DA:184,0
DA:186,0
DA:189,0
DA:214,0
DA:216,0
DA:217,0
DA:218,0
DA:219,0
DA:222,0
DA:223,0
DA:224,0
DA:225,0
DA:229,0
DA:230,0
DA:232,0
DA:233,0
DA:234,0
DA:237,0
LF:55
LH:0
BRDA:78,0,0,0
BRDA:78,0,1,0
BRDA:78,1,0,0
BRDA:78,1,1,0
BRDA:84,2,0,0
BRDA:84,2,1,0
BRDA:89,3,0,0
BRDA:89,3,1,0
BRDA:95,4,0,0
BRDA:95,4,1,0
BRDA:99,5,0,0
BRDA:99,5,1,0
BRDA:114,6,0,0
BRDA:114,6,1,0
BRDA:129,7,0,0
BRDA:129,7,1,0
BRDA:130,8,0,0
BRDA:130,8,1,0
BRDA:176,9,0,0
BRDA:176,9,1,0
BRDA:181,10,0,0
BRDA:181,10,1,0
BRDA:181,11,0,0
BRDA:181,11,1,0
BRDA:184,12,0,0
BRDA:184,12,1,0
BRDA:216,13,0,0
BRDA:216,13,1,0
BRDA:222,14,0,0
BRDA:222,14,1,0
BRF:30
BRH:0
end_of_record
TN:
SF:js/audio-handler.js
FN:59,(anonymous_0)
FN:82,(anonymous_1)
FN:84,(anonymous_2)
FN:89,(anonymous_3)
FN:101,(anonymous_4)
FN:103,(anonymous_5)
FN:106,(anonymous_6)
FN:109,(anonymous_7)
FN:128,(anonymous_8)
FN:148,(anonymous_9)
FN:188,(anonymous_10)
FN:194,(anonymous_11)
FN:208,(anonymous_12)
FN:220,(anonymous_13)
FN:224,(anonymous_14)
FN:229,(anonymous_15)
FN:249,(anonymous_16)
FN:255,(anonymous_17)
FN:261,(anonymous_18)
FN:266,(anonymous_19)
FN:269,(anonymous_20)
FN:284,(anonymous_21)
FN:295,(anonymous_22)
FN:302,(anonymous_23)
FN:306,(anonymous_24)
FN:315,(anonymous_25)
FN:317,(anonymous_26)
FN:354,(anonymous_27)
FN:355,(anonymous_28)
FN:366,(anonymous_29)
FN:371,(anonymous_30)
FNF:31
FNH:0
FNDA:0,(anonymous_0)
FNDA:0,(anonymous_1)
FNDA:0,(anonymous_2)
FNDA:0,(anonymous_3)
FNDA:0,(anonymous_4)
FNDA:0,(anonymous_5)
FNDA:0,(anonymous_6)
FNDA:0,(anonymous_7)
FNDA:0,(anonymous_8)
FNDA:0,(anonymous_9)
FNDA:0,(anonymous_10)
FNDA:0,(anonymous_11)
FNDA:0,(anonymous_12)
FNDA:0,(anonymous_13)
FNDA:0,(anonymous_14)
FNDA:0,(anonymous_15)
FNDA:0,(anonymous_16)
FNDA:0,(anonymous_17)
FNDA:0,(anonymous_18)
FNDA:0,(anonymous_19)
FNDA:0,(anonymous_20)
FNDA:0,(anonymous_21)
FNDA:0,(anonymous_22)
FNDA:0,(anonymous_23)
FNDA:0,(anonymous_24)
FNDA:0,(anonymous_25)
FNDA:0,(anonymous_26)
FNDA:0,(anonymous_27)
FNDA:0,(anonymous_28)
FNDA:0,(anonymous_29)
FNDA:0,(anonymous_30)
DA:60,0
DA:61,0
DA:62,0
DA:65,0
DA:66,0
DA:67,0
DA:68,0
DA:69,0
DA:72,0
DA:73,0
DA:76,0
DA:78,0
DA:79,0
DA:84,0
DA:85,0
DA:89,0
DA:90,0
DA:91,0
DA:94,0
DA:95,0
DA:96,0
DA:103,0
DA:106,0
DA:109,0
DA:129,0
DA:130,0
DA:131,0
DA:132,0
DA:149,0
DA:151,0
DA:154,0
DA:155,0
DA:156,0
DA:160,0
DA:163,0
DA:164,0
DA:166,0
DA:167,0
DA:171,0
DA:172,0
DA:175,0
DA:176,0
DA:179,0
DA:183,0
DA:184,0
DA:188,0
DA:189,0
DA:195,0
DA:196,0
DA:199,0
DA:201,0
DA:202,0
DA:204,0
DA:209,0
DA:210,0
DA:213,0
DA:214,0
DA:220,0
DA:221,0
DA:224,0
DA:226,0
DA:228,0
DA:229,0
DA:230,0
DA:231,0
DA:232,0
DA:236,0
DA:237,0
DA:240,0
DA:243,0
DA:244,0
DA:246,0
DA:250,0
DA:251,0
DA:256,0
DA:257,0
DA:262,0
DA:263,0
DA:266,0
DA:269,0
DA:270,0
DA:271,0
DA:273,0
DA:274,0
DA:279,0
DA:280,0
DA:285,0
DA:286,0
DA:287,0
DA:288,0
DA:289,0
DA:290,0
DA:291,0
DA:296,0
DA:297,0
DA:298,0
DA:303,0
DA:305,0
DA:306,0
DA:309,0
DA:312,0
DA:316,0
DA:317,0
DA:318,0
DA:324,0
DA:328,0
DA:334,0
DA:337,0
DA:338,0
DA:340,0
DA:344,0
DA:350,0
DA:355,0
DA:356,0
DA:357,0
DA:358,0
DA:359,0
DA:360,0
DA:367,0
DA:368,0
DA:375,0
DA:376,0
DA:377,0
DA:380,0
DA:381,0
DA:382,0
DA:387,0
DA:388,0
DA:389,0
LF:129
LH:0
BRDA:90,0,0,0
BRDA:90,0,1,0
BRDA:90,1,0,0
BRDA:90,1,1,0
BRDA:129,2,0,0
BRDA:129,2,1,0
BRDA:131,3,0,0
BRDA:131,3,1,0
BRDA:154,4,0,0
BRDA:154,4,1,0
BRDA:164,5,0,0
BRDA:164,5,1,0
BRDA:183,6,0,0
BRDA:183,6,1,0
BRDA:183,7,0,0
BRDA:183,7,1,0
BRDA:183,7,2,0
BRDA:201,8,0,0
BRDA:201,8,1,0
BRDA:228,9,0,0
BRDA:228,9,1,0
BRDA:250,10,0,0
BRDA:250,10,1,0
BRDA:250,11,0,0
BRDA:250,11,1,0
BRDA:256,12,0,0
BRDA:256,12,1,0
BRDA:261,13,0,0
BRDA:262,14,0,0
BRDA:262,14,1,0
BRDA:263,15,0,0
BRDA:263,15,1,0
BRDA:263,16,0,0
BRDA:263,16,1,0
BRDA:270,17,0,0
BRDA:270,17,1,0
BRDA:270,18,0,0
BRDA:270,18,1,0
BRDA:279,19,0,0
BRDA:279,19,1,0
BRDA:279,20,0,0
BRDA:279,20,1,0
BRDA:279,20,2,0
BRDA:285,21,0,0
BRDA:285,21,1,0
BRDA:289,22,0,0
BRDA:289,22,1,0
BRDA:296,23,0,0
BRDA:296,23,1,0
BRF:49
BRH:0
end_of_record
TN:
SF:js/constants.js
FNF:0
FNH:0
DA:20,0
DA:41,0
DA:60,0
DA:88,0
DA:139,0
DA:147,0
DA:156,0
DA:173,0
DA:248,0
DA:280,0
DA:299,0
LF:11
LH:0
BRF:0
BRH:0
end_of_record
TN:
SF:js/event-bus.js
FN:34,(anonymous_0)
FN:47,(anonymous_1)
FN:62,(anonymous_2)
FN:65,(anonymous_3)
FN:74,(anonymous_4)
FN:83,(anonymous_5)
FN:87,(anonymous_6)
FN:104,(anonymous_7)
FN:126,(anonymous_8)
FN:145,(anonymous_9)
FN:157,(anonymous_10)
FN:165,(anonymous_11)
FN:173,(anonymous_12)
FNF:13
FNH:0
FNDA:0,(anonymous_0)
FNDA:0,(anonymous_1)
FNDA:0,(anonymous_2)
FNDA:0,(anonymous_3)
FNDA:0,(anonymous_4)
FNDA:0,(anonymous_5)
FNDA:0,(anonymous_6)
FNDA:0,(anonymous_7)
FNDA:0,(anonymous_8)
FNDA:0,(anonymous_9)
FNDA:0,(anonymous_10)
FNDA:0,(anonymous_11)
FNDA:0,(anonymous_12)
DA:35,0
DA:36,0
DA:37,0
DA:48,0
DA:49,0
DA:52,0
DA:58,0
DA:59,0
DA:62,0
DA:65,0
DA:75,0
DA:84,0
DA:86,0
DA:87,0
DA:89,0
DA:90,0
DA:94,0
DA:95,0
DA:105,0
DA:106,0
DA:107,0
DA:111,0
DA:118,0
DA:119,0
DA:122,0
DA:124,0
DA:126,0
DA:127,0
DA:128,0
DA:131,0
DA:132,0
DA:135,0
DA:136,0
DA:146,0
DA:147,0
DA:149,0
DA:158,0
DA:166,0
DA:174,0
DA:190,0
DA:242,0
LF:41
LH:0
BRDA:47,0,0,0
BRDA:48,1,0,0
BRDA:48,1,1,0
BRDA:54,2,0,0
BRDA:54,2,1,0
BRDA:55,3,0,0
BRDA:55,3,1,0
BRDA:84,4,0,0
BRDA:84,4,1,0
BRDA:89,5,0,0
BRDA:89,5,1,0
BRDA:94,6,0,0
BRDA:94,6,1,0
BRDA:104,7,0,0
BRDA:105,8,0,0
BRDA:105,8,1,0
BRDA:118,9,0,0
BRDA:118,9,1,0
BRDA:122,10,0,0
BRDA:122,10,1,0
BRDA:131,11,0,0
BRDA:131,11,1,0
BRDA:145,12,0,0
BRDA:146,13,0,0
BRDA:146,13,1,0
BRF:25
BRH:0
end_of_record
TN:
SF:js/logger.js
FN:45,detectEnvironment
FN:102,(anonymous_1)
FN:128,(anonymous_2)
FN:142,(anonymous_3)
FN:150,(anonymous_4)
FN:159,(anonymous_5)
FN:171,(anonymous_6)
FN:188,(anonymous_7)
FN:201,(anonymous_8)
FN:214,(anonymous_9)
FN:228,(anonymous_10)
FN:242,(anonymous_11)
FNF:12
FNH:0
FNDA:0,detectEnvironment
FNDA:0,(anonymous_1)
FNDA:0,(anonymous_2)
FNDA:0,(anonymous_3)
FNDA:0,(anonymous_4)
FNDA:0,(anonymous_5)
FNDA:0,(anonymous_6)
FNDA:0,(anonymous_7)
FNDA:0,(anonymous_8)
FNDA:0,(anonymous_9)
FNDA:0,(anonymous_10)
FNDA:0,(anonymous_11)
DA:16,0
DA:34,0
DA:47,0
DA:48,0
DA:52,0
DA:53,0
DA:54,0
DA:55,0
DA:60,0
DA:61,0
DA:62,0
DA:63,0
DA:68,0
DA:103,0
DA:104,0
DA:107,0
DA:108,0
DA:110,0
DA:114,0
DA:115,0
DA:116,0
DA:117,0
DA:129,0
DA:143,0
DA:151,0
DA:160,0
DA:172,0
DA:173,0
DA:174,0
DA:176,0
DA:178,0
DA:189,0
DA:190,0
DA:202,0
DA:203,0
DA:215,0
DA:216,0
DA:229,0
DA:230,0
DA:243,0
DA:244,0
DA:245,0
DA:246,0
DA:252,0
LF:44
LH:0
BRDA:47,0,0,0
BRDA:47,0,1,0
BRDA:47,1,0,0
BRDA:47,1,1,0
BRDA:47,1,2,0
BRDA:52,2,0,0
BRDA:52,2,1,0
BRDA:52,3,0,0
BRDA:52,3,1,0
BRDA:54,4,0,0
BRDA:54,4,1,0
BRDA:54,5,0,0
BRDA:54,5,1,0
BRDA:54,5,2,0
BRDA:60,6,0,0
BRDA:60,6,1,0
BRDA:60,7,0,0
BRDA:60,7,1,0
BRDA:60,7,2,0
BRDA:62,8,0,0
BRDA:62,8,1,0
BRDA:102,9,0,0
BRDA:103,10,0,0
BRDA:103,10,1,0
BRDA:104,11,0,0
BRDA:104,11,1,0
BRDA:107,12,0,0
BRDA:107,12,1,0
BRDA:110,13,0,0
BRDA:110,13,1,0
BRDA:174,14,0,0
BRDA:174,14,1,0
BRDA:189,15,0,0
BRDA:189,15,1,0
BRDA:202,16,0,0
BRDA:202,16,1,0
BRDA:215,17,0,0
BRDA:215,17,1,0
BRDA:229,18,0,0
BRDA:229,18,1,0
BRDA:243,19,0,0
BRDA:243,19,1,0
BRDA:244,20,0,0
BRDA:244,20,1,0
BRF:44
BRH:0
end_of_record
TN:
SF:js/permission-manager.js
FN:7,(anonymous_0)
FN:16,(anonymous_1)
FN:26,(anonymous_2)
FN:34,(anonymous_3)
FN:54,(anonymous_4)
FN:104,(anonymous_5)
FN:158,(anonymous_6)
FN:190,(anonymous_7)
FN:192,(anonymous_8)
FN:203,(anonymous_9)
FN:206,(anonymous_10)
FN:213,(anonymous_11)
FNF:12
FNH:0
FNDA:0,(anonymous_0)
FNDA:0,(anonymous_1)
FNDA:0,(anonymous_2)
FNDA:0,(anonymous_3)
FNDA:0,(anonymous_4)
FNDA:0,(anonymous_5)
FNDA:0,(anonymous_6)
FNDA:0,(anonymous_7)
FNDA:0,(anonymous_8)
FNDA:0,(anonymous_9)
FNDA:0,(anonymous_10)
FNDA:0,(anonymous_11)
DA:8,0
DA:9,0
DA:10,0
DA:17,0
DA:27,0
DA:29,0
DA:30,0
DA:31,0
DA:34,0
DA:35,0
DA:36,0
DA:39,0
DA:42,0
DA:43,0
DA:47,0
DA:55,0
DA:57,0
DA:58,0
DA:62,0
DA:65,0
DA:69,0
DA:70,0
DA:71,0
DA:74,0
DA:82,0
DA:85,0
DA:86,0
DA:92,0
DA:95,0
DA:105,0
DA:106,0
DA:108,0
DA:109,0
DA:111,0
DA:114,0
DA:115,0
DA:116,0
DA:120,0
DA:121,0
DA:125,0
DA:126,0
DA:130,0
DA:131,0
DA:134,0
DA:135,0
DA:138,0
DA:141,0
DA:146,0
DA:151,0
DA:159,0
DA:160,0
DA:162,0
DA:164,0
DA:166,0
DA:167,0
DA:170,0
DA:171,0
DA:175,0
DA:179,0
DA:183,0
DA:191,0
DA:192,0
DA:193,0
DA:195,0
DA:204,0
DA:206,0
DA:214,0
DA:216,0
DA:218,0
DA:219,0
DA:221,0
DA:222,0
DA:223,0
DA:224,0
DA:225,0
DA:226,0
DA:228,0
DA:231,0
DA:236,0
DA:240,0
LF:80
LH:0
BRDA:17,0,0,0
BRDA:17,0,1,0
BRDA:17,0,2,0
BRDA:29,1,0,0
BRDA:29,1,1,0
BRDA:57,2,0,0
BRDA:57,2,1,0
BRDA:111,3,0,0
BRDA:111,3,1,0
BRDA:111,3,2,0
BRDA:111,3,3,0
BRDA:111,3,4,0
BRDA:111,3,5,0
BRDA:111,3,6,0
BRDA:111,3,7,0
BRDA:111,3,8,0
BRDA:111,3,9,0
BRDA:164,4,0,0
BRDA:164,4,1,0
BRDA:164,4,2,0
BRDA:191,5,0,0
BRDA:191,5,1,0
BRDA:204,6,0,0
BRDA:204,6,1,0
BRDA:204,6,2,0
BRDA:216,7,0,0
BRDA:216,7,1,0
BRDA:221,8,0,0
BRDA:221,8,1,0
BRDA:221,9,0,0
BRDA:221,9,1,0
BRDA:223,10,0,0
BRDA:223,10,1,0
BRDA:225,11,0,0
BRDA:225,11,1,0
BRF:35
BRH:0
end_of_record
TN:
SF:js/recording-state-machine.js
FN:42,(anonymous_0)
FN:66,(anonymous_1)
FN:83,(anonymous_2)
FN:113,(anonymous_3)
FN:154,(anonymous_4)
FN:174,(anonymous_5)
FN:192,(anonymous_6)
FN:212,(anonymous_7)
FN:232,(anonymous_8)
FN:258,(anonymous_9)
FN:279,(anonymous_10)
FN:301,(anonymous_11)
FN:320,(anonymous_12)
FN:330,(anonymous_13)
FN:340,(anonymous_14)
FN:350,(anonymous_15)
FN:360,(anonymous_16)
FN:370,(anonymous_17)
FN:380,(anonymous_18)
FN:391,(anonymous_19)
FN:406,(anonymous_20)
FNF:21
FNH:0
FNDA:0,(anonymous_0)
FNDA:0,(anonymous_1)
FNDA:0,(anonymous_2)
FNDA:0,(anonymous_3)
FNDA:0,(anonymous_4)
FNDA:0,(anonymous_5)
FNDA:0,(anonymous_6)
FNDA:0,(anonymous_7)
FNDA:0,(anonymous_8)
FNDA:0,(anonymous_9)
FNDA:0,(anonymous_10)
FNDA:0,(anonymous_11)
FNDA:0,(anonymous_12)
FNDA:0,(anonymous_13)
FNDA:0,(anonymous_14)
FNDA:0,(anonymous_15)
FNDA:0,(anonymous_16)
FNDA:0,(anonymous_17)
FNDA:0,(anonymous_18)
FNDA:0,(anonymous_19)
FNDA:0,(anonymous_20)
DA:43,0
DA:44,0
DA:45,0
DA:48,0
DA:67,0
DA:84,0
DA:85,0
DA:114,0
DA:115,0
DA:116,0
DA:117,0
DA:120,0
DA:121,0
DA:124,0
DA:125,0
DA:128,0
DA:135,0
DA:136,0
DA:137,0
DA:140,0
DA:155,0
DA:160,0
DA:161,0
DA:162,0
DA:175,0
DA:179,0
DA:193,0
DA:194,0
DA:198,0
DA:199,0
DA:213,0
DA:214,0
DA:218,0
DA:233,0
DA:234,0
DA:239,0
DA:242,0
DA:259,0
DA:260,0
DA:265,0
DA:266,0
DA:280,0
DA:281,0
DA:285,0
DA:286,0
DA:302,0
DA:303,0
DA:304,0
DA:308,0
DA:309,0
DA:321,0
DA:331,0
DA:341,0
DA:351,0
DA:361,0
DA:371,0
DA:381,0
DA:392,0
DA:407,0
LF:59
LH:0
BRDA:84,0,0,0
BRDA:84,0,1,0
BRDA:113,1,0,0
BRDA:114,2,0,0
BRDA:114,2,1,0
BRDA:136,3,0,0
BRDA:136,3,1,0
BRDA:302,4,0,0
BRDA:302,4,1,0
BRF:9
BRH:0
end_of_record
TN:
SF:js/settings.js
FN:43,(anonymous_0)
FN:63,(anonymous_1)
FN:77,(anonymous_2)
FN:92,(anonymous_3)
FN:94,(anonymous_4)
FN:111,(anonymous_5)
FN:116,(anonymous_6)
FN:120,(anonymous_7)
FN:127,(anonymous_8)
FN:132,(anonymous_9)
FN:156,(anonymous_10)
FN:170,(anonymous_11)
FN:183,(anonymous_12)
FN:196,(anonymous_13)
FN:262,(anonymous_14)
FN:284,(anonymous_15)
FN:300,(anonymous_16)
FN:304,(anonymous_17)
FNF:18
FNH:0
FNDA:0,(anonymous_0)
FNDA:0,(anonymous_1)
FNDA:0,(anonymous_2)
FNDA:0,(anonymous_3)
FNDA:0,(anonymous_4)
FNDA:0,(anonymous_5)
FNDA:0,(anonymous_6)
FNDA:0,(anonymous_7)
FNDA:0,(anonymous_8)
FNDA:0,(anonymous_9)
FNDA:0,(anonymous_10)
FNDA:0,(anonymous_11)
FNDA:0,(anonymous_12)
FNDA:0,(anonymous_13)
FNDA:0,(anonymous_14)
FNDA:0,(anonymous_15)
FNDA:0,(anonymous_16)
FNDA:0,(anonymous_17)
DA:44,0
DA:45,0
DA:46,0
DA:47,0
DA:48,0
DA:51,0
DA:53,0
DA:64,0
DA:65,0
DA:66,0
DA:67,0
DA:78,0
DA:79,0
DA:94,0
DA:95,0
DA:96,0
DA:98,0
DA:99,0
DA:100,0
DA:101,0
DA:104,0
DA:111,0
DA:112,0
DA:116,0
DA:117,0
DA:120,0
DA:121,0
DA:122,0
DA:127,0
DA:128,0
DA:133,0
DA:134,0
DA:135,0
DA:137,0
DA:138,0
DA:139,0
DA:141,0
DA:142,0
DA:157,0
DA:158,0
DA:159,0
DA:161,0
DA:171,0
DA:173,0
DA:185,0
DA:186,0
DA:187,0
DA:188,0
DA:190,0
DA:191,0
DA:192,0
DA:193,0
DA:197,0
DA:200,0
DA:201,0
DA:202,0
DA:204,0
DA:205,0
DA:208,0
DA:209,0
DA:213,0
DA:218,0
DA:222,0
DA:223,0
DA:224,0
DA:226,0
DA:227,0
DA:230,0
DA:232,0
DA:239,0
DA:246,0
DA:263,0
DA:285,0
DA:286,0
DA:289,0
DA:293,0
DA:301,0
DA:303,0
DA:304,0
DA:305,0
DA:309,0
LF:81
LH:0
BRDA:78,0,0,0
BRDA:78,0,1,0
BRDA:96,1,0,0
BRDA:96,1,1,0
BRDA:121,2,0,0
BRDA:121,2,1,0
BRDA:137,3,0,0
BRDA:137,3,1,0
BRDA:190,4,0,0
BRDA:190,4,1,0
BRDA:191,5,0,0
BRDA:191,5,1,0
BRDA:192,6,0,0
BRDA:192,6,1,0
BRDA:193,7,0,0
BRDA:193,7,1,0
BRDA:200,8,0,0
BRDA:200,8,1,0
BRDA:208,9,0,0
BRDA:208,9,1,0
BRDA:208,10,0,0
BRDA:208,10,1,0
BRDA:222,11,0,0
BRDA:222,11,1,0
BRDA:286,12,0,0
BRDA:286,12,1,0
BRDA:289,13,0,0
BRDA:289,13,1,0
BRDA:303,14,0,0
BRDA:303,14,1,0
BRDA:303,15,0,0
BRDA:303,15,1,0
BRF:32
BRH:0
end_of_record
TN:
SF:js/status-helper.js
FN:3,showTemporaryStatus
FN:28,(anonymous_1)
FNF:2
FNH:0
FNDA:0,showTemporaryStatus
FNDA:0,(anonymous_1)
DA:10,0
DA:12,0
DA:18,0
DA:21,0
DA:22,0
DA:23,0
DA:26,0
DA:27,0
DA:28,0
DA:30,0
DA:31,0
DA:32,0
DA:34,0
LF:13
LH:0
BRDA:6,0,0,0
BRDA:7,1,0,0
BRDA:8,2,0,0
BRDA:18,3,0,0
BRDA:18,3,1,0
BRDA:21,4,0,0
BRDA:21,4,1,0
BRDA:26,5,0,0
BRDA:26,5,1,0
BRDA:30,6,0,0
BRDA:30,6,1,0
BRF:11
BRH:0
end_of_record
TN:
SF:js/ui.js
FN:46,(anonymous_0)
FN:81,(anonymous_1)
FN:120,(anonymous_2)
FN:122,(anonymous_3)
FN:137,(anonymous_4)
FN:182,(anonymous_5)
FN:188,(anonymous_6)
FN:193,(anonymous_7)
FN:197,(anonymous_8)
FN:202,(anonymous_9)
FN:206,(anonymous_10)
FN:212,(anonymous_11)
FN:217,(anonymous_12)
FN:238,(anonymous_13)
FN:247,(anonymous_14)
FN:251,(anonymous_15)
FN:255,(anonymous_16)
FN:259,(anonymous_17)
FN:263,(anonymous_18)
FN:267,(anonymous_19)
FN:271,(anonymous_20)
FN:275,(anonymous_21)
FN:279,(anonymous_22)
FN:284,(anonymous_23)
FN:293,(anonymous_24)
FN:301,(anonymous_25)
FN:333,(anonymous_26)
FN:343,(anonymous_27)
FN:368,(anonymous_28)
FN:375,(anonymous_29)
FN:378,(anonymous_30)
FN:403,(anonymous_31)
FN:412,(anonymous_32)
FN:416,(anonymous_33)
FN:424,(anonymous_34)
FN:458,(anonymous_35)
FN:478,(anonymous_36)
FN:493,(anonymous_37)
FN:508,(anonymous_38)
FN:520,(anonymous_39)
FN:532,(anonymous_40)
FN:547,(anonymous_41)
FN:567,(anonymous_42)
FN:580,(anonymous_43)
FN:595,(anonymous_44)
FN:610,(anonymous_45)
FN:617,(anonymous_46)
FN:624,(anonymous_47)
FN:634,(anonymous_48)
FNF:49
FNH:0
FNDA:0,(anonymous_0)
FNDA:0,(anonymous_1)
FNDA:0,(anonymous_2)
FNDA:0,(anonymous_3)
FNDA:0,(anonymous_4)
FNDA:0,(anonymous_5)
FNDA:0,(anonymous_6)
FNDA:0,(anonymous_7)
FNDA:0,(anonymous_8)
FNDA:0,(anonymous_9)
FNDA:0,(anonymous_10)
FNDA:0,(anonymous_11)
FNDA:0,(anonymous_12)
FNDA:0,(anonymous_13)
FNDA:0,(anonymous_14)
FNDA:0,(anonymous_15)
FNDA:0,(anonymous_16)
FNDA:0,(anonymous_17)
FNDA:0,(anonymous_18)
FNDA:0,(anonymous_19)
FNDA:0,(anonymous_20)
FNDA:0,(anonymous_21)
FNDA:0,(anonymous_22)
FNDA:0,(anonymous_23)
FNDA:0,(anonymous_24)
FNDA:0,(anonymous_25)
FNDA:0,(anonymous_26)
FNDA:0,(anonymous_27)
FNDA:0,(anonymous_28)
FNDA:0,(anonymous_29)
FNDA:0,(anonymous_30)
FNDA:0,(anonymous_31)
FNDA:0,(anonymous_32)
FNDA:0,(anonymous_33)
FNDA:0,(anonymous_34)
FNDA:0,(anonymous_35)
FNDA:0,(anonymous_36)
FNDA:0,(anonymous_37)
FNDA:0,(anonymous_38)
FNDA:0,(anonymous_39)
FNDA:0,(anonymous_40)
FNDA:0,(anonymous_41)
FNDA:0,(anonymous_42)
FNDA:0,(anonymous_43)
FNDA:0,(anonymous_44)
FNDA:0,(anonymous_45)
FNDA:0,(anonymous_46)
FNDA:0,(anonymous_47)
FNDA:0,(anonymous_48)
DA:48,0
DA:49,0
DA:50,0
DA:51,0
DA:52,0
DA:53,0
DA:54,0
DA:55,0
DA:56,0
DA:57,0
DA:58,0
DA:59,0
DA:60,0
DA:61,0
DA:63,0
DA:66,0
DA:67,0
DA:68,0
DA:69,0
DA:82,0
DA:83,0
DA:86,0
DA:89,0
DA:90,0
DA:93,0
DA:96,0
DA:122,0
DA:123,0
DA:124,0
DA:132,0
DA:137,0
DA:138,0
DA:139,0
DA:140,0
DA:143,0
DA:145,0
DA:146,0
DA:147,0
DA:148,0
DA:150,0
DA:151,0
DA:153,0
DA:154,0
DA:155,0
DA:156,0
DA:158,0
DA:159,0
DA:163,0
DA:164,0
DA:166,0
DA:168,0
DA:169,0
DA:170,0
DA:172,0
DA:173,0
DA:175,0
DA:176,0
DA:177,0
DA:182,0
DA:183,0
DA:184,0
DA:188,0
DA:189,0
DA:193,0
DA:194,0
DA:197,0
DA:198,0
DA:202,0
DA:203,0
DA:206,0
DA:207,0
DA:208,0
DA:212,0
DA:213,0
DA:217,0
DA:219,0
DA:220,0
DA:221,0
DA:225,0
DA:226,0
DA:227,0
DA:228,0
DA:229,0
DA:230,0
DA:233,0
DA:234,0
DA:238,0
DA:239,0
DA:240,0
DA:241,0
DA:243,0
DA:247,0
DA:248,0
DA:251,0
DA:252,0
DA:255,0
DA:256,0
DA:259,0
DA:260,0
DA:263,0
DA:264,0
DA:267,0
DA:268,0
DA:271,0
DA:272,0
DA:275,0
DA:276,0
DA:279,0
DA:280,0
DA:285,0
DA:286,0
DA:287,0
DA:289,0
DA:292,0
DA:293,0
DA:294,0
DA:295,0
DA:302,0
DA:303,0
DA:305,0
DA:306,0
DA:307,0
DA:308,0
DA:310,0
DA:313,0
DA:314,0
DA:315,0
DA:316,0
DA:318,0
DA:319,0
DA:320,0
DA:324,0
DA:325,0
DA:326,0
DA:327,0
DA:328,0
DA:334,0
DA:335,0
DA:336,0
DA:337,0
DA:339,0
DA:345,0
DA:346,0
DA:347,0
DA:351,0
DA:352,0
DA:353,0
DA:354,0
DA:355,0
DA:356,0
DA:360,0
DA:361,0
DA:362,0
DA:363,0
DA:364,0
DA:369,0
DA:370,0
DA:371,0
DA:377,0
DA:378,0
DA:379,0
DA:382,0
DA:383,0
DA:384,0
DA:385,0
DA:387,0
DA:390,0
DA:391,0
DA:392,0
DA:393,0
DA:396,0
DA:401,0
DA:402,0
DA:403,0
DA:404,0
DA:405,0
DA:406,0
DA:411,0
DA:412,0
DA:413,0
DA:414,0
DA:415,0
DA:417,0
DA:418,0
DA:425,0
DA:432,0
DA:459,0
DA:460,0
DA:461,0
DA:464,0
DA:465,0
DA:479,0
DA:494,0
DA:495,0
DA:497,0
DA:500,0
DA:501,0
DA:502,0
DA:505,0
DA:509,0
DA:521,0
DA:533,0
DA:548,0
DA:549,0
DA:550,0
DA:552,0
DA:568,0
DA:569,0
DA:570,0
DA:571,0
DA:572,0
DA:574,0
DA:575,0
DA:576,0
DA:581,0
DA:582,0
DA:583,0
DA:596,0
DA:597,0
DA:598,0
DA:611,0
DA:612,0
DA:613,0
DA:618,0
DA:619,0
DA:625,0
DA:626,0
DA:627,0
DA:628,0
DA:629,0
DA:635,0
DA:636,0
DA:637,0
DA:639,0
LF:234
LH:0
BRDA:123,0,0,0
BRDA:123,0,1,0
BRDA:127,1,0,0
BRDA:127,1,1,0
BRDA:128,2,0,0
BRDA:128,2,1,0
BRDA:129,3,0,0
BRDA:129,3,1,0
BRDA:143,4,0,0
BRDA:143,4,1,0
BRDA:143,4,2,0
BRDA:143,4,3,0
BRDA:143,4,4,0
BRDA:143,4,5,0
BRDA:143,4,6,0
BRDA:143,4,7,0
BRDA:163,5,0,0
BRDA:163,5,1,0
BRDA:219,6,0,0
BRDA:219,6,1,0
BRDA:228,7,0,0
BRDA:228,7,1,0
BRDA:228,8,0,0
BRDA:228,8,1,0
BRDA:239,9,0,0
BRDA:239,9,1,0
BRDA:285,10,0,0
BRDA:285,10,1,0
BRDA:287,11,0,0
BRDA:287,11,1,0
BRDA:292,12,0,0
BRDA:292,12,1,0
BRDA:294,13,0,0
BRDA:294,13,1,0
BRDA:302,14,0,0
BRDA:302,14,1,0
BRDA:305,15,0,0
BRDA:305,15,1,0
BRDA:307,16,0,0
BRDA:307,16,1,0
BRDA:310,17,0,0
BRDA:310,17,1,0
BRDA:313,18,0,0
BRDA:313,18,1,0
BRDA:315,19,0,0
BRDA:315,19,1,0
BRDA:316,20,0,0
BRDA:316,20,1,0
BRDA:319,21,0,0
BRDA:319,21,1,0
BRDA:320,22,0,0
BRDA:320,22,1,0
BRDA:324,23,0,0
BRDA:324,23,1,0
BRDA:326,24,0,0
BRDA:326,24,1,0
BRDA:327,25,0,0
BRDA:327,25,1,0
BRDA:334,26,0,0
BRDA:334,26,1,0
BRDA:345,27,0,0
BRDA:345,27,1,0
BRDA:352,28,0,0
BRDA:352,28,1,0
BRDA:352,29,0,0
BRDA:352,29,1,0
BRDA:369,30,0,0
BRDA:369,30,1,0
BRDA:377,31,0,0
BRDA:377,31,1,0
BRDA:379,32,0,0
BRDA:379,32,1,0
BRDA:382,33,0,0
BRDA:382,33,1,0
BRDA:383,34,0,0
BRDA:383,34,1,0
BRDA:384,35,0,0
BRDA:384,35,1,0
BRDA:392,36,0,0
BRDA:392,36,1,0
BRDA:402,37,0,0
BRDA:402,37,1,0
BRDA:411,38,0,0
BRDA:411,38,1,0
BRDA:414,39,0,0
BRDA:414,39,1,0
BRDA:459,40,0,0
BRDA:459,40,1,0
BRDA:494,41,0,0
BRDA:494,41,1,0
BRDA:495,42,0,0
BRDA:495,42,1,0
BRDA:497,43,0,0
BRDA:497,43,1,0
BRDA:548,44,0,0
BRDA:548,44,1,0
BRDA:568,45,0,0
BRDA:568,45,1,0
BRDA:618,46,0,0
BRDA:618,46,1,0
BRDA:625,47,0,0
BRDA:625,47,1,0
BRDA:628,48,0,0
BRDA:628,48,1,0
BRDA:635,49,0,0
BRDA:635,49,1,0
BRF:106
BRH:0
end_of_record
TN:
SF:js/visualization.js
FN:12,(anonymous_0)
FN:30,(anonymous_1)
FN:35,(anonymous_2)
FN:36,(anonymous_3)
FN:54,(anonymous_4)
FNF:5
FNH:0
FNDA:0,(anonymous_0)
FNDA:0,(anonymous_1)
FNDA:0,(anonymous_2)
FNDA:0,(anonymous_3)
FNDA:0,(anonymous_4)
DA:13,0
DA:14,0
DA:15,0
DA:16,0
DA:17,0
DA:18,0
DA:19,0
DA:20,0
DA:21,0
DA:22,0
DA:23,0
DA:24,0
DA:25,0
DA:26,0
DA:27,0
DA:31,0
DA:32,0
DA:36,0
DA:37,0
DA:38,0
DA:39,0
DA:40,0
DA:41,0
DA:42,0
DA:43,0
DA:44,0
DA:45,0
DA:46,0
DA:47,0
DA:48,0
DA:51,0
DA:55,0
DA:56,0
DA:58,0
DA:59,0
DA:60,0
DA:62,0
DA:63,0
DA:66,0
DA:67,0
LF:40
LH:0
BRDA:17,0,0,0
BRDA:17,0,1,0
BRDA:39,1,0,0
BRDA:39,1,1,0
BRDA:55,2,0,0
BRDA:55,2,1,0
BRDA:59,3,0,0
BRDA:59,3,1,0
BRDA:62,4,0,0
BRDA:62,4,1,0
BRDA:62,5,0,0
BRDA:62,5,1,0
BRDA:66,6,0,0
BRDA:66,6,1,0
BRF:14
BRH:0
end_of_record
